#
# A fatal error has been detected by the Java Runtime Environment:
#
#  EXCEPTION_ACCESS_VIOLATION (0xc0000005) at pc=0x00007ffa0a187e1e, pid=9288, tid=0x0000000000003b00
#
# JRE version: Java(TM) SE Runtime Environment (8.0_181-b13) (build 1.8.0_181-b13)
# Java VM: Java HotSpot(TM) 64-Bit Server VM (25.181-b13 mixed mode windows-amd64 compressed oops)
# Problematic frame:
# C  [ig9icd64.dll+0x187e1e]
#
# Failed to write core dump. Minidumps are not enabled by default on client versions of Windows
#
# If you would like to submit a bug report, please visit:
#   http://bugreport.java.com/bugreport/crash.jsp
# The crash happened outside the Java Virtual Machine in native code.
# See problematic frame for where to report the bug.
#

---------------  T H R E A D  ---------------

Current thread (0x000000001c3e5000):  JavaThread "J3D-Renderer-1" daemon [_thread_in_native, id=15104, stack(0x0000000025310000,0x0000000025410000)]

siginfo: ExceptionCode=0xc0000005, reading address 0x0000000000000008

Registers:
RAX=0x0000000000000000, RBX=0x00007ffa0a4e4270, RCX=0x0000000000b3a020, RDX=0x000000002307e240
RSP=0x000000002540dbf0, RBP=0x000000002540de80, RSI=0x000000002540de40, RDI=0x0000000000000000
R8 =0x0000000009770000, R9 =0x0000000000000000, R10=0x000000002540dfc0, R11=0x000000002540dd98
R12=0x0000000000000007, R13=0x0000000000000000, R14=0x000000002540e110, R15=0x000000002540dec0
RIP=0x00007ffa0a187e1e, EFLAGS=0x0000000000010246

Top of Stack: (sp=0x000000002540dbf0)
0x000000002540dbf0:   000000002307e240 00007ffa0a3a0463
0x000000002540dc00:   000000002334b7a0 000000002307e240
0x000000002540dc10:   0000000000000000 000000002540dd28
0x000000002540dc20:   0000000000000000 000000002540de80
0x000000002540dc30:   000000002540dc60 000000002540dca0
0x000000002540dc40:   000000002540dce8 000000002540dc70
0x000000002540dc50:   000000002540dd08 000000002540dc80
0x000000002540dc60:   00007ffa27e42900 000000002540e030
0x000000002540dc70:   0000000000b34410 00007ffa0a0366f0
0x000000002540dc80:   0000000023232350 00000000c0004c40
0x000000002540dc90:   0000000000000000 000000002249fb70
0x000000002540dca0:   0000000000000ec0 0000000000000000
0x000000002540dcb0:   c000454040000240 0000000000000000
0x000000002540dcc0:   000000002540dec0 000000002540dfc0
0x000000002540dcd0:   000000002334e510 000000002334e510
0x000000002540dce0:   0000000000000000 0000000023232350 

Instructions: (pc=0x00007ffa0a187e1e)
0x00007ffa0a187dfe:   48 85 c9 74 06 48 8b 41 20 eb 15 48 8b 80 98 00
0x00007ffa0a187e0e:   00 00 48 85 c0 74 06 48 8b 40 20 eb 03 48 8b c7
0x00007ffa0a187e1e:   48 8b 78 08 48 85 ff 0f 84 85 00 00 00 48 8b 07
0x00007ffa0a187e2e:   48 8b 98 58 01 00 00 48 8b cb ff 15 c2 e7 80 00 


Register to memory mapping:

RAX=0x0000000000000000 is an unknown value
RBX=0x00007ffa0a4e4270 is an unknown value
RCX=0x0000000000b3a020 is an unknown value
RDX=0x000000002307e240 is an unknown value
RSP=0x000000002540dbf0 is pointing into the stack for thread: 0x000000001c3e5000
RBP=0x000000002540de80 is pointing into the stack for thread: 0x000000001c3e5000
RSI=0x000000002540de40 is pointing into the stack for thread: 0x000000001c3e5000
RDI=0x0000000000000000 is an unknown value
R8 =0x0000000009770000 is an unknown value
R9 =0x0000000000000000 is an unknown value
R10=0x000000002540dfc0 is pointing into the stack for thread: 0x000000001c3e5000
R11=0x000000002540dd98 is pointing into the stack for thread: 0x000000001c3e5000
R12=0x0000000000000007 is an unknown value
R13=0x0000000000000000 is an unknown value
R14=0x000000002540e110 is pointing into the stack for thread: 0x000000001c3e5000
R15=0x000000002540dec0 is pointing into the stack for thread: 0x000000001c3e5000


Stack: [0x0000000025310000,0x0000000025410000],  sp=0x000000002540dbf0,  free space=1014k
Native frames: (J=compiled Java code, j=interpreted, Vv=VM code, C=native code)
C  [ig9icd64.dll+0x187e1e]
C  [ig9icd64.dll+0x49bc44]
C  [ig9icd64.dll+0x49fc77]
C  [ig9icd64.dll+0x392acf]
C  [ig9icd64.dll+0x34e4d5]
C  [ig9icd64.dll+0x147ee5]
C  [ig9icd64.dll+0x138b74]
C  [ig9icd64.dll+0x135636]
C  [opengl32.dll+0x29bfa]
C  [NahimicOSD.dll+0x1d9ff]
C  [NahimicOSD.dll+0x66584]
C  [NahimicOSD.dll+0x1daf1]
C  [NahimicOSD.dll+0x1ad7f]
C  [gdi32full.dll+0x6268e]
C  [nativewindow_win32.dll+0x2b6d]
C  0x000000000337dafb

Java frames: (J=compiled Java code, j=interpreted, Vv=VM code)
J 2476  jogamp.nativewindow.windows.GDI.SwapBuffers(J)Z (0 bytes) @ 0x000000000337da81 [0x000000000337da40+0x41]
J 2474 C1 jogamp.opengl.windows.wgl.WindowsWGLDrawable.swapBuffersImpl(Z)V (153 bytes) @ 0x000000000337d08c [0x000000000337ce00+0x28c]
J 2473 C1 jogamp.opengl.GLDrawableImpl.swapBuffers()V (138 bytes) @ 0x000000000337ba3c [0x000000000337b380+0x6bc]
J 2339 C1 org.jogamp.java3d.JoglPipeline.swapBuffers(Lorg/jogamp/java3d/Canvas3D;Lorg/jogamp/java3d/Context;Lorg/jogamp/java3d/Drawable;)V (15 bytes) @ 0x00000000032c358c [0x00000000032c32e0+0x2ac]
J 1909 C1 org.jogamp.java3d.Renderer.doWork(J)V (6524 bytes) @ 0x00000000031c04b4 [0x00000000031bf0c0+0x13f4]
j  org.jogamp.java3d.J3dThread.run()V+19
v  ~StubRoutines::call_stub

---------------  P R O C E S S  ---------------

Java Threads: ( => current thread )
  0x000000001c3ae000 JavaThread "J3D-InputDeviceScheduler-1" daemon [_thread_blocked, id=16076, stack(0x0000000043e50000,0x0000000043f50000)]
  0x000000001c3af800 JavaThread "J3D-SoundSchedulerUpdateThread-1" daemon [_thread_blocked, id=11972, stack(0x0000000043d50000,0x0000000043e50000)]
  0x000000001c3b2800 JavaThread "J3D-RenderStructureUpdateThread-1" daemon [_thread_blocked, id=16940, stack(0x0000000043c50000,0x0000000043d50000)]
  0x000000001c3b3000 JavaThread "J3D-BehaviorScheduler-1" daemon [_thread_blocked, id=2568, stack(0x0000000024fa0000,0x00000000250a0000)]
  0x000000001c3e4000 JavaThread "J3D-TransformStructureUpdateThread-1" daemon [_thread_blocked, id=9392, stack(0x0000000024ea0000,0x0000000024fa0000)]
  0x000000001c3eb000 JavaThread "J3D-RenderingEnvironmentStructureUpdateThread-1" daemon [_thread_blocked, id=2320, stack(0x0000000024da0000,0x0000000024ea0000)]
  0x000000001c3ea000 JavaThread "J3D-SoundStructureUpdateThread-1" daemon [_thread_blocked, id=13880, stack(0x0000000024ca0000,0x0000000024da0000)]
  0x000000001c3e7000 JavaThread "J3D-GeometryStructureUpdateThread-1" daemon [_thread_blocked, id=15636, stack(0x0000000024ba0000,0x0000000024ca0000)]
  0x000000001c3e9800 JavaThread "J3D-BehaviorStructureUpdateThread-1" daemon [_thread_blocked, id=10684, stack(0x0000000024aa0000,0x0000000024ba0000)]
  0x000000001c3e5800 JavaThread "DestroyJavaVM" [_thread_blocked, id=12888, stack(0x0000000002760000,0x0000000002860000)]
=>0x000000001c3e5000 JavaThread "J3D-Renderer-1" daemon [_thread_in_native, id=15104, stack(0x0000000025310000,0x0000000025410000)]
  0x000000001c3e8800 JavaThread "J3D-MasterControl-1" daemon [_thread_blocked, id=1252, stack(0x0000000025210000,0x0000000025310000)]
  0x000000001c3e8000 JavaThread "J3D-NotificationThread" daemon [_thread_blocked, id=10788, stack(0x0000000025110000,0x0000000025210000)]
  0x000000001ca99000 JavaThread "J3D-TimerThread" daemon [_thread_blocked, id=5632, stack(0x0000000024110000,0x0000000024210000)]
  0x000000001ca98000 JavaThread "J3D-RenderingAttributesStructureUpdateThread" daemon [_thread_blocked, id=4836, stack(0x0000000024010000,0x0000000024110000)]
  0x000000001af01800 JavaThread "AWT-EventQueue-0" [_thread_blocked, id=4148, stack(0x000000001bb70000,0x000000001bc70000)]
  0x000000001aab5800 JavaThread "AWT-Shutdown" [_thread_blocked, id=12404, stack(0x000000001b290000,0x000000001b390000)]
  0x000000001aab5000 JavaThread "Java2D Disposer" daemon [_thread_blocked, id=9524, stack(0x000000001b190000,0x000000001b290000)]
  0x0000000019b09000 JavaThread "Service Thread" daemon [_thread_blocked, id=2148, stack(0x000000001a650000,0x000000001a750000)]
  0x0000000019a61000 JavaThread "C1 CompilerThread3" daemon [_thread_blocked, id=1908, stack(0x000000001a550000,0x000000001a650000)]
  0x0000000019a56800 JavaThread "C2 CompilerThread2" daemon [_thread_blocked, id=7544, stack(0x000000001a450000,0x000000001a550000)]
  0x0000000019a50800 JavaThread "C2 CompilerThread1" daemon [_thread_blocked, id=11208, stack(0x000000001a350000,0x000000001a450000)]
  0x0000000019a4c000 JavaThread "C2 CompilerThread0" daemon [_thread_blocked, id=11620, stack(0x000000001a250000,0x000000001a350000)]
  0x0000000019a49000 JavaThread "Monitor Ctrl-Break" daemon [_thread_in_native, id=12212, stack(0x000000001a150000,0x000000001a250000)]
  0x0000000019984000 JavaThread "Attach Listener" daemon [_thread_blocked, id=15288, stack(0x000000001a050000,0x000000001a150000)]
  0x0000000019983000 JavaThread "Signal Dispatcher" daemon [_thread_blocked, id=16760, stack(0x0000000019f50000,0x000000001a050000)]
  0x0000000019970800 JavaThread "Finalizer" daemon [_thread_blocked, id=8640, stack(0x0000000019d50000,0x0000000019e50000)]
  0x0000000017a6d800 JavaThread "Reference Handler" daemon [_thread_blocked, id=12172, stack(0x0000000019850000,0x0000000019950000)]

Other Threads:
  0x0000000017a69800 VMThread [stack: 0x0000000019750000,0x0000000019850000] [id=17356]
  0x0000000019b67000 WatcherThread [stack: 0x000000001a750000,0x000000001a850000] [id=7296]

VM state:not at safepoint (normal execution)

VM Mutex/Monitor currently owned by a thread: None

Heap:
 PSYoungGen      total 314368K, used 98613K [0x00000000d5f80000, 0x00000000ece00000, 0x0000000100000000)
  eden space 282112K, 24% used [0x00000000d5f80000,0x00000000da312598,0x00000000e7300000)
  from space 32256K, 91% used [0x00000000eae80000,0x00000000ecb3b020,0x00000000ece00000)
  to   space 46592K, 0% used [0x00000000e7300000,0x00000000e7300000,0x00000000ea080000)
 ParOldGen       total 148480K, used 70088K [0x0000000081e00000, 0x000000008af00000, 0x00000000d5f80000)
  object space 148480K, 47% used [0x0000000081e00000,0x00000000862723b0,0x000000008af00000)
 Metaspace       used 23464K, capacity 23698K, committed 24140K, reserved 1071104K
  class space    used 2246K, capacity 2314K, committed 2380K, reserved 1048576K

Card table byte_map: [0x0000000011ec0000,0x00000000122c0000] byte_map_base: 0x0000000011ab1000

Marking Bits: (ParMarkBitMap*) 0x000000005f4b2d00
 Begin Bits: [0x0000000012d70000, 0x0000000014cf8000)
 End Bits:   [0x0000000014cf8000, 0x0000000016c80000)

Polling page: 0x00000000026c0000

CodeCache: size=245760Kb used=9300Kb max_used=9301Kb free=236459Kb
 bounds [0x0000000002b00000, 0x0000000003420000, 0x0000000011b00000]
 total_blobs=3251 nmethods=2327 adapters=836
 compilation: enabled

Compilation events (10 events):
Event: 17.414 Thread 0x0000000019a50800 2590       4       java.util.ArrayList$Itr::checkForComodification (23 bytes)
Event: 17.414 Thread 0x0000000019a61000 2591       3       java.util.logging.LogManager$LoggerContext::ensureDefaultLogger (70 bytes)
Event: 17.414 Thread 0x0000000019a50800 nmethod 2590 0x0000000003417410 code [0x0000000003417540, 0x00000000034175d8]
Event: 17.414 Thread 0x0000000019a61000 nmethod 2591 0x0000000003419410 code [0x00000000034195c0, 0x0000000003419e48]
Event: 17.414 Thread 0x0000000019a61000 2592  s    3       java.util.Hashtable::containsKey (65 bytes)
Event: 17.415 Thread 0x0000000019a61000 nmethod 2592 0x000000000341e010 code [0x000000000341e1a0, 0x000000000341e7d8]
Event: 17.423 Thread 0x0000000019a61000 2593       3       java.util.jar.Attributes$Name::equals (39 bytes)
Event: 17.424 Thread 0x0000000019a61000 nmethod 2593 0x0000000003418c90 code [0x0000000003418e20, 0x00000000034192c8]
Event: 17.424 Thread 0x0000000019a61000 2594       3       sun.misc.ASCIICaseInsensitiveComparator::compare (13 bytes)
Event: 17.424 Thread 0x0000000019a61000 nmethod 2594 0x000000000341da50 code [0x000000000341dbc0, 0x000000000341df28]

GC Heap History (10 events):
Event: 4.220 GC heap before
{Heap before GC invocations=10 (full 0):
 PSYoungGen      total 157696K, used 28534K [0x00000000d5f80000, 0x00000000e6680000, 0x0000000100000000)
  eden space 120320K, 3% used [0x00000000d5f80000,0x00000000d6341158,0x00000000dd500000)
  from space 37376K, 66% used [0x00000000dd500000,0x00000000ded1ca40,0x00000000df980000)
  to   space 38400K, 0% used [0x00000000e4100000,0x00000000e4100000,0x00000000e6680000)
 ParOldGen       total 87552K, used 49597K [0x0000000081e00000, 0x0000000087380000, 0x00000000d5f80000)
  object space 87552K, 56% used [0x0000000081e00000,0x0000000084e6f500,0x0000000087380000)
 Metaspace       used 21097K, capacity 21310K, committed 21628K, reserved 1069056K
  class space    used 2098K, capacity 2184K, committed 2252K, reserved 1048576K
Event: 4.226 GC heap after
Heap after GC invocations=10 (full 0):
 PSYoungGen      total 229888K, used 600K [0x00000000d5f80000, 0x00000000e6880000, 0x0000000100000000)
  eden space 191488K, 0% used [0x00000000d5f80000,0x00000000d5f80000,0x00000000e1a80000)
  from space 38400K, 1% used [0x00000000e4100000,0x00000000e4196310,0x00000000e6680000)
  to   space 39424K, 0% used [0x00000000e1a80000,0x00000000e1a80000,0x00000000e4100000)
 ParOldGen       total 87552K, used 73749K [0x0000000081e00000, 0x0000000087380000, 0x00000000d5f80000)
  object space 87552K, 84% used [0x0000000081e00000,0x0000000086605580,0x0000000087380000)
 Metaspace       used 21097K, capacity 21310K, committed 21628K, reserved 1069056K
  class space    used 2098K, capacity 2184K, committed 2252K, reserved 1048576K
}
Event: 4.226 GC heap before
{Heap before GC invocations=11 (full 1):
 PSYoungGen      total 229888K, used 600K [0x00000000d5f80000, 0x00000000e6880000, 0x0000000100000000)
  eden space 191488K, 0% used [0x00000000d5f80000,0x00000000d5f80000,0x00000000e1a80000)
  from space 38400K, 1% used [0x00000000e4100000,0x00000000e4196310,0x00000000e6680000)
  to   space 39424K, 0% used [0x00000000e1a80000,0x00000000e1a80000,0x00000000e4100000)
 ParOldGen       total 87552K, used 73749K [0x0000000081e00000, 0x0000000087380000, 0x00000000d5f80000)
  object space 87552K, 84% used [0x0000000081e00000,0x0000000086605580,0x0000000087380000)
 Metaspace       used 21097K, capacity 21310K, committed 21628K, reserved 1069056K
  class space    used 2098K, capacity 2184K, committed 2252K, reserved 1048576K
Event: 4.257 GC heap after
Heap after GC invocations=11 (full 1):
 PSYoungGen      total 229888K, used 0K [0x00000000d5f80000, 0x00000000e6880000, 0x0000000100000000)
  eden space 191488K, 0% used [0x00000000d5f80000,0x00000000d5f80000,0x00000000e1a80000)
  from space 38400K, 0% used [0x00000000e4100000,0x00000000e4100000,0x00000000e6680000)
  to   space 39424K, 0% used [0x00000000e1a80000,0x00000000e1a80000,0x00000000e4100000)
 ParOldGen       total 96256K, used 38041K [0x0000000081e00000, 0x0000000087c00000, 0x00000000d5f80000)
  object space 96256K, 39% used [0x0000000081e00000,0x0000000084326530,0x0000000087c00000)
 Metaspace       used 21097K, capacity 21310K, committed 21628K, reserved 1069056K
  class space    used 2098K, capacity 2184K, committed 2252K, reserved 1048576K
}
Event: 4.651 GC heap before
{Heap before GC invocations=12 (full 1):
 PSYoungGen      total 229888K, used 191481K [0x00000000d5f80000, 0x00000000e6880000, 0x0000000100000000)
  eden space 191488K, 99% used [0x00000000d5f80000,0x00000000e1a7e710,0x00000000e1a80000)
  from space 38400K, 0% used [0x00000000e4100000,0x00000000e4100000,0x00000000e6680000)
  to   space 39424K, 0% used [0x00000000e1a80000,0x00000000e1a80000,0x00000000e4100000)
 ParOldGen       total 96256K, used 38052K [0x0000000081e00000, 0x0000000087c00000, 0x00000000d5f80000)
  object space 96256K, 39% used [0x0000000081e00000,0x0000000084329240,0x0000000087c00000)
 Metaspace       used 21355K, capacity 21566K, committed 21884K, reserved 1069056K
  class space    used 2126K, capacity 2184K, committed 2252K, reserved 1048576K
Event: 4.679 GC heap after
Heap after GC invocations=12 (full 1):
 PSYoungGen      total 230912K, used 39145K [0x00000000d5f80000, 0x00000000edb00000, 0x0000000100000000)
  eden space 191488K, 0% used [0x00000000d5f80000,0x00000000d5f80000,0x00000000e1a80000)
  from space 39424K, 99% used [0x00000000e1a80000,0x00000000e40ba7a0,0x00000000e4100000)
  to   space 45568K, 0% used [0x00000000eae80000,0x00000000eae80000,0x00000000edb00000)
 ParOldGen       total 96256K, used 91452K [0x0000000081e00000, 0x0000000087c00000, 0x00000000d5f80000)
  object space 96256K, 95% used [0x0000000081e00000,0x000000008774f270,0x0000000087c00000)
 Metaspace       used 21355K, capacity 21566K, committed 21884K, reserved 1069056K
  class space    used 2126K, capacity 2184K, committed 2252K, reserved 1048576K
}
Event: 4.679 GC heap before
{Heap before GC invocations=13 (full 2):
 PSYoungGen      total 230912K, used 39145K [0x00000000d5f80000, 0x00000000edb00000, 0x0000000100000000)
  eden space 191488K, 0% used [0x00000000d5f80000,0x00000000d5f80000,0x00000000e1a80000)
  from space 39424K, 99% used [0x00000000e1a80000,0x00000000e40ba7a0,0x00000000e4100000)
  to   space 45568K, 0% used [0x00000000eae80000,0x00000000eae80000,0x00000000edb00000)
 ParOldGen       total 96256K, used 91452K [0x0000000081e00000, 0x0000000087c00000, 0x00000000d5f80000)
  object space 96256K, 95% used [0x0000000081e00000,0x000000008774f270,0x0000000087c00000)
 Metaspace       used 21355K, capacity 21566K, committed 21884K, reserved 1069056K
  class space    used 2126K, capacity 2184K, committed 2252K, reserved 1048576K
Event: 4.692 GC heap after
Heap after GC invocations=13 (full 2):
 PSYoungGen      total 230912K, used 0K [0x00000000d5f80000, 0x00000000edb00000, 0x0000000100000000)
  eden space 191488K, 0% used [0x00000000d5f80000,0x00000000d5f80000,0x00000000e1a80000)
  from space 39424K, 0% used [0x00000000e1a80000,0x00000000e1a80000,0x00000000e4100000)
  to   space 45568K, 0% used [0x00000000eae80000,0x00000000eae80000,0x00000000edb00000)
 ParOldGen       total 148480K, used 67128K [0x0000000081e00000, 0x000000008af00000, 0x00000000d5f80000)
  object space 148480K, 45% used [0x0000000081e00000,0x0000000085f8e2a8,0x000000008af00000)
 Metaspace       used 21355K, capacity 21566K, committed 21884K, reserved 1069056K
  class space    used 2126K, capacity 2184K, committed 2252K, reserved 1048576K
}
Event: 5.330 GC heap before
{Heap before GC invocations=14 (full 2):
 PSYoungGen      total 230912K, used 191488K [0x00000000d5f80000, 0x00000000edb00000, 0x0000000100000000)
  eden space 191488K, 100% used [0x00000000d5f80000,0x00000000e1a80000,0x00000000e1a80000)
  from space 39424K, 0% used [0x00000000e1a80000,0x00000000e1a80000,0x00000000e4100000)
  to   space 45568K, 0% used [0x00000000eae80000,0x00000000eae80000,0x00000000edb00000)
 ParOldGen       total 148480K, used 70088K [0x0000000081e00000, 0x000000008af00000, 0x00000000d5f80000)
  object space 148480K, 47% used [0x0000000081e00000,0x00000000862723b0,0x000000008af00000)
 Metaspace       used 21422K, capacity 21662K, committed 22140K, reserved 1069056K
  class space    used 2137K, capacity 2216K, committed 2252K, reserved 1048576K
Event: 5.355 GC heap after
Heap after GC invocations=14 (full 2):
 PSYoungGen      total 314368K, used 29420K [0x00000000d5f80000, 0x00000000ece00000, 0x0000000100000000)
  eden space 282112K, 0% used [0x00000000d5f80000,0x00000000d5f80000,0x00000000e7300000)
  from space 32256K, 91% used [0x00000000eae80000,0x00000000ecb3b020,0x00000000ece00000)
  to   space 46592K, 0% used [0x00000000e7300000,0x00000000e7300000,0x00000000ea080000)
 ParOldGen       total 148480K, used 70088K [0x0000000081e00000, 0x000000008af00000, 0x00000000d5f80000)
  object space 148480K, 47% used [0x0000000081e00000,0x00000000862723b0,0x000000008af00000)
 Metaspace       used 21422K, capacity 21662K, committed 22140K, reserved 1069056K
  class space    used 2137K, capacity 2216K, committed 2252K, reserved 1048576K
}

Deoptimization events (10 events):
Event: 5.579 Thread 0x000000001af01800 Uncommon trap: reason=class_check action=maybe_recompile pc=0x0000000002fdbf20 method=com.jogamp.gluegen.runtime.ProcAddressTable.setEntry(Ljava/lang/reflect/Field;Ljava/lang/String;Lcom/jogamp/common/os/DynamicLookupHelper;)V @ 30
Event: 5.579 Thread 0x000000001af01800 Uncommon trap: reason=class_check action=maybe_recompile pc=0x0000000002fe0a18 method=com.jogamp.common.os.DynamicLibraryBundle.dynamicLookupFunction(Ljava/lang/String;)J @ 80
Event: 5.579 Thread 0x000000001af01800 Uncommon trap: reason=class_check action=maybe_recompile pc=0x0000000002fda118 method=com.jogamp.common.os.DynamicLibraryBundle.toolDynamicLookupFunction(Ljava/lang/String;)J @ 18
Event: 5.920 Thread 0x000000001af01800 Uncommon trap: reason=unstable_if action=reinterpret pc=0x00000000030f0d5c method=java.io.BufferedInputStream.read([BII)I @ 31
Event: 9.006 Thread 0x000000001c3e5000 Uncommon trap: reason=class_check action=maybe_recompile pc=0x0000000002c344f8 method=com.jogamp.common.nio.Buffers.isDirect(Ljava/lang/Object;)Z @ 7
Event: 9.355 Thread 0x000000001c3b3000 Uncommon trap: reason=unstable_if action=reinterpret pc=0x00000000032b37f8 method=org.jogamp.java3d.Transform3D.almostEqual(DD)Z @ 9
Event: 16.863 Thread 0x000000001c3e8800 Uncommon trap: reason=array_check action=maybe_recompile pc=0x0000000003416ea4 method=org.jogamp.java3d.UnorderList.add(Ljava/lang/Object;)V @ 70
Event: 16.863 Thread 0x000000001c3e4000 Uncommon trap: reason=array_check action=maybe_recompile pc=0x0000000003416ea4 method=org.jogamp.java3d.UnorderList.add(Ljava/lang/Object;)V @ 70
Event: 16.863 Thread 0x000000001c3e9800 Uncommon trap: reason=array_check action=maybe_recompile pc=0x0000000003416ea4 method=org.jogamp.java3d.UnorderList.add(Ljava/lang/Object;)V @ 70
Event: 16.863 Thread 0x000000001c3b2800 Uncommon trap: reason=array_check action=maybe_recompile pc=0x0000000003416ea4 method=org.jogamp.java3d.UnorderList.add(Ljava/lang/Object;)V @ 70

Classes redefined (0 events):
No events

Internal exceptions (10 events):
Event: 7.008 Thread 0x000000001af01800 Exception <a 'java/lang/NullPointerException'> (0x00000000d835c498) thrown at [C:\re\workspace\8-2-build-windows-amd64-cygwin\jdk8u181\11358\hotspot\src\share\vm\interpreter\linkResolver.cpp, line 1287]
Event: 7.013 Thread 0x000000001af01800 Exception <a 'java/lang/NullPointerException'> (0x00000000d83668a8) thrown at [C:\re\workspace\8-2-build-windows-amd64-cygwin\jdk8u181\11358\hotspot\src\share\vm\interpreter\linkResolver.cpp, line 1287]
Event: 7.014 Thread 0x000000001af01800 Exception <a 'java/lang/NullPointerException'> (0x00000000d83694c0) thrown at [C:\re\workspace\8-2-build-windows-amd64-cygwin\jdk8u181\11358\hotspot\src\share\vm\interpreter\linkResolver.cpp, line 1287]
Event: 7.014 Thread 0x000000001af01800 Exception <a 'java/lang/NullPointerException'> (0x00000000d836c3f0) thrown at [C:\re\workspace\8-2-build-windows-amd64-cygwin\jdk8u181\11358\hotspot\src\share\vm\interpreter\linkResolver.cpp, line 1287]
Event: 7.015 Thread 0x000000001af01800 Exception <a 'java/lang/NullPointerException'> (0x00000000d836f078) thrown at [C:\re\workspace\8-2-build-windows-amd64-cygwin\jdk8u181\11358\hotspot\src\share\vm\interpreter\linkResolver.cpp, line 1287]
Event: 7.016 Thread 0x000000001af01800 Exception <a 'java/lang/NullPointerException'> (0x00000000d8371e00) thrown at [C:\re\workspace\8-2-build-windows-amd64-cygwin\jdk8u181\11358\hotspot\src\share\vm\interpreter\linkResolver.cpp, line 1287]
Event: 7.017 Thread 0x000000001af01800 Exception <a 'java/lang/NullPointerException'> (0x00000000d8374e18) thrown at [C:\re\workspace\8-2-build-windows-amd64-cygwin\jdk8u181\11358\hotspot\src\share\vm\interpreter\linkResolver.cpp, line 1287]
Event: 7.018 Thread 0x000000001af01800 Exception <a 'java/lang/NullPointerException'> (0x00000000d8377aa0) thrown at [C:\re\workspace\8-2-build-windows-amd64-cygwin\jdk8u181\11358\hotspot\src\share\vm\interpreter\linkResolver.cpp, line 1287]
Event: 7.019 Thread 0x000000001af01800 Exception <a 'java/lang/NullPointerException'> (0x00000000d837a828) thrown at [C:\re\workspace\8-2-build-windows-amd64-cygwin\jdk8u181\11358\hotspot\src\share\vm\interpreter\linkResolver.cpp, line 1287]
Event: 7.020 Thread 0x000000001af01800 Exception <a 'java/lang/NullPointerException'> (0x00000000d837d5b0) thrown at [C:\re\workspace\8-2-build-windows-amd64-cygwin\jdk8u181\11358\hotspot\src\share\vm\interpreter\linkResolver.cpp, line 1287]

Events (10 events):
Event: 17.420 loading class jogamp/opengl/egl/EGLGraphicsConfigurationFactory done
Event: 17.423 loading class com/jogamp/nativewindow/egl/EGLGraphicsDevice
Event: 17.423 loading class com/jogamp/nativewindow/egl/EGLGraphicsDevice done
Event: 17.424 loading class jogamp/opengl/egl/EGLDisplayUtil
Event: 17.424 loading class jogamp/opengl/egl/EGLDisplayUtil done
Event: 17.425 loading class com/jogamp/nativewindow/egl/EGLGraphicsDevice$EGLDisplayLifecycleCallback
Event: 17.425 loading class com/jogamp/nativewindow/egl/EGLGraphicsDevice$EGLDisplayLifecycleCallback done
Event: 17.426 loading class jogamp/opengl/egl/EGLDisplayUtil$1
Event: 17.426 loading class jogamp/opengl/egl/EGLDisplayUtil$1 done
Event: 17.427 Thread 0x000000001c3b5800 Thread exited: 0x000000001c3b5800


Dynamic libraries:
0x00007ff791d80000 - 0x00007ff791db7000 	C:\Program Files\Java\jdk1.8.0_181\bin\java.exe
0x00007ffa72b90000 - 0x00007ffa72d85000 	C:\WINDOWS\SYSTEM32\ntdll.dll
0x00007ffa71b40000 - 0x00007ffa71bfd000 	C:\WINDOWS\System32\KERNEL32.DLL
0x00007ffa70810000 - 0x00007ffa70ad9000 	C:\WINDOWS\System32\KERNELBASE.dll
0x00007ffa723d0000 - 0x00007ffa7247c000 	C:\WINDOWS\System32\ADVAPI32.dll
0x00007ffa715c0000 - 0x00007ffa7165e000 	C:\WINDOWS\System32\msvcrt.dll
0x00007ffa71520000 - 0x00007ffa715bc000 	C:\WINDOWS\System32\sechost.dll
0x00007ffa716d0000 - 0x00007ffa717fb000 	C:\WINDOWS\System32\RPCRT4.dll
0x00007ffa724a0000 - 0x00007ffa72640000 	C:\WINDOWS\System32\USER32.dll
0x00007ffa707b0000 - 0x00007ffa707d2000 	C:\WINDOWS\System32\win32u.dll
0x00007ffa726b0000 - 0x00007ffa726da000 	C:\WINDOWS\System32\GDI32.dll
0x00007ffa702d0000 - 0x00007ffa703db000 	C:\WINDOWS\System32\gdi32full.dll
0x00007ffa703e0000 - 0x00007ffa7047d000 	C:\WINDOWS\System32\msvcp_win.dll
0x00007ffa704d0000 - 0x00007ffa705d0000 	C:\WINDOWS\System32\ucrtbase.dll
0x00007ffa5db70000 - 0x00007ffa5de0a000 	C:\WINDOWS\WinSxS\amd64_microsoft.windows.common-controls_6595b64144ccf1df_6.0.19041.844_none_ca00b6081b84eb1d\COMCTL32.dll
0x00007ffa71230000 - 0x00007ffa71260000 	C:\WINDOWS\System32\IMM32.DLL
0x000000005f540000 - 0x000000005f612000 	C:\Program Files\Java\jdk1.8.0_181\jre\bin\msvcr100.dll
0x000000005ec90000 - 0x000000005f532000 	C:\Program Files\Java\jdk1.8.0_181\jre\bin\server\jvm.dll
0x00007ffa723c0000 - 0x00007ffa723c8000 	C:\WINDOWS\System32\PSAPI.DLL
0x00007ffa5eb20000 - 0x00007ffa5eb47000 	C:\WINDOWS\SYSTEM32\WINMM.dll
0x00007ffa6db50000 - 0x00007ffa6db59000 	C:\WINDOWS\SYSTEM32\WSOCK32.dll
0x00007ffa6ac40000 - 0x00007ffa6ac4a000 	C:\WINDOWS\SYSTEM32\VERSION.dll
0x00007ffa72640000 - 0x00007ffa726ab000 	C:\WINDOWS\System32\WS2_32.dll
0x000000005ec80000 - 0x000000005ec8f000 	C:\Program Files\Java\jdk1.8.0_181\jre\bin\verify.dll
0x000000005ec50000 - 0x000000005ec79000 	C:\Program Files\Java\jdk1.8.0_181\jre\bin\java.dll
0x000000005ebb0000 - 0x000000005ebd3000 	C:\Program Files\Java\jdk1.8.0_181\jre\bin\instrument.dll
0x000000005ec30000 - 0x000000005ec46000 	C:\Program Files\Java\jdk1.8.0_181\jre\bin\zip.dll
0x00007ffa71c60000 - 0x00007ffa723a2000 	C:\WINDOWS\System32\SHELL32.dll
0x00007ffa6e420000 - 0x00007ffa6ebb0000 	C:\WINDOWS\SYSTEM32\windows.storage.dll
0x00007ffa70e20000 - 0x00007ffa71175000 	C:\WINDOWS\System32\combase.dll
0x00007ffa6fcd0000 - 0x00007ffa6fcfc000 	C:\WINDOWS\SYSTEM32\Wldp.dll
0x00007ffa71180000 - 0x00007ffa7122e000 	C:\WINDOWS\System32\SHCORE.dll
0x00007ffa71260000 - 0x00007ffa712b5000 	C:\WINDOWS\System32\shlwapi.dll
0x00007ffa70210000 - 0x00007ffa7022f000 	C:\WINDOWS\SYSTEM32\profapi.dll
0x00007ffa4e850000 - 0x00007ffa4e86a000 	C:\Program Files\JetBrains\IntelliJ IDEA Community Edition 2019.1.1\bin\breakgen64.dll
0x000000005ec10000 - 0x000000005ec2a000 	C:\Program Files\Java\jdk1.8.0_181\jre\bin\net.dll
0x00007ffa6f9f0000 - 0x00007ffa6fa5a000 	C:\WINDOWS\system32\mswsock.dll
0x000000005ea10000 - 0x000000005eba9000 	C:\Program Files\Java\jdk1.8.0_181\jre\bin\awt.dll
0x00007ffa712c0000 - 0x00007ffa7138d000 	C:\WINDOWS\System32\OLEAUT32.dll
0x00007ffa6dc60000 - 0x00007ffa6dcf0000 	C:\WINDOWS\SYSTEM32\apphelp.dll
0x00007ffa6dd60000 - 0x00007ffa6ddfe000 	C:\WINDOWS\system32\uxtheme.dll
0x00007ffa71890000 - 0x00007ffa719a5000 	C:\WINDOWS\System32\MSCTF.dll
0x00007ffa51c70000 - 0x00007ffa51d6c000 	C:\ProgramData\AWHeadset\DellInc.AlienwareSoundCenter\Modules\ScheduledModules\x64\DellInc.AlienwareSoundCenterDevProps2.dll
0x00007ffa71390000 - 0x00007ffa714ba000 	C:\WINDOWS\System32\ole32.dll
0x00007ffa51f00000 - 0x00007ffa51fac000 	C:\ProgramData\AWHeadset\DellInc.AlienwareSoundCenter\Modules\ScheduledModules\x64\NahimicOSD.dll
0x00007ffa67110000 - 0x00007ffa67131000 	C:\ProgramData\AWHeadset\DellInc.AlienwareSoundCenter\Modules\ScheduledModules\x64\ProductInfo.dll
0x00007ffa6e220000 - 0x00007ffa6e232000 	C:\WINDOWS\SYSTEM32\kernel.appcore.dll
0x00007ffa705d0000 - 0x00007ffa70650000 	C:\WINDOWS\System32\bcryptPrimitives.dll
0x00007ffa6e040000 - 0x00007ffa6e06f000 	C:\WINDOWS\system32\DWMAPI.DLL
0x00007ffa65140000 - 0x00007ffa65266000 	C:\WINDOWS\system32\opengl32.dll
0x00007ffa66240000 - 0x00007ffa6626c000 	C:\WINDOWS\SYSTEM32\GLU32.dll
0x000000005e9c0000 - 0x000000005ea07000 	C:\Program Files\Java\jdk1.8.0_181\jre\bin\fontmanager.dll
0x000000005ebf0000 - 0x000000005ec01000 	C:\Program Files\Java\jdk1.8.0_181\jre\bin\nio.dll
0x000000005e980000 - 0x000000005e9b1000 	C:\Program Files\Java\jdk1.8.0_181\jre\bin\jpeg.dll
0x000000005e930000 - 0x000000005e972000 	C:\Program Files\Java\jdk1.8.0_181\jre\bin\t2k.dll
0x00007ffa66540000 - 0x00007ffa6663b000 	C:\WINDOWS\SYSTEM32\textinputframework.dll
0x00007ffa6d8c0000 - 0x00007ffa6d9b2000 	C:\WINDOWS\System32\CoreMessaging.dll
0x00007ffa6d560000 - 0x00007ffa6d8be000 	C:\WINDOWS\System32\CoreUIComponents.dll
0x00007ffa6ce60000 - 0x00007ffa6cfb4000 	C:\WINDOWS\SYSTEM32\wintypes.dll
0x00007ffa6f010000 - 0x00007ffa6f043000 	C:\WINDOWS\SYSTEM32\ntmarta.dll
0x000000005e900000 - 0x000000005e92a000 	C:\Program Files\Java\jdk1.8.0_181\jre\bin\dcpr.dll
0x00007ffa6fc20000 - 0x00007ffa6fc38000 	C:\WINDOWS\SYSTEM32\CRYPTSP.dll
0x00007ffa6f390000 - 0x00007ffa6f3c4000 	C:\WINDOWS\system32\rsaenh.dll
0x000000001b5d0000 - 0x000000001b5f7000 	C:\WINDOWS\System32\bcrypt.dll
0x00007ffa701d0000 - 0x00007ffa701fe000 	C:\WINDOWS\SYSTEM32\USERENV.dll
0x00007ffa6fc40000 - 0x00007ffa6fc4c000 	C:\WINDOWS\SYSTEM32\CRYPTBASE.dll
0x00007ffa6f6e0000 - 0x00007ffa6f71b000 	C:\WINDOWS\SYSTEM32\IPHLPAPI.DLL
0x00007ffa723b0000 - 0x00007ffa723b8000 	C:\WINDOWS\System32\NSI.dll
0x00007ffa6aca0000 - 0x00007ffa6acb7000 	C:\WINDOWS\SYSTEM32\dhcpcsvc6.DLL
0x00007ffa6b1a0000 - 0x00007ffa6b1bd000 	C:\WINDOWS\SYSTEM32\dhcpcsvc.DLL
0x00007ffa6f720000 - 0x00007ffa6f7eb000 	C:\WINDOWS\SYSTEM32\DNSAPI.dll
0x00000000637c0000 - 0x00000000637cd000 	C:\Users\ghane\AppData\Local\Temp\jogamp_0000\file_cache\jln426678337250900200\jln5034972580996910419\natives\windows-amd64\gluegen-rt.dll
0x000000005e8f0000 - 0x000000005e8f7000 	C:\Program Files\Java\jdk1.8.0_181\jre\bin\jawt.dll
0x000000006a440000 - 0x000000006a44d000 	C:\Users\ghane\AppData\Local\Temp\jogamp_0000\file_cache\jln426678337250900200\jln5034972580996910419\natives\windows-amd64\nativewindow_awt.dll
0x000000006c100000 - 0x000000006c10f000 	C:\Users\ghane\AppData\Local\Temp\jogamp_0000\file_cache\jln426678337250900200\jln5034972580996910419\natives\windows-amd64\nativewindow_win32.dll
0x0000000064500000 - 0x00000000645b1000 	C:\Users\ghane\AppData\Local\Temp\jogamp_0000\file_cache\jln426678337250900200\jln5034972580996910419\natives\windows-amd64\jogl_desktop.dll
0x0000000064340000 - 0x00000000643a2000 	C:\Users\ghane\AppData\Local\Temp\jogamp_0000\file_cache\jln426678337250900200\jln5034972580996910419\natives\windows-amd64\jogl_mobile.dll
0x00007ffa71a90000 - 0x00007ffa71b39000 	C:\WINDOWS\System32\clbcatq.dll
0x00007ffa69c10000 - 0x00007ffa69d0a000 	C:\Windows\System32\AppXDeploymentClient.dll
0x00007ffa0a000000 - 0x00007ffa0ae97000 	C:\WINDOWS\System32\DriverStore\FileRepository\igdlh64.inf_amd64_0b3e3ed3ace9602a\ig9icd64.dll
0x00007ffa6ec10000 - 0x00007ffa6ed03000 	C:\WINDOWS\system32\dxgi.dll
0x00007ffa6b160000 - 0x00007ffa6b19b000 	C:\WINDOWS\SYSTEM32\dxcore.dll
0x00007ffa70480000 - 0x00007ffa704ce000 	C:\WINDOWS\System32\cfgmgr32.dll
0x00007ffa27e40000 - 0x00007ffa27f23000 	C:\WINDOWS\System32\DriverStore\FileRepository\igdlh64.inf_amd64_0b3e3ed3ace9602a\igdgmm64.dll
0x00007ffa60d60000 - 0x00007ffa62cc9000 	C:\WINDOWS\System32\DriverStore\FileRepository\igdlh64.inf_amd64_0b3e3ed3ace9602a\igc64.dll
0x00007ffa6fd90000 - 0x00007ffa6fddb000 	C:\WINDOWS\SYSTEM32\powrprof.dll
0x00007ffa6fd40000 - 0x00007ffa6fd52000 	C:\WINDOWS\SYSTEM32\UMPDC.dll
0x000000005e8b0000 - 0x000000005e8ee000 	C:\Program Files\Java\jdk1.8.0_181\jre\bin\lcms.dll
0x000000006b600000 - 0x000000006b658000 	C:\Users\ghane\AppData\Local\Temp\jogamp_0000\file_cache\jln426678337250900200\jln5034972580996910419\natives\windows-amd64\soft_oal.dll
0x00000000680c0000 - 0x00000000680d6000 	C:\Users\ghane\AppData\Local\Temp\jogamp_0000\file_cache\jln426678337250900200\jln5034972580996910419\natives\windows-amd64\joal.dll
0x00007ffa66290000 - 0x00007ffa66315000 	C:\WINDOWS\System32\MMDevApi.dll
0x00007ffa70080000 - 0x00007ffa700ac000 	C:\WINDOWS\System32\DEVOBJ.dll
0x00007ffa660b0000 - 0x00007ffa66235000 	C:\WINDOWS\SYSTEM32\AudioSes.dll
0x00007ffa6bf00000 - 0x00007ffa6bff7000 	C:\WINDOWS\SYSTEM32\PropSys.dll
0x00007ffa41030000 - 0x00007ffa410cc000 	C:\WINDOWS\SYSTEM32\dsound.dll
0x00007ffa517e0000 - 0x00007ffa51806000 	C:\WINDOWS\SYSTEM32\winmmbase.dll
0x00007ffa6de20000 - 0x00007ffa6de34000 	C:\WINDOWS\SYSTEM32\resourcepolicyclient.dll
0x00007ffa69140000 - 0x00007ffa6930f000 	C:\WINDOWS\SYSTEM32\d3d9.dll
0x00007ffa28cd0000 - 0x00007ffa2c404000 	C:\WINDOWS\System32\DriverStore\FileRepository\igdlh64.inf_amd64_0b3e3ed3ace9602a\igd9dxva64.dll
0x00007ffa5bca0000 - 0x00007ffa5be84000 	C:\WINDOWS\SYSTEM32\dbghelp.dll

VM Arguments:
jvm_args: -javaagent:C:\Program Files\JetBrains\IntelliJ IDEA Community Edition 2019.1.1\lib\idea_rt.jar=59991:C:\Program Files\JetBrains\IntelliJ IDEA Community Edition 2019.1.1\bin -Dfile.encoding=UTF-8 
java_command: Launcher.Launcher
java_class_path (initial): C:\Program Files\Java\jdk1.8.0_181\jre\lib\charsets.jar;C:\Program Files\Java\jdk1.8.0_181\jre\lib\deploy.jar;C:\Program Files\Java\jdk1.8.0_181\jre\lib\ext\access-bridge-64.jar;C:\Program Files\Java\jdk1.8.0_181\jre\lib\ext\cldrdata.jar;C:\Program Files\Java\jdk1.8.0_181\jre\lib\ext\dnsns.jar;C:\Program Files\Java\jdk1.8.0_181\jre\lib\ext\jaccess.jar;C:\Program Files\Java\jdk1.8.0_181\jre\lib\ext\jfxrt.jar;C:\Program Files\Java\jdk1.8.0_181\jre\lib\ext\localedata.jar;C:\Program Files\Java\jdk1.8.0_181\jre\lib\ext\nashorn.jar;C:\Program Files\Java\jdk1.8.0_181\jre\lib\ext\sunec.jar;C:\Program Files\Java\jdk1.8.0_181\jre\lib\ext\sunjce_provider.jar;C:\Program Files\Java\jdk1.8.0_181\jre\lib\ext\sunmscapi.jar;C:\Program Files\Java\jdk1.8.0_181\jre\lib\ext\sunpkcs11.jar;C:\Program Files\Java\jdk1.8.0_181\jre\lib\ext\zipfs.jar;C:\Program Files\Java\jdk1.8.0_181\jre\lib\javaws.jar;C:\Program Files\Java\jdk1.8.0_181\jre\lib\jce.jar;C:\Program Files\Java\jdk1.8.0_181\jre\lib\jfr.jar;C:\Program Files\Java\jdk1.8.0_181\jre\lib\jfxswt.jar;C:\Program Files\Java\jdk1.8.0_181\jre\lib\jsse.jar;C:\Program Files\Java\jdk1.8.0_181\jre\lib\management-agent.jar;C:\Program Files\Java\jdk1.8.0_181\jre\lib\plugin.jar;C:\Program Files\Java\jdk1.8.0_181\jre\lib\resources.jar;C:\Program Files\Java\jdk1.8.0_181\jre\lib\rt.jar;C:\Users\ghane\Documents\GitHub\monk-chess\out\production\monk-chess;C:\Users\ghane\Documents\GitHub\monk-chess\Assets\Launcher\KControls-master\dist\KControls.jar;C:\Users\ghane\Documents\GitHub\monk-chess\Jars4Java3D\j3dcore.jar;C:\Users\ghane\Documents\GitHub\monk-chess\Jars4Java3D\j3dexamples.jar;C:\Users\ghane\Documents\GitHub\monk-chess\Jars4Java3D\vecmath.jar;C:\Users\ghane\Documents\GitHub\monk-chess\Jars4Java3D\j3dutils.jar;C:\Users\ghane\Documents\GitHub\monk-chess\Jars4Java3D\jogamp-fat.jar;C:\Users\ghane\Documents\GitHub\monk-chess\out\production\KControls-master;C:\Program Files\JetBrains\IntelliJ IDEA Community Edition 2019.1.1
Launcher Type: SUN_STANDARD

Environment Variables:
USERNAME=ghane
OS=Windows_NT
PROCESSOR_IDENTIFIER=Intel64 Family 6 Model 142 Stepping 10, GenuineIntel



---------------  S Y S T E M  ---------------

OS: Windows 10.0 , 64 bit Build 19041 (10.0.19041.804)

CPU:total 8 (initial active 8) (4 cores per cpu, 2 threads per core) family 6 model 142 stepping 10, cmov, cx8, fxsr, mmx, sse, sse2, sse3, ssse3, sse4.1, sse4.2, popcnt, avx, avx2, aes, clmul, erms, 3dnowpref, lzcnt, ht, tsc, tscinvbit, bmi1, bmi2, adx

Memory: 4k page, physical 8261220k(735440k free), swap 14980316k(2527596k free)

vm_info: Java HotSpot(TM) 64-Bit Server VM (25.181-b13) for windows-amd64 JRE (1.8.0_181-b13), built on Jul  7 2018 04:01:33 by "java_re" with MS VC++ 10.0 (VS2010)

time: Tue Apr 06 21:01:41 2021
elapsed time: 17 seconds (0d 0h 0m 17s)

