#
# A fatal error has been detected by the Java Runtime Environment:
#
#  EXCEPTION_ACCESS_VIOLATION (0xc0000005) at pc=0x00007ffa09c37e1e, pid=14616, tid=0x0000000000000de4
#
# JRE version: Java(TM) SE Runtime Environment (8.0_181-b13) (build 1.8.0_181-b13)
# Java VM: Java HotSpot(TM) 64-Bit Server VM (25.181-b13 mixed mode windows-amd64 compressed oops)
# Problematic frame:
# C  [ig9icd64.dll+0x187e1e]
#
# Failed to write core dump. Minidumps are not enabled by default on client versions of Windows
#
# If you would like to submit a bug report, please visit:
#   http://bugreport.java.com/bugreport/crash.jsp
# The crash happened outside the Java Virtual Machine in native code.
# See problematic frame for where to report the bug.
#

---------------  T H R E A D  ---------------

Current thread (0x000000001cfa9800):  JavaThread "J3D-Renderer-1" daemon [_thread_in_native, id=3556, stack(0x00000000247a0000,0x00000000248a0000)]

siginfo: ExceptionCode=0xc0000005, reading address 0x0000000000000008

Registers:
RAX=0x0000000000000000, RBX=0x00007ffa09f94270, RCX=0x0000000000ae29c0, RDX=0x000000002374c340
RSP=0x000000002489e330, RBP=0x000000002489e5c0, RSI=0x000000002489e580, RDI=0x0000000000000000
R8 =0x0000000009770000, R9 =0x0000000000000000, R10=0x000000002489e700, R11=0x000000002489e4d8
R12=0x0000000000000007, R13=0x0000000000000000, R14=0x000000002489e850, R15=0x000000002489e600
RIP=0x00007ffa09c37e1e, EFLAGS=0x0000000000010246

Top of Stack: (sp=0x000000002489e330)
0x000000002489e330:   000000002374c340 00007ffa09e50463
0x000000002489e340:   0000000023a1f420 000000002374c340
0x000000002489e350:   0000000000000000 000000002489e468
0x000000002489e360:   0000000000000000 000000002489e5c0
0x000000002489e370:   000000002489e3a0 000000002489e3e0
0x000000002489e380:   000000002489e428 000000002489e3b0
0x000000002489e390:   000000002489e448 000000002489e3c0
0x000000002489e3a0:   00007ffa280f2900 000000002489e770
0x000000002489e3b0:   0000000000ac4f80 00007ffa09ae66f0
0x000000002489e3c0:   00000000237e3750 00000000800057c0
0x000000002489e3d0:   0000000000000000 0000000022b5f9b0
0x000000002489e3e0:   0000000000000ec0 0000000000000000
0x000000002489e3f0:   8000100040000240 0000000000000000
0x000000002489e400:   000000002489e600 000000002489e700
0x000000002489e410:   0000000023a24a10 0000000023a24a10
0x000000002489e420:   0000000000000000 00000000237e3750 

Instructions: (pc=0x00007ffa09c37e1e)
0x00007ffa09c37dfe:   48 85 c9 74 06 48 8b 41 20 eb 15 48 8b 80 98 00
0x00007ffa09c37e0e:   00 00 48 85 c0 74 06 48 8b 40 20 eb 03 48 8b c7
0x00007ffa09c37e1e:   48 8b 78 08 48 85 ff 0f 84 85 00 00 00 48 8b 07
0x00007ffa09c37e2e:   48 8b 98 58 01 00 00 48 8b cb ff 15 c2 e7 80 00 


Register to memory mapping:

RAX=0x0000000000000000 is an unknown value
RBX=0x00007ffa09f94270 is an unknown value
RCX=0x0000000000ae29c0 is an unknown value
RDX=0x000000002374c340 is an unknown value
RSP=0x000000002489e330 is pointing into the stack for thread: 0x000000001cfa9800
RBP=0x000000002489e5c0 is pointing into the stack for thread: 0x000000001cfa9800
RSI=0x000000002489e580 is pointing into the stack for thread: 0x000000001cfa9800
RDI=0x0000000000000000 is an unknown value
R8 =0x0000000009770000 is an unknown value
R9 =0x0000000000000000 is an unknown value
R10=0x000000002489e700 is pointing into the stack for thread: 0x000000001cfa9800
R11=0x000000002489e4d8 is pointing into the stack for thread: 0x000000001cfa9800
R12=0x0000000000000007 is an unknown value
R13=0x0000000000000000 is an unknown value
R14=0x000000002489e850 is pointing into the stack for thread: 0x000000001cfa9800
R15=0x000000002489e600 is pointing into the stack for thread: 0x000000001cfa9800


Stack: [0x00000000247a0000,0x00000000248a0000],  sp=0x000000002489e330,  free space=1016k
Native frames: (J=compiled Java code, j=interpreted, Vv=VM code, C=native code)
C  [ig9icd64.dll+0x187e1e]
C  [ig9icd64.dll+0x49bc44]
C  [ig9icd64.dll+0x49fc77]
C  [ig9icd64.dll+0x392acf]
C  [ig9icd64.dll+0x34e4d5]
C  [ig9icd64.dll+0x147ee5]
C  [ig9icd64.dll+0x138b74]
C  [ig9icd64.dll+0x135636]
C  [opengl32.dll+0x29bfa]
C  [NahimicOSD.dll+0x1d9ff]
C  [NahimicOSD.dll+0x66584]
C  [NahimicOSD.dll+0x1daf1]
C  [NahimicOSD.dll+0x1ad7f]
C  [gdi32full.dll+0x6268e]
C  [nativewindow_win32.dll+0x2b6d]
C  0x00000000032db07b

Java frames: (J=compiled Java code, j=interpreted, Vv=VM code)
J 2309  jogamp.nativewindow.windows.GDI.SwapBuffers(J)Z (0 bytes) @ 0x00000000032db001 [0x00000000032dafc0+0x41]
J 2389 C2 org.jogamp.java3d.Renderer.doWork(J)V (6524 bytes) @ 0x00000000033282c4 [0x0000000003327c40+0x684]
j  org.jogamp.java3d.J3dThread.run()V+19
v  ~StubRoutines::call_stub

---------------  P R O C E S S  ---------------

Java Threads: ( => current thread )
  0x000000001ab4f800 JavaThread "J3D-InputDeviceScheduler-1" daemon [_thread_blocked, id=13460, stack(0x00000000253b0000,0x00000000254b0000)]
  0x000000001ab4d000 JavaThread "J3D-SoundSchedulerUpdateThread-1" daemon [_thread_blocked, id=13808, stack(0x00000000252b0000,0x00000000253b0000)]
  0x000000001ab52800 JavaThread "J3D-RenderStructureUpdateThread-1" daemon [_thread_blocked, id=6740, stack(0x00000000251b0000,0x00000000252b0000)]
  0x000000001cfa7000 JavaThread "J3D-BehaviorScheduler-1" daemon [_thread_blocked, id=15836, stack(0x00000000250b0000,0x00000000251b0000)]
  0x000000001cfa3800 JavaThread "J3D-TransformStructureUpdateThread-1" daemon [_thread_blocked, id=4956, stack(0x0000000024fb0000,0x00000000250b0000)]
  0x000000001cfa5800 JavaThread "J3D-RenderingEnvironmentStructureUpdateThread-1" daemon [_thread_blocked, id=5840, stack(0x0000000024eb0000,0x0000000024fb0000)]
  0x000000001cfa6800 JavaThread "J3D-SoundStructureUpdateThread-1" daemon [_thread_blocked, id=8180, stack(0x0000000024db0000,0x0000000024eb0000)]
  0x000000001cfa8000 JavaThread "J3D-GeometryStructureUpdateThread-1" daemon [_thread_blocked, id=9016, stack(0x00000000242a0000,0x00000000243a0000)]
  0x000000001cfa2800 JavaThread "J3D-BehaviorStructureUpdateThread-1" daemon [_thread_blocked, id=7684, stack(0x000000001c120000,0x000000001c220000)]
=>0x000000001cfa9800 JavaThread "J3D-Renderer-1" daemon [_thread_in_native, id=3556, stack(0x00000000247a0000,0x00000000248a0000)]
  0x000000001cfa5000 JavaThread "J3D-MasterControl-1" daemon [_thread_blocked, id=2520, stack(0x00000000246a0000,0x00000000247a0000)]
  0x000000001cfa4000 JavaThread "J3D-NotificationThread" daemon [_thread_blocked, id=10760, stack(0x00000000245a0000,0x00000000246a0000)]
  0x000000001d151800 JavaThread "J3D-TimerThread" daemon [_thread_blocked, id=8136, stack(0x00000000244a0000,0x00000000245a0000)]
  0x000000001d26e800 JavaThread "J3D-RenderingAttributesStructureUpdateThread" daemon [_thread_blocked, id=5072, stack(0x00000000243a0000,0x00000000244a0000)]
  0x0000000002a24000 JavaThread "DestroyJavaVM" [_thread_blocked, id=2548, stack(0x0000000002820000,0x0000000002920000)]
  0x000000001b0e6000 JavaThread "AWT-EventQueue-0" [_thread_blocked, id=4480, stack(0x000000001c420000,0x000000001c520000)]
  0x000000001aa8f000 JavaThread "AWT-Shutdown" [_thread_blocked, id=15168, stack(0x000000001b290000,0x000000001b390000)]
  0x000000001aa8c000 JavaThread "Java2D Disposer" daemon [_thread_blocked, id=18244, stack(0x000000001b190000,0x000000001b290000)]
  0x0000000019b05800 JavaThread "Service Thread" daemon [_thread_blocked, id=11088, stack(0x000000001a650000,0x000000001a750000)]
  0x0000000019a58000 JavaThread "C1 CompilerThread3" daemon [_thread_blocked, id=15756, stack(0x000000001a550000,0x000000001a650000)]
  0x0000000019a53800 JavaThread "C2 CompilerThread2" daemon [_thread_blocked, id=17516, stack(0x000000001a450000,0x000000001a550000)]
  0x0000000019a4f800 JavaThread "C2 CompilerThread1" daemon [_thread_blocked, id=17724, stack(0x000000001a350000,0x000000001a450000)]
  0x0000000019a4b000 JavaThread "C2 CompilerThread0" daemon [_thread_blocked, id=17268, stack(0x000000001a250000,0x000000001a350000)]
  0x0000000019a40000 JavaThread "Monitor Ctrl-Break" daemon [_thread_in_native, id=17092, stack(0x000000001a150000,0x000000001a250000)]
  0x000000001997b000 JavaThread "Attach Listener" daemon [_thread_blocked, id=17992, stack(0x000000001a050000,0x000000001a150000)]
  0x000000001997a800 JavaThread "Signal Dispatcher" daemon [_thread_blocked, id=8368, stack(0x0000000019f50000,0x000000001a050000)]
  0x0000000019970800 JavaThread "Finalizer" daemon [_thread_blocked, id=7676, stack(0x0000000019d50000,0x0000000019e50000)]
  0x0000000017a8d800 JavaThread "Reference Handler" daemon [_thread_blocked, id=7500, stack(0x0000000019850000,0x0000000019950000)]

Other Threads:
  0x0000000017a89000 VMThread [stack: 0x0000000019750000,0x0000000019850000] [id=2856]
  0x0000000019b6c000 WatcherThread [stack: 0x000000001a750000,0x000000001a850000] [id=14860]

VM state:not at safepoint (normal execution)

VM Mutex/Monitor currently owned by a thread: None

Heap:
 PSYoungGen      total 194048K, used 26607K [0x00000000d5f80000, 0x00000000e3f00000, 0x0000000100000000)
  eden space 167424K, 1% used [0x00000000d5f80000,0x00000000d6194420,0x00000000e0300000)
  from space 26624K, 91% used [0x00000000e2200000,0x00000000e39e7930,0x00000000e3c00000)
  to   space 30720K, 0% used [0x00000000e0300000,0x00000000e0300000,0x00000000e2100000)
 ParOldGen       total 278016K, used 119991K [0x0000000081e00000, 0x0000000092d80000, 0x00000000d5f80000)
  object space 278016K, 43% used [0x0000000081e00000,0x000000008932dc58,0x0000000092d80000)
 Metaspace       used 23068K, capacity 23300K, committed 23680K, reserved 1071104K
  class space    used 2231K, capacity 2313K, committed 2432K, reserved 1048576K

Card table byte_map: [0x0000000011ee0000,0x00000000122e0000] byte_map_base: 0x0000000011ad1000

Marking Bits: (ParMarkBitMap*) 0x000000005f4b2d00
 Begin Bits: [0x0000000012d90000, 0x0000000014d18000)
 End Bits:   [0x0000000014d18000, 0x0000000016ca0000)

Polling page: 0x0000000000e40000

CodeCache: size=245760Kb used=8768Kb max_used=8768Kb free=236991Kb
 bounds [0x0000000002b20000, 0x00000000033c0000, 0x0000000011b20000]
 total_blobs=3201 nmethods=2277 adapters=836
 compilation: enabled

Compilation events (10 events):
Event: 63.802 Thread 0x0000000019a58000 2536       3       java.awt.Window::dispatchEventImpl (23 bytes)
Event: 63.802 Thread 0x0000000019a58000 nmethod 2536 0x00000000033b5010 code [0x00000000033b51c0, 0x00000000033b5918]
Event: 63.992 Thread 0x0000000019a58000 2537       3       java.util.logging.LogManager$LoggerContext::ensureDefaultLogger (70 bytes)
Event: 64.001 Thread 0x0000000019a58000 nmethod 2537 0x00000000033b5b10 code [0x00000000033b5cc0, 0x00000000033b6548]
Event: 64.002 Thread 0x0000000019a58000 2538  s    3       java.util.Hashtable::containsKey (65 bytes)
Event: 64.002 Thread 0x0000000019a58000 nmethod 2538 0x00000000033b6750 code [0x00000000033b68e0, 0x00000000033b6f18]
Event: 64.009 Thread 0x0000000019a58000 2539       3       java.util.jar.Attributes$Name::equals (39 bytes)
Event: 64.010 Thread 0x0000000019a58000 nmethod 2539 0x00000000033b7190 code [0x00000000033b7320, 0x00000000033b77c8]
Event: 64.010 Thread 0x0000000019a58000 2540       3       sun.misc.ASCIICaseInsensitiveComparator::compare (13 bytes)
Event: 64.010 Thread 0x0000000019a58000 nmethod 2540 0x00000000033b7910 code [0x00000000033b7a80, 0x00000000033b7de8]

GC Heap History (10 events):
Event: 6.403 GC heap before
{Heap before GC invocations=11 (full 2):
 PSYoungGen      total 146432K, used 134651K [0x00000000d5f80000, 0x00000000e0680000, 0x0000000100000000)
  eden space 125440K, 100% used [0x00000000d5f80000,0x00000000dda00000,0x00000000dda00000)
  from space 20992K, 43% used [0x00000000dee00000,0x00000000df6fed70,0x00000000e0280000)
  to   space 20480K, 0% used [0x00000000dda00000,0x00000000dda00000,0x00000000dee00000)
 ParOldGen       total 170496K, used 63298K [0x0000000081e00000, 0x000000008c480000, 0x00000000d5f80000)
  object space 170496K, 37% used [0x0000000081e00000,0x0000000085bd0af0,0x000000008c480000)
 Metaspace       used 21768K, capacity 22014K, committed 22448K, reserved 1069056K
  class space    used 2172K, capacity 2248K, committed 2304K, reserved 1048576K
Event: 6.411 GC heap after
Heap after GC invocations=11 (full 2):
 PSYoungGen      total 145920K, used 19837K [0x00000000d5f80000, 0x00000000e1d80000, 0x0000000100000000)
  eden space 125440K, 0% used [0x00000000d5f80000,0x00000000d5f80000,0x00000000dda00000)
  from space 20480K, 96% used [0x00000000dda00000,0x00000000ded5f418,0x00000000dee00000)
  to   space 24064K, 0% used [0x00000000e0600000,0x00000000e0600000,0x00000000e1d80000)
 ParOldGen       total 170496K, used 95036K [0x0000000081e00000, 0x000000008c480000, 0x00000000d5f80000)
  object space 170496K, 55% used [0x0000000081e00000,0x0000000087acf220,0x000000008c480000)
 Metaspace       used 21768K, capacity 22014K, committed 22448K, reserved 1069056K
  class space    used 2172K, capacity 2248K, committed 2304K, reserved 1048576K
}
Event: 6.706 GC heap before
{Heap before GC invocations=12 (full 2):
 PSYoungGen      total 145920K, used 145277K [0x00000000d5f80000, 0x00000000e1d80000, 0x0000000100000000)
  eden space 125440K, 100% used [0x00000000d5f80000,0x00000000dda00000,0x00000000dda00000)
  from space 20480K, 96% used [0x00000000dda00000,0x00000000ded5f418,0x00000000dee00000)
  to   space 24064K, 0% used [0x00000000e0600000,0x00000000e0600000,0x00000000e1d80000)
 ParOldGen       total 170496K, used 95036K [0x0000000081e00000, 0x000000008c480000, 0x00000000d5f80000)
  object space 170496K, 55% used [0x0000000081e00000,0x0000000087acf220,0x000000008c480000)
 Metaspace       used 21772K, capacity 22014K, committed 22448K, reserved 1069056K
  class space    used 2172K, capacity 2248K, committed 2304K, reserved 1048576K
Event: 6.715 GC heap after
Heap after GC invocations=12 (full 2):
 PSYoungGen      total 167424K, used 20702K [0x00000000d5f80000, 0x00000000e2800000, 0x0000000100000000)
  eden space 143360K, 0% used [0x00000000d5f80000,0x00000000d5f80000,0x00000000deb80000)
  from space 24064K, 86% used [0x00000000e0600000,0x00000000e1a37b10,0x00000000e1d80000)
  to   space 27136K, 0% used [0x00000000deb80000,0x00000000deb80000,0x00000000e0600000)
 ParOldGen       total 170496K, used 138236K [0x0000000081e00000, 0x000000008c480000, 0x00000000d5f80000)
  object space 170496K, 81% used [0x0000000081e00000,0x000000008a4ff2b0,0x000000008c480000)
 Metaspace       used 21772K, capacity 22014K, committed 22448K, reserved 1069056K
  class space    used 2172K, capacity 2248K, committed 2304K, reserved 1048576K
}
Event: 6.715 GC heap before
{Heap before GC invocations=13 (full 3):
 PSYoungGen      total 167424K, used 20702K [0x00000000d5f80000, 0x00000000e2800000, 0x0000000100000000)
  eden space 143360K, 0% used [0x00000000d5f80000,0x00000000d5f80000,0x00000000deb80000)
  from space 24064K, 86% used [0x00000000e0600000,0x00000000e1a37b10,0x00000000e1d80000)
  to   space 27136K, 0% used [0x00000000deb80000,0x00000000deb80000,0x00000000e0600000)
 ParOldGen       total 170496K, used 138236K [0x0000000081e00000, 0x000000008c480000, 0x00000000d5f80000)
  object space 170496K, 81% used [0x0000000081e00000,0x000000008a4ff2b0,0x000000008c480000)
 Metaspace       used 21772K, capacity 22014K, committed 22448K, reserved 1069056K
  class space    used 2172K, capacity 2248K, committed 2304K, reserved 1048576K
Event: 6.749 GC heap after
Heap after GC invocations=13 (full 3):
 PSYoungGen      total 167424K, used 0K [0x00000000d5f80000, 0x00000000e2800000, 0x0000000100000000)
  eden space 143360K, 0% used [0x00000000d5f80000,0x00000000d5f80000,0x00000000deb80000)
  from space 24064K, 0% used [0x00000000e0600000,0x00000000e0600000,0x00000000e1d80000)
  to   space 27136K, 0% used [0x00000000deb80000,0x00000000deb80000,0x00000000e0600000)
 ParOldGen       total 278016K, used 116755K [0x0000000081e00000, 0x0000000092d80000, 0x00000000d5f80000)
  object space 278016K, 41% used [0x0000000081e00000,0x0000000089004cd8,0x0000000092d80000)
 Metaspace       used 21772K, capacity 22014K, committed 22448K, reserved 1069056K
  class space    used 2172K, capacity 2248K, committed 2304K, reserved 1048576K
}
Event: 7.851 GC heap before
{Heap before GC invocations=14 (full 3):
 PSYoungGen      total 167424K, used 143360K [0x00000000d5f80000, 0x00000000e2800000, 0x0000000100000000)
  eden space 143360K, 100% used [0x00000000d5f80000,0x00000000deb80000,0x00000000deb80000)
  from space 24064K, 0% used [0x00000000e0600000,0x00000000e0600000,0x00000000e1d80000)
  to   space 27136K, 0% used [0x00000000deb80000,0x00000000deb80000,0x00000000e0600000)
 ParOldGen       total 278016K, used 116755K [0x0000000081e00000, 0x0000000092d80000, 0x00000000d5f80000)
  object space 278016K, 41% used [0x0000000081e00000,0x0000000089004cd8,0x0000000092d80000)
 Metaspace       used 21780K, capacity 22014K, committed 22448K, reserved 1069056K
  class space    used 2172K, capacity 2248K, committed 2304K, reserved 1048576K
Event: 7.854 GC heap after
Heap after GC invocations=14 (full 3):
 PSYoungGen      total 170496K, used 12944K [0x00000000d5f80000, 0x00000000e3c00000, 0x0000000100000000)
  eden space 143360K, 0% used [0x00000000d5f80000,0x00000000d5f80000,0x00000000deb80000)
  from space 27136K, 47% used [0x00000000deb80000,0x00000000df8241c0,0x00000000e0600000)
  to   space 26624K, 0% used [0x00000000e2200000,0x00000000e2200000,0x00000000e3c00000)
 ParOldGen       total 278016K, used 116763K [0x0000000081e00000, 0x0000000092d80000, 0x00000000d5f80000)
  object space 278016K, 41% used [0x0000000081e00000,0x0000000089006cd8,0x0000000092d80000)
 Metaspace       used 21780K, capacity 22014K, committed 22448K, reserved 1069056K
  class space    used 2172K, capacity 2248K, committed 2304K, reserved 1048576K
}
Event: 63.992 GC heap before
{Heap before GC invocations=15 (full 3):
 PSYoungGen      total 170496K, used 156304K [0x00000000d5f80000, 0x00000000e3c00000, 0x0000000100000000)
  eden space 143360K, 100% used [0x00000000d5f80000,0x00000000deb80000,0x00000000deb80000)
  from space 27136K, 47% used [0x00000000deb80000,0x00000000df8241c0,0x00000000e0600000)
  to   space 26624K, 0% used [0x00000000e2200000,0x00000000e2200000,0x00000000e3c00000)
 ParOldGen       total 278016K, used 116763K [0x0000000081e00000, 0x0000000092d80000, 0x00000000d5f80000)
  object space 278016K, 41% used [0x0000000081e00000,0x0000000089006cd8,0x0000000092d80000)
 Metaspace       used 23032K, capacity 23236K, committed 23680K, reserved 1071104K
  class space    used 2229K, capacity 2313K, committed 2432K, reserved 1048576K
Event: 63.999 GC heap after
Heap after GC invocations=15 (full 3):
 PSYoungGen      total 194048K, used 24478K [0x00000000d5f80000, 0x00000000e3f00000, 0x0000000100000000)
  eden space 167424K, 0% used [0x00000000d5f80000,0x00000000d5f80000,0x00000000e0300000)
  from space 26624K, 91% used [0x00000000e2200000,0x00000000e39e7930,0x00000000e3c00000)
  to   space 30720K, 0% used [0x00000000e0300000,0x00000000e0300000,0x00000000e2100000)
 ParOldGen       total 278016K, used 119991K [0x0000000081e00000, 0x0000000092d80000, 0x00000000d5f80000)
  object space 278016K, 43% used [0x0000000081e00000,0x000000008932dc58,0x0000000092d80000)
 Metaspace       used 23032K, capacity 23236K, committed 23680K, reserved 1071104K
  class space    used 2229K, capacity 2313K, committed 2432K, reserved 1048576K
}

Deoptimization events (10 events):
Event: 6.661 Thread 0x000000001b0e6000 Uncommon trap: reason=unstable_if action=reinterpret pc=0x00000000030fb670 method=sun.java2d.cmm.lcms.LCMSTransform.doTransform(Lsun/java2d/cmm/lcms/LCMSImageLayout;Lsun/java2d/cmm/lcms/LCMSImageLayout;)V @ 6
Event: 40.307 Thread 0x000000001cfa9800 Uncommon trap: reason=unstable_if action=reinterpret pc=0x0000000003022d48 method=org.jogamp.java3d.JoglPipeline.resetColoringAttributes(Lorg/jogamp/java3d/Context;FFFFZ)V @ 17
Event: 54.698 Thread 0x000000001cfa5000 Uncommon trap: reason=array_check action=maybe_recompile pc=0x0000000003324fd4 method=org.jogamp.java3d.UnorderList.add(Ljava/lang/Object;)V @ 70
Event: 54.698 Thread 0x000000001cfa2800 Uncommon trap: reason=array_check action=maybe_recompile pc=0x0000000003324fd4 method=org.jogamp.java3d.UnorderList.add(Ljava/lang/Object;)V @ 70
Event: 54.715 Thread 0x000000001cfa5000 Uncommon trap: reason=array_check action=maybe_recompile pc=0x0000000003324fd4 method=org.jogamp.java3d.UnorderList.add(Ljava/lang/Object;)V @ 70
Event: 54.715 Thread 0x000000001cfa2800 Uncommon trap: reason=array_check action=maybe_recompile pc=0x0000000003324fd4 method=org.jogamp.java3d.UnorderList.add(Ljava/lang/Object;)V @ 70
Event: 61.006 Thread 0x000000001cfa7000 Uncommon trap: reason=predicate action=maybe_recompile pc=0x00000000030e77c8 method=org.jogamp.java3d.BehaviorStructure.handleAWTEvent()V @ 83
Event: 61.322 Thread 0x000000001b0e6000 Uncommon trap: reason=unstable_if action=reinterpret pc=0x0000000003321644 method=org.jogamp.java3d.UnorderList.add(Ljava/lang/Object;)V @ 9
Event: 62.992 Thread 0x000000001cfa7000 Uncommon trap: reason=unstable_if action=reinterpret pc=0x0000000003383154 method=org.jogamp.java3d.BehaviorStructure.handleAWTEvent()V @ 127
Event: 63.014 Thread 0x000000001cfa5000 Uncommon trap: reason=unstable_if action=reinterpret pc=0x00000000032f3170 method=org.jogamp.java3d.MasterControl.runMonitor(ILorg/jogamp/java3d/UnorderList;Lorg/jogamp/java3d/UnorderList;Lorg/jogamp/java3d/UnorderList;Lorg/jogamp/java3d/J3dThread;)V @ 93

Classes redefined (0 events):
No events

Internal exceptions (10 events):
Event: 8.768 Thread 0x000000001b0e6000 Exception <a 'java/lang/NullPointerException'> (0x00000000dca05048) thrown at [C:\re\workspace\8-2-build-windows-amd64-cygwin\jdk8u181\11358\hotspot\src\share\vm\interpreter\linkResolver.cpp, line 1287]
Event: 8.769 Thread 0x000000001b0e6000 Exception <a 'java/lang/NullPointerException'> (0x00000000dca07d60) thrown at [C:\re\workspace\8-2-build-windows-amd64-cygwin\jdk8u181\11358\hotspot\src\share\vm\interpreter\linkResolver.cpp, line 1287]
Event: 8.772 Thread 0x000000001b0e6000 Exception <a 'java/lang/NullPointerException'> (0x00000000dca0a9e8) thrown at [C:\re\workspace\8-2-build-windows-amd64-cygwin\jdk8u181\11358\hotspot\src\share\vm\interpreter\linkResolver.cpp, line 1287]
Event: 8.773 Thread 0x000000001b0e6000 Exception <a 'java/lang/NullPointerException'> (0x00000000dca0d670) thrown at [C:\re\workspace\8-2-build-windows-amd64-cygwin\jdk8u181\11358\hotspot\src\share\vm\interpreter\linkResolver.cpp, line 1287]
Event: 8.773 Thread 0x000000001b0e6000 Exception <a 'java/lang/NullPointerException'> (0x00000000dca10288) thrown at [C:\re\workspace\8-2-build-windows-amd64-cygwin\jdk8u181\11358\hotspot\src\share\vm\interpreter\linkResolver.cpp, line 1287]
Event: 8.774 Thread 0x000000001b0e6000 Exception <a 'java/lang/NullPointerException'> (0x00000000dca13010) thrown at [C:\re\workspace\8-2-build-windows-amd64-cygwin\jdk8u181\11358\hotspot\src\share\vm\interpreter\linkResolver.cpp, line 1287]
Event: 8.774 Thread 0x000000001b0e6000 Exception <a 'java/lang/NullPointerException'> (0x00000000dca15c98) thrown at [C:\re\workspace\8-2-build-windows-amd64-cygwin\jdk8u181\11358\hotspot\src\share\vm\interpreter\linkResolver.cpp, line 1287]
Event: 8.775 Thread 0x000000001b0e6000 Exception <a 'java/lang/NullPointerException'> (0x00000000dca18bc8) thrown at [C:\re\workspace\8-2-build-windows-amd64-cygwin\jdk8u181\11358\hotspot\src\share\vm\interpreter\linkResolver.cpp, line 1287]
Event: 8.823 Thread 0x000000001b0e6000 Exception <a 'java/lang/NullPointerException'> (0x00000000dca21768) thrown at [C:\re\workspace\8-2-build-windows-amd64-cygwin\jdk8u181\11358\hotspot\src\share\vm\interpreter\linkResolver.cpp, line 1287]
Event: 8.826 Thread 0x000000001b0e6000 Exception <a 'java/lang/NullPointerException'> (0x00000000dca24c08) thrown at [C:\re\workspace\8-2-build-windows-amd64-cygwin\jdk8u181\11358\hotspot\src\share\vm\interpreter\linkResolver.cpp, line 1287]

Events (10 events):
Event: 64.009 loading class com/jogamp/nativewindow/egl/EGLGraphicsDevice
Event: 64.009 loading class com/jogamp/nativewindow/egl/EGLGraphicsDevice done
Event: 64.010 loading class jogamp/opengl/egl/EGLDisplayUtil
Event: 64.010 loading class jogamp/opengl/egl/EGLDisplayUtil done
Event: 64.011 loading class com/jogamp/nativewindow/egl/EGLGraphicsDevice$EGLDisplayLifecycleCallback
Event: 64.011 loading class com/jogamp/nativewindow/egl/EGLGraphicsDevice$EGLDisplayLifecycleCallback done
Event: 64.011 loading class jogamp/opengl/egl/EGLDisplayUtil$1
Event: 64.011 loading class jogamp/opengl/egl/EGLDisplayUtil$1 done
Event: 64.012 Thread 0x000000001ab54800 Thread exited: 0x000000001ab54800
Event: 64.020 Thread 0x000000001aa8f800 Thread exited: 0x000000001aa8f800


Dynamic libraries:
0x00007ff750d80000 - 0x00007ff750db7000 	C:\Program Files\Java\jdk1.8.0_181\bin\java.exe
0x00007ffa72b90000 - 0x00007ffa72d85000 	C:\WINDOWS\SYSTEM32\ntdll.dll
0x00007ffa71b40000 - 0x00007ffa71bfd000 	C:\WINDOWS\System32\KERNEL32.DLL
0x00007ffa70810000 - 0x00007ffa70ad9000 	C:\WINDOWS\System32\KERNELBASE.dll
0x00007ffa723d0000 - 0x00007ffa7247c000 	C:\WINDOWS\System32\ADVAPI32.dll
0x00007ffa715c0000 - 0x00007ffa7165e000 	C:\WINDOWS\System32\msvcrt.dll
0x00007ffa71520000 - 0x00007ffa715bc000 	C:\WINDOWS\System32\sechost.dll
0x00007ffa716d0000 - 0x00007ffa717fb000 	C:\WINDOWS\System32\RPCRT4.dll
0x00007ffa724a0000 - 0x00007ffa72640000 	C:\WINDOWS\System32\USER32.dll
0x00007ffa707b0000 - 0x00007ffa707d2000 	C:\WINDOWS\System32\win32u.dll
0x00007ffa726b0000 - 0x00007ffa726da000 	C:\WINDOWS\System32\GDI32.dll
0x00007ffa702d0000 - 0x00007ffa703db000 	C:\WINDOWS\System32\gdi32full.dll
0x00007ffa703e0000 - 0x00007ffa7047d000 	C:\WINDOWS\System32\msvcp_win.dll
0x00007ffa704d0000 - 0x00007ffa705d0000 	C:\WINDOWS\System32\ucrtbase.dll
0x00007ffa5db70000 - 0x00007ffa5de0a000 	C:\WINDOWS\WinSxS\amd64_microsoft.windows.common-controls_6595b64144ccf1df_6.0.19041.844_none_ca00b6081b84eb1d\COMCTL32.dll
0x00007ffa71230000 - 0x00007ffa71260000 	C:\WINDOWS\System32\IMM32.DLL
0x000000005f540000 - 0x000000005f612000 	C:\Program Files\Java\jdk1.8.0_181\jre\bin\msvcr100.dll
0x000000005ec90000 - 0x000000005f532000 	C:\Program Files\Java\jdk1.8.0_181\jre\bin\server\jvm.dll
0x00007ffa723c0000 - 0x00007ffa723c8000 	C:\WINDOWS\System32\PSAPI.DLL
0x00007ffa5eb20000 - 0x00007ffa5eb47000 	C:\WINDOWS\SYSTEM32\WINMM.dll
0x00007ffa5ca70000 - 0x00007ffa5ca79000 	C:\WINDOWS\SYSTEM32\WSOCK32.dll
0x00007ffa72640000 - 0x00007ffa726ab000 	C:\WINDOWS\System32\WS2_32.dll
0x00007ffa6ac40000 - 0x00007ffa6ac4a000 	C:\WINDOWS\SYSTEM32\VERSION.dll
0x000000005ec80000 - 0x000000005ec8f000 	C:\Program Files\Java\jdk1.8.0_181\jre\bin\verify.dll
0x000000005ec50000 - 0x000000005ec79000 	C:\Program Files\Java\jdk1.8.0_181\jre\bin\java.dll
0x000000005ebb0000 - 0x000000005ebd3000 	C:\Program Files\Java\jdk1.8.0_181\jre\bin\instrument.dll
0x000000005ec30000 - 0x000000005ec46000 	C:\Program Files\Java\jdk1.8.0_181\jre\bin\zip.dll
0x00007ffa71c60000 - 0x00007ffa723a2000 	C:\WINDOWS\System32\SHELL32.dll
0x00007ffa6e420000 - 0x00007ffa6ebb0000 	C:\WINDOWS\SYSTEM32\windows.storage.dll
0x00007ffa70e20000 - 0x00007ffa71175000 	C:\WINDOWS\System32\combase.dll
0x00007ffa6fcd0000 - 0x00007ffa6fcfc000 	C:\WINDOWS\SYSTEM32\Wldp.dll
0x00007ffa71180000 - 0x00007ffa7122e000 	C:\WINDOWS\System32\SHCORE.dll
0x00007ffa71260000 - 0x00007ffa712b5000 	C:\WINDOWS\System32\shlwapi.dll
0x00007ffa70210000 - 0x00007ffa7022f000 	C:\WINDOWS\SYSTEM32\profapi.dll
0x00007ffa5ea10000 - 0x00007ffa5ea2a000 	C:\Program Files\JetBrains\IntelliJ IDEA Community Edition 2019.1.1\bin\breakgen64.dll
0x000000005ec10000 - 0x000000005ec2a000 	C:\Program Files\Java\jdk1.8.0_181\jre\bin\net.dll
0x00007ffa6f9f0000 - 0x00007ffa6fa5a000 	C:\WINDOWS\system32\mswsock.dll
0x000000005ea10000 - 0x000000005eba9000 	C:\Program Files\Java\jdk1.8.0_181\jre\bin\awt.dll
0x00007ffa712c0000 - 0x00007ffa7138d000 	C:\WINDOWS\System32\OLEAUT32.dll
0x00007ffa6dc60000 - 0x00007ffa6dcf0000 	C:\WINDOWS\SYSTEM32\apphelp.dll
0x00007ffa6dd60000 - 0x00007ffa6ddfe000 	C:\WINDOWS\system32\uxtheme.dll
0x00007ffa71890000 - 0x00007ffa719a5000 	C:\WINDOWS\System32\MSCTF.dll
0x00007ffa317f0000 - 0x00007ffa318ec000 	C:\ProgramData\AWHeadset\DellInc.AlienwareSoundCenter\Modules\ScheduledModules\x64\DellInc.AlienwareSoundCenterDevProps2.dll
0x00007ffa71390000 - 0x00007ffa714ba000 	C:\WINDOWS\System32\ole32.dll
0x00007ffa31a10000 - 0x00007ffa31abc000 	C:\ProgramData\AWHeadset\DellInc.AlienwareSoundCenter\Modules\ScheduledModules\x64\NahimicOSD.dll
0x00007ffa3abd0000 - 0x00007ffa3abf1000 	C:\ProgramData\AWHeadset\DellInc.AlienwareSoundCenter\Modules\ScheduledModules\x64\ProductInfo.dll
0x00007ffa6e220000 - 0x00007ffa6e232000 	C:\WINDOWS\SYSTEM32\kernel.appcore.dll
0x00007ffa705d0000 - 0x00007ffa70650000 	C:\WINDOWS\System32\bcryptPrimitives.dll
0x00007ffa6e040000 - 0x00007ffa6e06f000 	C:\WINDOWS\system32\DWMAPI.DLL
0x00007ffa5e7c0000 - 0x00007ffa5e8e6000 	C:\WINDOWS\system32\opengl32.dll
0x00007ffa677e0000 - 0x00007ffa6780c000 	C:\WINDOWS\SYSTEM32\GLU32.dll
0x000000005e9c0000 - 0x000000005ea07000 	C:\Program Files\Java\jdk1.8.0_181\jre\bin\fontmanager.dll
0x000000005ebf0000 - 0x000000005ec01000 	C:\Program Files\Java\jdk1.8.0_181\jre\bin\nio.dll
0x000000005e980000 - 0x000000005e9b1000 	C:\Program Files\Java\jdk1.8.0_181\jre\bin\jpeg.dll
0x000000005e930000 - 0x000000005e972000 	C:\Program Files\Java\jdk1.8.0_181\jre\bin\t2k.dll
0x00007ffa66540000 - 0x00007ffa6663b000 	C:\WINDOWS\SYSTEM32\textinputframework.dll
0x00007ffa6d560000 - 0x00007ffa6d8be000 	C:\WINDOWS\System32\CoreUIComponents.dll
0x00007ffa6d8c0000 - 0x00007ffa6d9b2000 	C:\WINDOWS\System32\CoreMessaging.dll
0x00007ffa6ce60000 - 0x00007ffa6cfb4000 	C:\WINDOWS\SYSTEM32\wintypes.dll
0x00007ffa6f010000 - 0x00007ffa6f043000 	C:\WINDOWS\SYSTEM32\ntmarta.dll
0x000000005e900000 - 0x000000005e92a000 	C:\Program Files\Java\jdk1.8.0_181\jre\bin\dcpr.dll
0x00007ffa6fc20000 - 0x00007ffa6fc38000 	C:\WINDOWS\SYSTEM32\CRYPTSP.dll
0x00007ffa6f390000 - 0x00007ffa6f3c4000 	C:\WINDOWS\system32\rsaenh.dll
0x0000000002780000 - 0x00000000027a7000 	C:\WINDOWS\System32\bcrypt.dll
0x00007ffa701d0000 - 0x00007ffa701fe000 	C:\WINDOWS\SYSTEM32\USERENV.dll
0x00007ffa6fc40000 - 0x00007ffa6fc4c000 	C:\WINDOWS\SYSTEM32\CRYPTBASE.dll
0x00007ffa6f6e0000 - 0x00007ffa6f71b000 	C:\WINDOWS\SYSTEM32\IPHLPAPI.DLL
0x00007ffa723b0000 - 0x00007ffa723b8000 	C:\WINDOWS\System32\NSI.dll
0x00007ffa6aca0000 - 0x00007ffa6acb7000 	C:\WINDOWS\SYSTEM32\dhcpcsvc6.DLL
0x00007ffa6b1a0000 - 0x00007ffa6b1bd000 	C:\WINDOWS\SYSTEM32\dhcpcsvc.DLL
0x00007ffa6f720000 - 0x00007ffa6f7eb000 	C:\WINDOWS\SYSTEM32\DNSAPI.dll
0x00000000637c0000 - 0x00000000637cd000 	C:\Users\ghane\AppData\Local\Temp\jogamp_0000\file_cache\jln3124059108300676139\jln7385545648127076772\natives\windows-amd64\gluegen-rt.dll
0x000000005e8f0000 - 0x000000005e8f7000 	C:\Program Files\Java\jdk1.8.0_181\jre\bin\jawt.dll
0x000000006a440000 - 0x000000006a44d000 	C:\Users\ghane\AppData\Local\Temp\jogamp_0000\file_cache\jln3124059108300676139\jln7385545648127076772\natives\windows-amd64\nativewindow_awt.dll
0x000000006c100000 - 0x000000006c10f000 	C:\Users\ghane\AppData\Local\Temp\jogamp_0000\file_cache\jln3124059108300676139\jln7385545648127076772\natives\windows-amd64\nativewindow_win32.dll
0x0000000064500000 - 0x00000000645b1000 	C:\Users\ghane\AppData\Local\Temp\jogamp_0000\file_cache\jln3124059108300676139\jln7385545648127076772\natives\windows-amd64\jogl_desktop.dll
0x0000000064340000 - 0x00000000643a2000 	C:\Users\ghane\AppData\Local\Temp\jogamp_0000\file_cache\jln3124059108300676139\jln7385545648127076772\natives\windows-amd64\jogl_mobile.dll
0x00007ffa71a90000 - 0x00007ffa71b39000 	C:\WINDOWS\System32\clbcatq.dll
0x00007ffa69c10000 - 0x00007ffa69d0a000 	C:\Windows\System32\AppXDeploymentClient.dll
0x00007ffa09ab0000 - 0x00007ffa0a947000 	C:\WINDOWS\System32\DriverStore\FileRepository\igdlh64.inf_amd64_0b3e3ed3ace9602a\ig9icd64.dll
0x00007ffa6ec10000 - 0x00007ffa6ed03000 	C:\WINDOWS\system32\dxgi.dll
0x00007ffa6b160000 - 0x00007ffa6b19b000 	C:\WINDOWS\SYSTEM32\dxcore.dll
0x00007ffa70480000 - 0x00007ffa704ce000 	C:\WINDOWS\System32\cfgmgr32.dll
0x00007ffa280f0000 - 0x00007ffa281d3000 	C:\WINDOWS\System32\DriverStore\FileRepository\igdlh64.inf_amd64_0b3e3ed3ace9602a\igdgmm64.dll
0x00007ffa60d60000 - 0x00007ffa62cc9000 	C:\WINDOWS\System32\DriverStore\FileRepository\igdlh64.inf_amd64_0b3e3ed3ace9602a\igc64.dll
0x00007ffa6fd90000 - 0x00007ffa6fddb000 	C:\WINDOWS\SYSTEM32\powrprof.dll
0x00007ffa6fd40000 - 0x00007ffa6fd52000 	C:\WINDOWS\SYSTEM32\UMPDC.dll
0x000000005e8b0000 - 0x000000005e8ee000 	C:\Program Files\Java\jdk1.8.0_181\jre\bin\lcms.dll
0x000000006b600000 - 0x000000006b658000 	C:\Users\ghane\AppData\Local\Temp\jogamp_0000\file_cache\jln3124059108300676139\jln7385545648127076772\natives\windows-amd64\soft_oal.dll
0x00000000680c0000 - 0x00000000680d6000 	C:\Users\ghane\AppData\Local\Temp\jogamp_0000\file_cache\jln3124059108300676139\jln7385545648127076772\natives\windows-amd64\joal.dll
0x00007ffa66290000 - 0x00007ffa66315000 	C:\WINDOWS\System32\MMDevApi.dll
0x00007ffa70080000 - 0x00007ffa700ac000 	C:\WINDOWS\System32\DEVOBJ.dll
0x00007ffa660b0000 - 0x00007ffa66235000 	C:\WINDOWS\SYSTEM32\AudioSes.dll
0x00007ffa6bf00000 - 0x00007ffa6bff7000 	C:\WINDOWS\SYSTEM32\PropSys.dll
0x00007ffa65330000 - 0x00007ffa653cc000 	C:\WINDOWS\SYSTEM32\dsound.dll
0x00007ffa5eb70000 - 0x00007ffa5eb96000 	C:\WINDOWS\SYSTEM32\winmmbase.dll
0x00007ffa6de20000 - 0x00007ffa6de34000 	C:\WINDOWS\SYSTEM32\resourcepolicyclient.dll
0x00007ffa696b0000 - 0x00007ffa6987f000 	C:\WINDOWS\SYSTEM32\d3d9.dll
0x00007ffa23740000 - 0x00007ffa26e74000 	C:\WINDOWS\System32\DriverStore\FileRepository\igdlh64.inf_amd64_0b3e3ed3ace9602a\igd9dxva64.dll
0x00007ffa5bca0000 - 0x00007ffa5be84000 	C:\WINDOWS\SYSTEM32\dbghelp.dll

VM Arguments:
jvm_args: -javaagent:C:\Program Files\JetBrains\IntelliJ IDEA Community Edition 2019.1.1\lib\idea_rt.jar=62968:C:\Program Files\JetBrains\IntelliJ IDEA Community Edition 2019.1.1\bin -Dfile.encoding=UTF-8 
java_command: Launcher.Launcher
java_class_path (initial): C:\Program Files\Java\jdk1.8.0_181\jre\lib\charsets.jar;C:\Program Files\Java\jdk1.8.0_181\jre\lib\deploy.jar;C:\Program Files\Java\jdk1.8.0_181\jre\lib\ext\access-bridge-64.jar;C:\Program Files\Java\jdk1.8.0_181\jre\lib\ext\cldrdata.jar;C:\Program Files\Java\jdk1.8.0_181\jre\lib\ext\dnsns.jar;C:\Program Files\Java\jdk1.8.0_181\jre\lib\ext\jaccess.jar;C:\Program Files\Java\jdk1.8.0_181\jre\lib\ext\jfxrt.jar;C:\Program Files\Java\jdk1.8.0_181\jre\lib\ext\localedata.jar;C:\Program Files\Java\jdk1.8.0_181\jre\lib\ext\nashorn.jar;C:\Program Files\Java\jdk1.8.0_181\jre\lib\ext\sunec.jar;C:\Program Files\Java\jdk1.8.0_181\jre\lib\ext\sunjce_provider.jar;C:\Program Files\Java\jdk1.8.0_181\jre\lib\ext\sunmscapi.jar;C:\Program Files\Java\jdk1.8.0_181\jre\lib\ext\sunpkcs11.jar;C:\Program Files\Java\jdk1.8.0_181\jre\lib\ext\zipfs.jar;C:\Program Files\Java\jdk1.8.0_181\jre\lib\javaws.jar;C:\Program Files\Java\jdk1.8.0_181\jre\lib\jce.jar;C:\Program Files\Java\jdk1.8.0_181\jre\lib\jfr.jar;C:\Program Files\Java\jdk1.8.0_181\jre\lib\jfxswt.jar;C:\Program Files\Java\jdk1.8.0_181\jre\lib\jsse.jar;C:\Program Files\Java\jdk1.8.0_181\jre\lib\management-agent.jar;C:\Program Files\Java\jdk1.8.0_181\jre\lib\plugin.jar;C:\Program Files\Java\jdk1.8.0_181\jre\lib\resources.jar;C:\Program Files\Java\jdk1.8.0_181\jre\lib\rt.jar;C:\Users\ghane\Documents\GitHub\monk-chess\out\production\monk-chess;C:\Users\ghane\Documents\GitHub\monk-chess\Assets\Launcher\KControls-master\dist\KControls.jar;C:\Users\ghane\Documents\GitHub\monk-chess\Jars4Java3D\j3dcore.jar;C:\Users\ghane\Documents\GitHub\monk-chess\Jars4Java3D\j3dexamples.jar;C:\Users\ghane\Documents\GitHub\monk-chess\Jars4Java3D\vecmath.jar;C:\Users\ghane\Documents\GitHub\monk-chess\Jars4Java3D\j3dutils.jar;C:\Users\ghane\Documents\GitHub\monk-chess\Jars4Java3D\jogamp-fat.jar;C:\Users\ghane\Documents\GitHub\monk-chess\out\production\KControls-master;C:\Program Files\JetBrains\IntelliJ IDEA Community Edition 2019.1.1
Launcher Type: SUN_STANDARD

Environment Variables:
USERNAME=ghane
OS=Windows_NT
PROCESSOR_IDENTIFIER=Intel64 Family 6 Model 142 Stepping 10, GenuineIntel



---------------  S Y S T E M  ---------------

OS: Windows 10.0 , 64 bit Build 19041 (10.0.19041.804)

CPU:total 8 (initial active 8) (4 cores per cpu, 2 threads per core) family 6 model 142 stepping 10, cmov, cx8, fxsr, mmx, sse, sse2, sse3, ssse3, sse4.1, sse4.2, popcnt, avx, avx2, aes, clmul, erms, 3dnowpref, lzcnt, ht, tsc, tscinvbit, bmi1, bmi2, adx

Memory: 4k page, physical 8261220k(985556k free), swap 13936520k(1563616k free)

vm_info: Java HotSpot(TM) 64-Bit Server VM (25.181-b13) for windows-amd64 JRE (1.8.0_181-b13), built on Jul  7 2018 04:01:33 by "java_re" with MS VC++ 10.0 (VS2010)

time: Tue Apr 06 03:25:28 2021
elapsed time: 64 seconds (0d 0h 1m 4s)

