#
# A fatal error has been detected by the Java Runtime Environment:
#
#  EXCEPTION_ACCESS_VIOLATION (0xc0000005) at pc=0x00007ffa0bdd7e1e, pid=9780, tid=0x0000000000002f40
#
# JRE version: Java(TM) SE Runtime Environment (8.0_181-b13) (build 1.8.0_181-b13)
# Java VM: Java HotSpot(TM) 64-Bit Server VM (25.181-b13 mixed mode windows-amd64 compressed oops)
# Problematic frame:
# C  [ig9icd64.dll+0x187e1e]
#
# Failed to write core dump. Minidumps are not enabled by default on client versions of Windows
#
# If you would like to submit a bug report, please visit:
#   http://bugreport.java.com/bugreport/crash.jsp
# The crash happened outside the Java Virtual Machine in native code.
# See problematic frame for where to report the bug.
#

---------------  T H R E A D  ---------------

Current thread (0x000000001c9c3800):  JavaThread "J3D-Renderer-1" daemon [_thread_in_native, id=12096, stack(0x0000000024500000,0x0000000024600000)]

siginfo: ExceptionCode=0xc0000005, reading address 0x0000000000000008

Registers:
RAX=0x0000000000000000, RBX=0x00007ffa0c134270, RCX=0x00000000007aaf40, RDX=0x00000000235a40c0
RSP=0x00000000245fdf70, RBP=0x00000000245fe200, RSI=0x00000000245fe1c0, RDI=0x0000000000000000
R8 =0x0000000009770000, R9 =0x0000000000000000, R10=0x00000000245fe340, R11=0x00000000245fe118
R12=0x0000000000000007, R13=0x0000000000000000, R14=0x00000000245fe490, R15=0x00000000245fe240
RIP=0x00007ffa0bdd7e1e, EFLAGS=0x0000000000010246

Top of Stack: (sp=0x00000000245fdf70)
0x00000000245fdf70:   00000000235a40c0 00007ffa0bff0463
0x00000000245fdf80:   0000000023878740 00000000235a40c0
0x00000000245fdf90:   0000000000000000 00000000245fe0a8
0x00000000245fdfa0:   0000000000000000 00000000245fe200
0x00000000245fdfb0:   00000000245fdfe0 00000000245fe020
0x00000000245fdfc0:   00000000245fe068 00000000245fdff0
0x00000000245fdfd0:   00000000245fe088 00000000245fe000
0x00000000245fdfe0:   00007ffa38832900 00000000245fe3b0
0x00000000245fdff0:   00000000007a5bf0 00007ffa0bc866f0
0x00000000245fe000:   00000000235fe150 0000000080006280
0x00000000245fe010:   0000000000000000 00000000228c4480
0x00000000245fe020:   0000000000000ec0 0000000000000000
0x00000000245fe030:   40007e8040000240 0000000000000000
0x00000000245fe040:   00000000245fe240 00000000245fe340
0x00000000245fe050:   0000000023874050 0000000023874050
0x00000000245fe060:   0000000000000000 00000000235fe150 

Instructions: (pc=0x00007ffa0bdd7e1e)
0x00007ffa0bdd7dfe:   48 85 c9 74 06 48 8b 41 20 eb 15 48 8b 80 98 00
0x00007ffa0bdd7e0e:   00 00 48 85 c0 74 06 48 8b 40 20 eb 03 48 8b c7
0x00007ffa0bdd7e1e:   48 8b 78 08 48 85 ff 0f 84 85 00 00 00 48 8b 07
0x00007ffa0bdd7e2e:   48 8b 98 58 01 00 00 48 8b cb ff 15 c2 e7 80 00 


Register to memory mapping:

RAX=0x0000000000000000 is an unknown value
RBX=0x00007ffa0c134270 is an unknown value
RCX=0x00000000007aaf40 is an unknown value
RDX=0x00000000235a40c0 is an unknown value
RSP=0x00000000245fdf70 is pointing into the stack for thread: 0x000000001c9c3800
RBP=0x00000000245fe200 is pointing into the stack for thread: 0x000000001c9c3800
RSI=0x00000000245fe1c0 is pointing into the stack for thread: 0x000000001c9c3800
RDI=0x0000000000000000 is an unknown value
R8 =0x0000000009770000 is an unknown value
R9 =0x0000000000000000 is an unknown value
R10=0x00000000245fe340 is pointing into the stack for thread: 0x000000001c9c3800
R11=0x00000000245fe118 is pointing into the stack for thread: 0x000000001c9c3800
R12=0x0000000000000007 is an unknown value
R13=0x0000000000000000 is an unknown value
R14=0x00000000245fe490 is pointing into the stack for thread: 0x000000001c9c3800
R15=0x00000000245fe240 is pointing into the stack for thread: 0x000000001c9c3800


Stack: [0x0000000024500000,0x0000000024600000],  sp=0x00000000245fdf70,  free space=1015k
Native frames: (J=compiled Java code, j=interpreted, Vv=VM code, C=native code)
C  [ig9icd64.dll+0x187e1e]
C  [ig9icd64.dll+0x49bc44]
C  [ig9icd64.dll+0x49fc77]
C  [ig9icd64.dll+0x392acf]
C  [ig9icd64.dll+0x34e4d5]
C  [ig9icd64.dll+0x147ee5]
C  [ig9icd64.dll+0x138b74]
C  [ig9icd64.dll+0x135636]
C  [opengl32.dll+0x29bfa]
C  [NahimicOSD.dll+0x1d9ff]
C  [NahimicOSD.dll+0x66584]
C  [NahimicOSD.dll+0x1daf1]
C  [NahimicOSD.dll+0x1ad7f]
C  [gdi32full.dll+0x6268e]
C  [nativewindow_win32.dll+0x2b6d]
C  0x0000000002f1f53b

Java frames: (J=compiled Java code, j=interpreted, Vv=VM code)
J 2234  jogamp.nativewindow.windows.GDI.SwapBuffers(J)Z (0 bytes) @ 0x0000000002f1f4c1 [0x0000000002f1f480+0x41]
J 2232 C1 jogamp.opengl.windows.wgl.WindowsWGLDrawable.swapBuffersImpl(Z)V (153 bytes) @ 0x0000000002f1eacc [0x0000000002f1e840+0x28c]
J 2231 C1 jogamp.opengl.GLDrawableImpl.swapBuffers()V (138 bytes) @ 0x0000000002f1d47c [0x0000000002f1cdc0+0x6bc]
J 2169 C1 org.jogamp.java3d.JoglPipeline.swapBuffers(Lorg/jogamp/java3d/Canvas3D;Lorg/jogamp/java3d/Context;Lorg/jogamp/java3d/Drawable;)V (15 bytes) @ 0x0000000002eddfcc [0x0000000002eddd20+0x2ac]
J 1934 C1 org.jogamp.java3d.Renderer.doWork(J)V (6524 bytes) @ 0x0000000002db5f34 [0x0000000002db4b40+0x13f4]
j  org.jogamp.java3d.J3dThread.run()V+19
v  ~StubRoutines::call_stub

---------------  P R O C E S S  ---------------

Java Threads: ( => current thread )
  0x000000001998d000 JavaThread "J3D-InputDeviceScheduler-1" daemon [_thread_blocked, id=2028, stack(0x0000000025360000,0x0000000025460000)]
  0x0000000019991000 JavaThread "J3D-SoundSchedulerUpdateThread-1" daemon [_thread_blocked, id=3272, stack(0x0000000025260000,0x0000000025360000)]
  0x000000001c9c2000 JavaThread "J3D-RenderStructureUpdateThread-1" daemon [_thread_blocked, id=14996, stack(0x0000000025160000,0x0000000025260000)]
  0x000000001c9c1800 JavaThread "J3D-BehaviorScheduler-1" daemon [_thread_blocked, id=11392, stack(0x0000000025060000,0x0000000025160000)]
  0x000000001c9c0800 JavaThread "J3D-TransformStructureUpdateThread-1" daemon [_thread_blocked, id=8296, stack(0x0000000024f60000,0x0000000025060000)]
  0x000000001c9c0000 JavaThread "J3D-RenderingEnvironmentStructureUpdateThread-1" daemon [_thread_blocked, id=17624, stack(0x0000000024e60000,0x0000000024f60000)]
  0x000000001c9bf000 JavaThread "J3D-SoundStructureUpdateThread-1" daemon [_thread_blocked, id=6424, stack(0x0000000024d60000,0x0000000024e60000)]
  0x000000001c9c5000 JavaThread "J3D-GeometryStructureUpdateThread-1" daemon [_thread_blocked, id=6048, stack(0x0000000024c60000,0x0000000024d60000)]
  0x000000001c9c4800 JavaThread "J3D-BehaviorStructureUpdateThread-1" daemon [_thread_blocked, id=5420, stack(0x0000000024b60000,0x0000000024c60000)]
=>0x000000001c9c3800 JavaThread "J3D-Renderer-1" daemon [_thread_in_native, id=12096, stack(0x0000000024500000,0x0000000024600000)]
  0x000000001c9c3000 JavaThread "J3D-MasterControl-1" daemon [_thread_blocked, id=9848, stack(0x0000000024400000,0x0000000024500000)]
  0x000000001d2f3800 JavaThread "J3D-NotificationThread" daemon [_thread_blocked, id=17404, stack(0x0000000024300000,0x0000000024400000)]
  0x000000001c957800 JavaThread "J3D-TimerThread" daemon [_thread_blocked, id=16756, stack(0x0000000024200000,0x0000000024300000)]
  0x000000001cc75000 JavaThread "J3D-RenderingAttributesStructureUpdateThread" daemon [_thread_blocked, id=9672, stack(0x0000000024100000,0x0000000024200000)]
  0x00000000026b4000 JavaThread "DestroyJavaVM" [_thread_blocked, id=11772, stack(0x0000000002340000,0x0000000002440000)]
  0x000000001a867800 JavaThread "AWT-EventQueue-0" [_thread_blocked, id=11588, stack(0x000000001c0a0000,0x000000001c1a0000)]
  0x000000001a6fc800 JavaThread "AWT-Shutdown" [_thread_blocked, id=12872, stack(0x000000001af40000,0x000000001b040000)]
  0x000000001a6d3800 JavaThread "Java2D Disposer" daemon [_thread_blocked, id=8084, stack(0x000000001ae40000,0x000000001af40000)]
  0x00000000197ae800 JavaThread "Service Thread" daemon [_thread_blocked, id=13096, stack(0x000000001a300000,0x000000001a400000)]
  0x000000001970f800 JavaThread "C1 CompilerThread3" daemon [_thread_blocked, id=6668, stack(0x000000001a200000,0x000000001a300000)]
  0x0000000019703800 JavaThread "C2 CompilerThread2" daemon [_thread_blocked, id=1436, stack(0x000000001a100000,0x000000001a200000)]
  0x00000000196f9800 JavaThread "C2 CompilerThread1" daemon [_thread_blocked, id=3464, stack(0x000000001a000000,0x000000001a100000)]
  0x00000000196f8800 JavaThread "C2 CompilerThread0" daemon [_thread_blocked, id=8556, stack(0x0000000019f00000,0x000000001a000000)]
  0x0000000019662800 JavaThread "Monitor Ctrl-Break" daemon [_thread_in_native, id=1988, stack(0x0000000019e00000,0x0000000019f00000)]
  0x000000001962b000 JavaThread "Attach Listener" daemon [_thread_blocked, id=13944, stack(0x0000000019d00000,0x0000000019e00000)]
  0x000000001962a800 JavaThread "Signal Dispatcher" daemon [_thread_blocked, id=11004, stack(0x0000000019c00000,0x0000000019d00000)]
  0x0000000019620800 JavaThread "Finalizer" daemon [_thread_blocked, id=16588, stack(0x0000000019a00000,0x0000000019b00000)]
  0x000000001771c800 JavaThread "Reference Handler" daemon [_thread_blocked, id=13448, stack(0x0000000019500000,0x0000000019600000)]

Other Threads:
  0x0000000017719000 VMThread [stack: 0x0000000019400000,0x0000000019500000] [id=3060]
  0x00000000197fb800 WatcherThread [stack: 0x000000001a400000,0x000000001a500000] [id=9612]

VM state:not at safepoint (normal execution)

VM Mutex/Monitor currently owned by a thread: None

Heap:
 PSYoungGen      total 202240K, used 124072K [0x00000000d5f80000, 0x00000000e8880000, 0x0000000100000000)
  eden space 131072K, 43% used [0x00000000d5f80000,0x00000000d96b2198,0x00000000ddf80000)
  from space 71168K, 94% used [0x00000000ddf80000,0x00000000e21780e0,0x00000000e2500000)
  to   space 81920K, 0% used [0x00000000e3880000,0x00000000e3880000,0x00000000e8880000)
 ParOldGen       total 294400K, used 139731K [0x0000000081e00000, 0x0000000093d80000, 0x00000000d5f80000)
  object space 294400K, 47% used [0x0000000081e00000,0x000000008a674de8,0x0000000093d80000)
 Metaspace       used 22963K, capacity 23172K, committed 23680K, reserved 1071104K
  class space    used 2221K, capacity 2313K, committed 2432K, reserved 1048576K

Card table byte_map: [0x0000000011b70000,0x0000000011f70000] byte_map_base: 0x0000000011761000

Marking Bits: (ParMarkBitMap*) 0x000000005f4b2d00
 Begin Bits: [0x0000000012a20000, 0x00000000149a8000)
 End Bits:   [0x00000000149a8000, 0x0000000016930000)

Polling page: 0x0000000000af0000

CodeCache: size=245760Kb used=8430Kb max_used=8431Kb free=237330Kb
 bounds [0x00000000027b0000, 0x0000000003000000, 0x00000000117b0000]
 total_blobs=3120 nmethods=2196 adapters=836
 compilation: enabled

Compilation events (10 events):
Event: 34.038 Thread 0x0000000019703800 2462       4       sun.awt.AWTAutoShutdown::isReadyToShutdown (37 bytes)
Event: 34.039 Thread 0x0000000019703800 nmethod 2462 0x0000000002fedb90 code [0x0000000002fedce0, 0x0000000002fedde8]
Event: 34.236 Thread 0x000000001970f800 2463       3       java.util.logging.LogManager$LoggerContext::ensureDefaultLogger (70 bytes)
Event: 34.236 Thread 0x000000001970f800 nmethod 2463 0x0000000002fef9d0 code [0x0000000002fefb80, 0x0000000002ff0408]
Event: 34.237 Thread 0x000000001970f800 2464  s    3       java.util.Hashtable::containsKey (65 bytes)
Event: 34.237 Thread 0x000000001970f800 nmethod 2464 0x0000000002ff6790 code [0x0000000002ff6920, 0x0000000002ff6f58]
Event: 34.245 Thread 0x000000001970f800 2465       3       java.util.jar.Attributes$Name::equals (39 bytes)
Event: 34.246 Thread 0x000000001970f800 nmethod 2465 0x0000000002ff6010 code [0x0000000002ff61a0, 0x0000000002ff6648]
Event: 34.246 Thread 0x000000001970f800 2466       3       sun.misc.ASCIICaseInsensitiveComparator::compare (13 bytes)
Event: 34.246 Thread 0x000000001970f800 nmethod 2466 0x0000000002ff5a50 code [0x0000000002ff5bc0, 0x0000000002ff5f28]

GC Heap History (10 events):
Event: 10.717 GC heap before
{Heap before GC invocations=18 (full 3):
 PSYoungGen      total 164352K, used 151936K [0x00000000d5f80000, 0x00000000e2e80000, 0x0000000100000000)
  eden space 122880K, 100% used [0x00000000d5f80000,0x00000000dd780000,0x00000000dd780000)
  from space 41472K, 70% used [0x00000000e0280000,0x00000000e1ee0060,0x00000000e2b00000)
  to   space 44032K, 0% used [0x00000000dd780000,0x00000000dd780000,0x00000000e0280000)
 ParOldGen       total 294400K, used 130131K [0x0000000081e00000, 0x0000000093d80000, 0x00000000d5f80000)
  object space 294400K, 44% used [0x0000000081e00000,0x0000000089d14dc8,0x0000000093d80000)
 Metaspace       used 21725K, capacity 21950K, committed 22448K, reserved 1069056K
  class space    used 2168K, capacity 2248K, committed 2304K, reserved 1048576K
Event: 10.722 GC heap after
Heap after GC invocations=18 (full 3):
 PSYoungGen      total 166912K, used 38688K [0x00000000d5f80000, 0x00000000e4600000, 0x0000000100000000)
  eden space 122880K, 0% used [0x00000000d5f80000,0x00000000d5f80000,0x00000000dd780000)
  from space 44032K, 87% used [0x00000000dd780000,0x00000000dfd48080,0x00000000e0280000)
  to   space 49664K, 0% used [0x00000000e1580000,0x00000000e1580000,0x00000000e4600000)
 ParOldGen       total 294400K, used 130131K [0x0000000081e00000, 0x0000000093d80000, 0x00000000d5f80000)
  object space 294400K, 44% used [0x0000000081e00000,0x0000000089d14dc8,0x0000000093d80000)
 Metaspace       used 21725K, capacity 21950K, committed 22448K, reserved 1069056K
  class space    used 2168K, capacity 2248K, committed 2304K, reserved 1048576K
}
Event: 11.519 GC heap before
{Heap before GC invocations=19 (full 3):
 PSYoungGen      total 166912K, used 161568K [0x00000000d5f80000, 0x00000000e4600000, 0x0000000100000000)
  eden space 122880K, 100% used [0x00000000d5f80000,0x00000000dd780000,0x00000000dd780000)
  from space 44032K, 87% used [0x00000000dd780000,0x00000000dfd48080,0x00000000e0280000)
  to   space 49664K, 0% used [0x00000000e1580000,0x00000000e1580000,0x00000000e4600000)
 ParOldGen       total 294400K, used 130131K [0x0000000081e00000, 0x0000000093d80000, 0x00000000d5f80000)
  object space 294400K, 44% used [0x0000000081e00000,0x0000000089d14dc8,0x0000000093d80000)
 Metaspace       used 21726K, capacity 21950K, committed 22448K, reserved 1069056K
  class space    used 2168K, capacity 2248K, committed 2304K, reserved 1048576K
Event: 11.529 GC heap after
Heap after GC invocations=19 (full 3):
 PSYoungGen      total 180224K, used 43488K [0x00000000d5f80000, 0x00000000e5280000, 0x0000000100000000)
  eden space 130560K, 0% used [0x00000000d5f80000,0x00000000d5f80000,0x00000000ddf00000)
  from space 49664K, 87% used [0x00000000e1580000,0x00000000e3ff8090,0x00000000e4600000)
  to   space 55808K, 0% used [0x00000000ddf00000,0x00000000ddf00000,0x00000000e1580000)
 ParOldGen       total 294400K, used 130131K [0x0000000081e00000, 0x0000000093d80000, 0x00000000d5f80000)
  object space 294400K, 44% used [0x0000000081e00000,0x0000000089d14dc8,0x0000000093d80000)
 Metaspace       used 21726K, capacity 21950K, committed 22448K, reserved 1069056K
  class space    used 2168K, capacity 2248K, committed 2304K, reserved 1048576K
}
Event: 12.400 GC heap before
{Heap before GC invocations=20 (full 3):
 PSYoungGen      total 180224K, used 174048K [0x00000000d5f80000, 0x00000000e5280000, 0x0000000100000000)
  eden space 130560K, 100% used [0x00000000d5f80000,0x00000000ddf00000,0x00000000ddf00000)
  from space 49664K, 87% used [0x00000000e1580000,0x00000000e3ff8090,0x00000000e4600000)
  to   space 55808K, 0% used [0x00000000ddf00000,0x00000000ddf00000,0x00000000e1580000)
 ParOldGen       total 294400K, used 130131K [0x0000000081e00000, 0x0000000093d80000, 0x00000000d5f80000)
  object space 294400K, 44% used [0x0000000081e00000,0x0000000089d14dc8,0x0000000093d80000)
 Metaspace       used 21727K, capacity 21950K, committed 22448K, reserved 1069056K
  class space    used 2168K, capacity 2248K, committed 2304K, reserved 1048576K
Event: 12.406 GC heap after
Heap after GC invocations=20 (full 3):
 PSYoungGen      total 186368K, used 48256K [0x00000000d5f80000, 0x00000000e6200000, 0x0000000100000000)
  eden space 130560K, 0% used [0x00000000d5f80000,0x00000000d5f80000,0x00000000ddf00000)
  from space 55808K, 86% used [0x00000000ddf00000,0x00000000e0e200a0,0x00000000e1580000)
  to   space 62464K, 0% used [0x00000000e2500000,0x00000000e2500000,0x00000000e6200000)
 ParOldGen       total 294400K, used 130131K [0x0000000081e00000, 0x0000000093d80000, 0x00000000d5f80000)
  object space 294400K, 44% used [0x0000000081e00000,0x0000000089d14dc8,0x0000000093d80000)
 Metaspace       used 21727K, capacity 21950K, committed 22448K, reserved 1069056K
  class space    used 2168K, capacity 2248K, committed 2304K, reserved 1048576K
}
Event: 13.235 GC heap before
{Heap before GC invocations=21 (full 3):
 PSYoungGen      total 186368K, used 178816K [0x00000000d5f80000, 0x00000000e6200000, 0x0000000100000000)
  eden space 130560K, 100% used [0x00000000d5f80000,0x00000000ddf00000,0x00000000ddf00000)
  from space 55808K, 86% used [0x00000000ddf00000,0x00000000e0e200a0,0x00000000e1580000)
  to   space 62464K, 0% used [0x00000000e2500000,0x00000000e2500000,0x00000000e6200000)
 ParOldGen       total 294400K, used 130131K [0x0000000081e00000, 0x0000000093d80000, 0x00000000d5f80000)
  object space 294400K, 44% used [0x0000000081e00000,0x0000000089d14dc8,0x0000000093d80000)
 Metaspace       used 21729K, capacity 21950K, committed 22448K, reserved 1069056K
  class space    used 2168K, capacity 2248K, committed 2304K, reserved 1048576K
Event: 13.243 GC heap after
Heap after GC invocations=21 (full 3):
 PSYoungGen      total 193536K, used 57952K [0x00000000d5f80000, 0x00000000e7300000, 0x0000000100000000)
  eden space 131072K, 0% used [0x00000000d5f80000,0x00000000d5f80000,0x00000000ddf80000)
  from space 62464K, 92% used [0x00000000e2500000,0x00000000e5d980c0,0x00000000e6200000)
  to   space 71168K, 0% used [0x00000000ddf80000,0x00000000ddf80000,0x00000000e2500000)
 ParOldGen       total 294400K, used 130131K [0x0000000081e00000, 0x0000000093d80000, 0x00000000d5f80000)
  object space 294400K, 44% used [0x0000000081e00000,0x0000000089d14dc8,0x0000000093d80000)
 Metaspace       used 21729K, capacity 21950K, committed 22448K, reserved 1069056K
  class space    used 2168K, capacity 2248K, committed 2304K, reserved 1048576K
}
Event: 14.088 GC heap before
{Heap before GC invocations=22 (full 3):
 PSYoungGen      total 193536K, used 189024K [0x00000000d5f80000, 0x00000000e7300000, 0x0000000100000000)
  eden space 131072K, 100% used [0x00000000d5f80000,0x00000000ddf80000,0x00000000ddf80000)
  from space 62464K, 92% used [0x00000000e2500000,0x00000000e5d980c0,0x00000000e6200000)
  to   space 71168K, 0% used [0x00000000ddf80000,0x00000000ddf80000,0x00000000e2500000)
 ParOldGen       total 294400K, used 130131K [0x0000000081e00000, 0x0000000093d80000, 0x00000000d5f80000)
  object space 294400K, 44% used [0x0000000081e00000,0x0000000089d14dc8,0x0000000093d80000)
 Metaspace       used 21731K, capacity 21950K, committed 22448K, reserved 1069056K
  class space    used 2168K, capacity 2248K, committed 2304K, reserved 1048576K
Event: 14.096 GC heap after
Heap after GC invocations=22 (full 3):
 PSYoungGen      total 202240K, used 67552K [0x00000000d5f80000, 0x00000000e8880000, 0x0000000100000000)
  eden space 131072K, 0% used [0x00000000d5f80000,0x00000000d5f80000,0x00000000ddf80000)
  from space 71168K, 94% used [0x00000000ddf80000,0x00000000e21780e0,0x00000000e2500000)
  to   space 81920K, 0% used [0x00000000e3880000,0x00000000e3880000,0x00000000e8880000)
 ParOldGen       total 294400K, used 139731K [0x0000000081e00000, 0x0000000093d80000, 0x00000000d5f80000)
  object space 294400K, 47% used [0x0000000081e00000,0x000000008a674de8,0x0000000093d80000)
 Metaspace       used 21731K, capacity 21950K, committed 22448K, reserved 1069056K
  class space    used 2168K, capacity 2248K, committed 2304K, reserved 1048576K
}

Deoptimization events (10 events):
Event: 5.855 Thread 0x000000001a867800 Uncommon trap: reason=class_check action=maybe_recompile pc=0x0000000002c87d18 method=com.jogamp.common.os.DynamicLibraryBundle.toolDynamicLookupFunction(Ljava/lang/String;)J @ 18
Event: 6.174 Thread 0x000000001a867800 Uncommon trap: reason=unstable_if action=reinterpret pc=0x0000000002d86a5c method=java.io.BufferedInputStream.read([BII)I @ 31
Event: 7.452 Thread 0x000000001a867800 Uncommon trap: reason=null_check action=make_not_entrant pc=0x0000000002d7e33c method=sun.java2d.cmm.lcms.LCMSProfile$TagCache.getTag(I)Lsun/java2d/cmm/lcms/LCMSProfile$TagData; @ 11
Event: 7.452 Thread 0x000000001a867800 Uncommon trap: reason=null_check action=make_not_entrant pc=0x0000000002d74e08 method=sun.java2d.cmm.lcms.LCMSProfile$TagCache.getTag(I)Lsun/java2d/cmm/lcms/LCMSProfile$TagData; @ 11
Event: 7.452 Thread 0x000000001a867800 Uncommon trap: reason=null_check action=make_not_entrant pc=0x0000000002d68b48 method=sun.java2d.cmm.lcms.LCMSProfile$TagCache.getTag(I)Lsun/java2d/cmm/lcms/LCMSProfile$TagData; @ 11
Event: 7.452 Thread 0x000000001a867800 Uncommon trap: reason=unstable_if action=reinterpret pc=0x0000000002d7c5c0 method=sun.java2d.cmm.lcms.LCMSTransform.doTransform(Lsun/java2d/cmm/lcms/LCMSImageLayout;Lsun/java2d/cmm/lcms/LCMSImageLayout;)V @ 6
Event: 7.456 Thread 0x000000001a867800 Uncommon trap: reason=unstable_if action=reinterpret pc=0x0000000002d7cdd4 method=java.awt.image.ColorConvertOp.filter(Ljava/awt/image/Raster;Ljava/awt/image/WritableRaster;)Ljava/awt/image/WritableRaster; @ 138
Event: 7.456 Thread 0x000000001a867800 Uncommon trap: reason=unstable_if action=reinterpret pc=0x0000000002d814b0 method=sun.java2d.cmm.lcms.LCMSTransform.doTransform(Lsun/java2d/cmm/lcms/LCMSImageLayout;Lsun/java2d/cmm/lcms/LCMSImageLayout;)V @ 6
Event: 31.816 Thread 0x000000001a867800 Uncommon trap: reason=unstable_if action=reinterpret pc=0x0000000002e652ec method=org.jogamp.java3d.Transform3D.isOrtho()Z @ 6
Event: 31.817 Thread 0x000000001a867800 Uncommon trap: reason=unstable_if action=reinterpret pc=0x0000000002b06438 method=org.jogamp.java3d.Transform3D.almostEqual(DD)Z @ 9

Classes redefined (0 events):
No events

Internal exceptions (10 events):
Event: 14.256 Thread 0x000000001a867800 Exception <a 'java/lang/NullPointerException'> (0x00000000d6b29ed8) thrown at [C:\re\workspace\8-2-build-windows-amd64-cygwin\jdk8u181\11358\hotspot\src\share\vm\interpreter\linkResolver.cpp, line 1287]
Event: 14.256 Thread 0x000000001a867800 Exception <a 'java/lang/NullPointerException'> (0x00000000d6b2cc60) thrown at [C:\re\workspace\8-2-build-windows-amd64-cygwin\jdk8u181\11358\hotspot\src\share\vm\interpreter\linkResolver.cpp, line 1287]
Event: 14.257 Thread 0x000000001a867800 Exception <a 'java/lang/NullPointerException'> (0x00000000d6b2fc78) thrown at [C:\re\workspace\8-2-build-windows-amd64-cygwin\jdk8u181\11358\hotspot\src\share\vm\interpreter\linkResolver.cpp, line 1287]
Event: 14.257 Thread 0x000000001a867800 Exception <a 'java/lang/NullPointerException'> (0x00000000d6b32ba8) thrown at [C:\re\workspace\8-2-build-windows-amd64-cygwin\jdk8u181\11358\hotspot\src\share\vm\interpreter\linkResolver.cpp, line 1287]
Event: 31.458 Thread 0x000000001a867800 Exception <a 'java/lang/NullPointerException'> (0x00000000d6b5c230) thrown at [C:\re\workspace\8-2-build-windows-amd64-cygwin\jdk8u181\11358\hotspot\src\share\vm\interpreter\linkResolver.cpp, line 1287]
Event: 31.700 Thread 0x000000001a867800 Exception <a 'java/lang/NullPointerException'> (0x00000000d6b5f930) thrown at [C:\re\workspace\8-2-build-windows-amd64-cygwin\jdk8u181\11358\hotspot\src\share\vm\interpreter\linkResolver.cpp, line 1287]
Event: 31.818 Thread 0x000000001a867800 Exception <a 'java/lang/NullPointerException'> (0x00000000d6b632b8) thrown at [C:\re\workspace\8-2-build-windows-amd64-cygwin\jdk8u181\11358\hotspot\src\share\vm\interpreter\linkResolver.cpp, line 1287]
Event: 32.057 Thread 0x000000001a867800 Exception <a 'java/lang/NullPointerException'> (0x00000000d6b69858) thrown at [C:\re\workspace\8-2-build-windows-amd64-cygwin\jdk8u181\11358\hotspot\src\share\vm\interpreter\linkResolver.cpp, line 1287]
Event: 32.789 Thread 0x000000001a867800 Exception <a 'java/lang/NullPointerException'> (0x00000000d6b80340) thrown at [C:\re\workspace\8-2-build-windows-amd64-cygwin\jdk8u181\11358\hotspot\src\share\vm\interpreter\linkResolver.cpp, line 1287]
Event: 33.057 Thread 0x000000001a867800 Exception <a 'java/lang/NullPointerException'> (0x00000000d6b861f0) thrown at [C:\re\workspace\8-2-build-windows-amd64-cygwin\jdk8u181\11358\hotspot\src\share\vm\interpreter\linkResolver.cpp, line 1287]

Events (10 events):
Event: 34.243 loading class jogamp/opengl/egl/EGLGraphicsConfigurationFactory done
Event: 34.245 loading class com/jogamp/nativewindow/egl/EGLGraphicsDevice
Event: 34.245 loading class com/jogamp/nativewindow/egl/EGLGraphicsDevice done
Event: 34.246 loading class jogamp/opengl/egl/EGLDisplayUtil
Event: 34.246 loading class jogamp/opengl/egl/EGLDisplayUtil done
Event: 34.247 loading class com/jogamp/nativewindow/egl/EGLGraphicsDevice$EGLDisplayLifecycleCallback
Event: 34.247 loading class com/jogamp/nativewindow/egl/EGLGraphicsDevice$EGLDisplayLifecycleCallback done
Event: 34.248 loading class jogamp/opengl/egl/EGLDisplayUtil$1
Event: 34.248 loading class jogamp/opengl/egl/EGLDisplayUtil$1 done
Event: 34.249 Thread 0x0000000019993000 Thread exited: 0x0000000019993000


Dynamic libraries:
0x00007ff791d80000 - 0x00007ff791db7000 	C:\Program Files\Java\jdk1.8.0_181\bin\java.exe
0x00007ffa72b90000 - 0x00007ffa72d85000 	C:\WINDOWS\SYSTEM32\ntdll.dll
0x00007ffa71b40000 - 0x00007ffa71bfd000 	C:\WINDOWS\System32\KERNEL32.DLL
0x00007ffa70810000 - 0x00007ffa70ad9000 	C:\WINDOWS\System32\KERNELBASE.dll
0x00007ffa723d0000 - 0x00007ffa7247c000 	C:\WINDOWS\System32\ADVAPI32.dll
0x00007ffa715c0000 - 0x00007ffa7165e000 	C:\WINDOWS\System32\msvcrt.dll
0x00007ffa71520000 - 0x00007ffa715bc000 	C:\WINDOWS\System32\sechost.dll
0x00007ffa716d0000 - 0x00007ffa717fb000 	C:\WINDOWS\System32\RPCRT4.dll
0x00007ffa724a0000 - 0x00007ffa72640000 	C:\WINDOWS\System32\USER32.dll
0x00007ffa707b0000 - 0x00007ffa707d2000 	C:\WINDOWS\System32\win32u.dll
0x00007ffa726b0000 - 0x00007ffa726da000 	C:\WINDOWS\System32\GDI32.dll
0x00007ffa702d0000 - 0x00007ffa703db000 	C:\WINDOWS\System32\gdi32full.dll
0x00007ffa703e0000 - 0x00007ffa7047d000 	C:\WINDOWS\System32\msvcp_win.dll
0x00007ffa704d0000 - 0x00007ffa705d0000 	C:\WINDOWS\System32\ucrtbase.dll
0x00007ffa5db70000 - 0x00007ffa5de0a000 	C:\WINDOWS\WinSxS\amd64_microsoft.windows.common-controls_6595b64144ccf1df_6.0.19041.844_none_ca00b6081b84eb1d\COMCTL32.dll
0x00007ffa71230000 - 0x00007ffa71260000 	C:\WINDOWS\System32\IMM32.DLL
0x000000005f540000 - 0x000000005f612000 	C:\Program Files\Java\jdk1.8.0_181\jre\bin\msvcr100.dll
0x000000005ec90000 - 0x000000005f532000 	C:\Program Files\Java\jdk1.8.0_181\jre\bin\server\jvm.dll
0x00007ffa723c0000 - 0x00007ffa723c8000 	C:\WINDOWS\System32\PSAPI.DLL
0x00007ffa6db50000 - 0x00007ffa6db59000 	C:\WINDOWS\SYSTEM32\WSOCK32.dll
0x00007ffa5eb20000 - 0x00007ffa5eb47000 	C:\WINDOWS\SYSTEM32\WINMM.dll
0x00007ffa6ac40000 - 0x00007ffa6ac4a000 	C:\WINDOWS\SYSTEM32\VERSION.dll
0x00007ffa72640000 - 0x00007ffa726ab000 	C:\WINDOWS\System32\WS2_32.dll
0x000000005ec80000 - 0x000000005ec8f000 	C:\Program Files\Java\jdk1.8.0_181\jre\bin\verify.dll
0x000000005ec50000 - 0x000000005ec79000 	C:\Program Files\Java\jdk1.8.0_181\jre\bin\java.dll
0x000000005ebb0000 - 0x000000005ebd3000 	C:\Program Files\Java\jdk1.8.0_181\jre\bin\instrument.dll
0x000000005ec30000 - 0x000000005ec46000 	C:\Program Files\Java\jdk1.8.0_181\jre\bin\zip.dll
0x00007ffa71c60000 - 0x00007ffa723a2000 	C:\WINDOWS\System32\SHELL32.dll
0x00007ffa6e420000 - 0x00007ffa6ebb0000 	C:\WINDOWS\SYSTEM32\windows.storage.dll
0x00007ffa70e20000 - 0x00007ffa71175000 	C:\WINDOWS\System32\combase.dll
0x00007ffa6fcd0000 - 0x00007ffa6fcfc000 	C:\WINDOWS\SYSTEM32\Wldp.dll
0x00007ffa71180000 - 0x00007ffa7122e000 	C:\WINDOWS\System32\SHCORE.dll
0x00007ffa71260000 - 0x00007ffa712b5000 	C:\WINDOWS\System32\shlwapi.dll
0x00007ffa70210000 - 0x00007ffa7022f000 	C:\WINDOWS\SYSTEM32\profapi.dll
0x00007ffa6bdd0000 - 0x00007ffa6bdea000 	C:\Program Files\JetBrains\IntelliJ IDEA Community Edition 2019.1.1\bin\breakgen64.dll
0x000000005ec10000 - 0x000000005ec2a000 	C:\Program Files\Java\jdk1.8.0_181\jre\bin\net.dll
0x00007ffa6f9f0000 - 0x00007ffa6fa5a000 	C:\WINDOWS\system32\mswsock.dll
0x000000005ea10000 - 0x000000005eba9000 	C:\Program Files\Java\jdk1.8.0_181\jre\bin\awt.dll
0x00007ffa712c0000 - 0x00007ffa7138d000 	C:\WINDOWS\System32\OLEAUT32.dll
0x00007ffa6dc60000 - 0x00007ffa6dcf0000 	C:\WINDOWS\SYSTEM32\apphelp.dll
0x00007ffa6dd60000 - 0x00007ffa6ddfe000 	C:\WINDOWS\system32\uxtheme.dll
0x00007ffa71890000 - 0x00007ffa719a5000 	C:\WINDOWS\System32\MSCTF.dll
0x00007ffa51c70000 - 0x00007ffa51d6c000 	C:\ProgramData\AWHeadset\DellInc.AlienwareSoundCenter\Modules\ScheduledModules\x64\DellInc.AlienwareSoundCenterDevProps2.dll
0x00007ffa71390000 - 0x00007ffa714ba000 	C:\WINDOWS\System32\ole32.dll
0x00007ffa51f00000 - 0x00007ffa51fac000 	C:\ProgramData\AWHeadset\DellInc.AlienwareSoundCenter\Modules\ScheduledModules\x64\NahimicOSD.dll
0x00007ffa67110000 - 0x00007ffa67131000 	C:\ProgramData\AWHeadset\DellInc.AlienwareSoundCenter\Modules\ScheduledModules\x64\ProductInfo.dll
0x00007ffa6e220000 - 0x00007ffa6e232000 	C:\WINDOWS\SYSTEM32\kernel.appcore.dll
0x00007ffa705d0000 - 0x00007ffa70650000 	C:\WINDOWS\System32\bcryptPrimitives.dll
0x00007ffa6e040000 - 0x00007ffa6e06f000 	C:\WINDOWS\system32\DWMAPI.DLL
0x00007ffa65140000 - 0x00007ffa65266000 	C:\WINDOWS\system32\opengl32.dll
0x00007ffa66240000 - 0x00007ffa6626c000 	C:\WINDOWS\SYSTEM32\GLU32.dll
0x000000005e9c0000 - 0x000000005ea07000 	C:\Program Files\Java\jdk1.8.0_181\jre\bin\fontmanager.dll
0x000000005ebf0000 - 0x000000005ec01000 	C:\Program Files\Java\jdk1.8.0_181\jre\bin\nio.dll
0x000000005e980000 - 0x000000005e9b1000 	C:\Program Files\Java\jdk1.8.0_181\jre\bin\jpeg.dll
0x000000005e930000 - 0x000000005e972000 	C:\Program Files\Java\jdk1.8.0_181\jre\bin\t2k.dll
0x00007ffa66540000 - 0x00007ffa6663b000 	C:\WINDOWS\SYSTEM32\textinputframework.dll
0x00007ffa6d8c0000 - 0x00007ffa6d9b2000 	C:\WINDOWS\System32\CoreMessaging.dll
0x00007ffa6d560000 - 0x00007ffa6d8be000 	C:\WINDOWS\System32\CoreUIComponents.dll
0x00007ffa6f010000 - 0x00007ffa6f043000 	C:\WINDOWS\SYSTEM32\ntmarta.dll
0x00007ffa6ce60000 - 0x00007ffa6cfb4000 	C:\WINDOWS\SYSTEM32\wintypes.dll
0x000000005e900000 - 0x000000005e92a000 	C:\Program Files\Java\jdk1.8.0_181\jre\bin\dcpr.dll
0x00007ffa6fc20000 - 0x00007ffa6fc38000 	C:\WINDOWS\SYSTEM32\CRYPTSP.dll
0x00007ffa6f390000 - 0x00007ffa6f3c4000 	C:\WINDOWS\system32\rsaenh.dll
0x0000000002630000 - 0x0000000002657000 	C:\WINDOWS\System32\bcrypt.dll
0x00007ffa701d0000 - 0x00007ffa701fe000 	C:\WINDOWS\SYSTEM32\USERENV.dll
0x00007ffa6fc40000 - 0x00007ffa6fc4c000 	C:\WINDOWS\SYSTEM32\CRYPTBASE.dll
0x00007ffa6f6e0000 - 0x00007ffa6f71b000 	C:\WINDOWS\SYSTEM32\IPHLPAPI.DLL
0x00007ffa723b0000 - 0x00007ffa723b8000 	C:\WINDOWS\System32\NSI.dll
0x00007ffa6aca0000 - 0x00007ffa6acb7000 	C:\WINDOWS\SYSTEM32\dhcpcsvc6.DLL
0x00007ffa6b1a0000 - 0x00007ffa6b1bd000 	C:\WINDOWS\SYSTEM32\dhcpcsvc.DLL
0x00007ffa6f720000 - 0x00007ffa6f7eb000 	C:\WINDOWS\SYSTEM32\DNSAPI.dll
0x00000000637c0000 - 0x00000000637cd000 	C:\Users\ghane\AppData\Local\Temp\jogamp_0000\file_cache\jln3388349260226639398\jln7040375587586878760\natives\windows-amd64\gluegen-rt.dll
0x000000005e8f0000 - 0x000000005e8f7000 	C:\Program Files\Java\jdk1.8.0_181\jre\bin\jawt.dll
0x000000006a440000 - 0x000000006a44d000 	C:\Users\ghane\AppData\Local\Temp\jogamp_0000\file_cache\jln3388349260226639398\jln7040375587586878760\natives\windows-amd64\nativewindow_awt.dll
0x000000006c100000 - 0x000000006c10f000 	C:\Users\ghane\AppData\Local\Temp\jogamp_0000\file_cache\jln3388349260226639398\jln7040375587586878760\natives\windows-amd64\nativewindow_win32.dll
0x0000000064500000 - 0x00000000645b1000 	C:\Users\ghane\AppData\Local\Temp\jogamp_0000\file_cache\jln3388349260226639398\jln7040375587586878760\natives\windows-amd64\jogl_desktop.dll
0x0000000064340000 - 0x00000000643a2000 	C:\Users\ghane\AppData\Local\Temp\jogamp_0000\file_cache\jln3388349260226639398\jln7040375587586878760\natives\windows-amd64\jogl_mobile.dll
0x00007ffa71a90000 - 0x00007ffa71b39000 	C:\WINDOWS\System32\clbcatq.dll
0x00007ffa69c10000 - 0x00007ffa69d0a000 	C:\Windows\System32\AppXDeploymentClient.dll
0x00007ffa0bc50000 - 0x00007ffa0cae7000 	C:\WINDOWS\System32\DriverStore\FileRepository\igdlh64.inf_amd64_0b3e3ed3ace9602a\ig9icd64.dll
0x00007ffa6ec10000 - 0x00007ffa6ed03000 	C:\WINDOWS\system32\dxgi.dll
0x00007ffa6b160000 - 0x00007ffa6b19b000 	C:\WINDOWS\SYSTEM32\dxcore.dll
0x00007ffa70480000 - 0x00007ffa704ce000 	C:\WINDOWS\System32\cfgmgr32.dll
0x00007ffa38830000 - 0x00007ffa38913000 	C:\WINDOWS\System32\DriverStore\FileRepository\igdlh64.inf_amd64_0b3e3ed3ace9602a\igdgmm64.dll
0x00007ffa60d60000 - 0x00007ffa62cc9000 	C:\WINDOWS\System32\DriverStore\FileRepository\igdlh64.inf_amd64_0b3e3ed3ace9602a\igc64.dll
0x00007ffa6fd90000 - 0x00007ffa6fddb000 	C:\WINDOWS\SYSTEM32\powrprof.dll
0x00007ffa6fd40000 - 0x00007ffa6fd52000 	C:\WINDOWS\SYSTEM32\UMPDC.dll
0x000000005e8b0000 - 0x000000005e8ee000 	C:\Program Files\Java\jdk1.8.0_181\jre\bin\lcms.dll
0x000000006b600000 - 0x000000006b658000 	C:\Users\ghane\AppData\Local\Temp\jogamp_0000\file_cache\jln3388349260226639398\jln7040375587586878760\natives\windows-amd64\soft_oal.dll
0x00000000680c0000 - 0x00000000680d6000 	C:\Users\ghane\AppData\Local\Temp\jogamp_0000\file_cache\jln3388349260226639398\jln7040375587586878760\natives\windows-amd64\joal.dll
0x00007ffa66290000 - 0x00007ffa66315000 	C:\WINDOWS\System32\MMDevApi.dll
0x00007ffa70080000 - 0x00007ffa700ac000 	C:\WINDOWS\System32\DEVOBJ.dll
0x00007ffa660b0000 - 0x00007ffa66235000 	C:\WINDOWS\SYSTEM32\AudioSes.dll
0x00007ffa6bf00000 - 0x00007ffa6bff7000 	C:\WINDOWS\SYSTEM32\PropSys.dll
0x00007ffa41030000 - 0x00007ffa410cc000 	C:\WINDOWS\SYSTEM32\dsound.dll
0x00007ffa517e0000 - 0x00007ffa51806000 	C:\WINDOWS\SYSTEM32\winmmbase.dll
0x00007ffa6de20000 - 0x00007ffa6de34000 	C:\WINDOWS\SYSTEM32\resourcepolicyclient.dll
0x00007ffa69140000 - 0x00007ffa6930f000 	C:\WINDOWS\SYSTEM32\d3d9.dll
0x00007ffa28cd0000 - 0x00007ffa2c404000 	C:\WINDOWS\System32\DriverStore\FileRepository\igdlh64.inf_amd64_0b3e3ed3ace9602a\igd9dxva64.dll
0x00007ffa5bca0000 - 0x00007ffa5be84000 	C:\WINDOWS\SYSTEM32\dbghelp.dll

VM Arguments:
jvm_args: -javaagent:C:\Program Files\JetBrains\IntelliJ IDEA Community Edition 2019.1.1\lib\idea_rt.jar=64557:C:\Program Files\JetBrains\IntelliJ IDEA Community Edition 2019.1.1\bin -Dfile.encoding=UTF-8 
java_command: Launcher.Launcher
java_class_path (initial): C:\Program Files\Java\jdk1.8.0_181\jre\lib\charsets.jar;C:\Program Files\Java\jdk1.8.0_181\jre\lib\deploy.jar;C:\Program Files\Java\jdk1.8.0_181\jre\lib\ext\access-bridge-64.jar;C:\Program Files\Java\jdk1.8.0_181\jre\lib\ext\cldrdata.jar;C:\Program Files\Java\jdk1.8.0_181\jre\lib\ext\dnsns.jar;C:\Program Files\Java\jdk1.8.0_181\jre\lib\ext\jaccess.jar;C:\Program Files\Java\jdk1.8.0_181\jre\lib\ext\jfxrt.jar;C:\Program Files\Java\jdk1.8.0_181\jre\lib\ext\localedata.jar;C:\Program Files\Java\jdk1.8.0_181\jre\lib\ext\nashorn.jar;C:\Program Files\Java\jdk1.8.0_181\jre\lib\ext\sunec.jar;C:\Program Files\Java\jdk1.8.0_181\jre\lib\ext\sunjce_provider.jar;C:\Program Files\Java\jdk1.8.0_181\jre\lib\ext\sunmscapi.jar;C:\Program Files\Java\jdk1.8.0_181\jre\lib\ext\sunpkcs11.jar;C:\Program Files\Java\jdk1.8.0_181\jre\lib\ext\zipfs.jar;C:\Program Files\Java\jdk1.8.0_181\jre\lib\javaws.jar;C:\Program Files\Java\jdk1.8.0_181\jre\lib\jce.jar;C:\Program Files\Java\jdk1.8.0_181\jre\lib\jfr.jar;C:\Program Files\Java\jdk1.8.0_181\jre\lib\jfxswt.jar;C:\Program Files\Java\jdk1.8.0_181\jre\lib\jsse.jar;C:\Program Files\Java\jdk1.8.0_181\jre\lib\management-agent.jar;C:\Program Files\Java\jdk1.8.0_181\jre\lib\plugin.jar;C:\Program Files\Java\jdk1.8.0_181\jre\lib\resources.jar;C:\Program Files\Java\jdk1.8.0_181\jre\lib\rt.jar;C:\Users\ghane\Documents\GitHub\monk-chess\out\production\monk-chess;C:\Users\ghane\Documents\GitHub\monk-chess\Assets\Launcher\KControls-master\dist\KControls.jar;C:\Users\ghane\Documents\GitHub\monk-chess\Jars4Java3D\j3dcore.jar;C:\Users\ghane\Documents\GitHub\monk-chess\Jars4Java3D\j3dexamples.jar;C:\Users\ghane\Documents\GitHub\monk-chess\Jars4Java3D\vecmath.jar;C:\Users\ghane\Documents\GitHub\monk-chess\Jars4Java3D\j3dutils.jar;C:\Users\ghane\Documents\GitHub\monk-chess\Jars4Java3D\jogamp-fat.jar;C:\Users\ghane\Documents\GitHub\monk-chess\out\production\KControls-master;C:\Program Files\JetBrains\IntelliJ IDEA Community Edition 2019.1.1
Launcher Type: SUN_STANDARD

Environment Variables:
USERNAME=ghane
OS=Windows_NT
PROCESSOR_IDENTIFIER=Intel64 Family 6 Model 142 Stepping 10, GenuineIntel



---------------  S Y S T E M  ---------------

OS: Windows 10.0 , 64 bit Build 19041 (10.0.19041.804)

CPU:total 8 (initial active 8) (4 cores per cpu, 2 threads per core) family 6 model 142 stepping 10, cmov, cx8, fxsr, mmx, sse, sse2, sse3, ssse3, sse4.1, sse4.2, popcnt, avx, avx2, aes, clmul, erms, 3dnowpref, lzcnt, ht, tsc, tscinvbit, bmi1, bmi2, adx

Memory: 4k page, physical 8261220k(991344k free), swap 13925424k(3096820k free)

vm_info: Java HotSpot(TM) 64-Bit Server VM (25.181-b13) for windows-amd64 JRE (1.8.0_181-b13), built on Jul  7 2018 04:01:33 by "java_re" with MS VC++ 10.0 (VS2010)

time: Tue Apr 06 18:57:38 2021
elapsed time: 34 seconds (0d 0h 0m 34s)

