#
# A fatal error has been detected by the Java Runtime Environment:
#
#  EXCEPTION_ACCESS_VIOLATION (0xc0000005) at pc=0x00007ffa09c37e1e, pid=4316, tid=0x0000000000002464
#
# JRE version: Java(TM) SE Runtime Environment (8.0_181-b13) (build 1.8.0_181-b13)
# Java VM: Java HotSpot(TM) 64-Bit Server VM (25.181-b13 mixed mode windows-amd64 compressed oops)
# Problematic frame:
# C  [ig9icd64.dll+0x187e1e]
#
# Failed to write core dump. Minidumps are not enabled by default on client versions of Windows
#
# If you would like to submit a bug report, please visit:
#   http://bugreport.java.com/bugreport/crash.jsp
# The crash happened outside the Java Virtual Machine in native code.
# See problematic frame for where to report the bug.
#

---------------  T H R E A D  ---------------

Current thread (0x000000001cdb1000):  JavaThread "J3D-Renderer-1" daemon [_thread_in_native, id=9316, stack(0x000000001c490000,0x000000001c590000)]

siginfo: ExceptionCode=0xc0000005, reading address 0x0000000000000008

Registers:
RAX=0x0000000000000000, RBX=0x00007ffa09f94270, RCX=0x0000000000f37580, RDX=0x0000000023c687c0
RSP=0x000000001c58dc40, RBP=0x000000001c58ded0, RSI=0x000000001c58de90, RDI=0x0000000000000000
R8 =0x0000000009770000, R9 =0x0000000000000000, R10=0x000000001c58e010, R11=0x000000001c58dde8
R12=0x0000000000000007, R13=0x0000000000000000, R14=0x000000001c58e160, R15=0x000000001c58df10
RIP=0x00007ffa09c37e1e, EFLAGS=0x0000000000010246

Top of Stack: (sp=0x000000001c58dc40)
0x000000001c58dc40:   0000000023c687c0 00007ffa09e50463
0x000000001c58dc50:   0000000023f5a320 0000000023c687c0
0x000000001c58dc60:   0000000000000000 000000001c58dd78
0x000000001c58dc70:   0000000000000000 000000001c58ded0
0x000000001c58dc80:   000000001c58dcb0 000000001c58dcf0
0x000000001c58dc90:   000000001c58dd38 000000001c58dcc0
0x000000001c58dca0:   000000001c58dd58 000000001c58dcd0
0x000000001c58dcb0:   00007ffa3b1f2900 000000001c58e080
0x000000001c58dcc0:   0000000000fafc80 00007ffa09ae66f0
0x000000001c58dcd0:   0000000023a852e0 00000000400033c0
0x000000001c58dce0:   0000000000000000 00000000407bd100
0x000000001c58dcf0:   0000000000000ec0 0000000000000000
0x000000001c58dd00:   c0006e0040000240 0000000000000000
0x000000001c58dd10:   000000001c58df10 000000001c58e010
0x000000001c58dd20:   0000000023f56650 0000000023f56650
0x000000001c58dd30:   0000000000000000 0000000023a852e0 

Instructions: (pc=0x00007ffa09c37e1e)
0x00007ffa09c37dfe:   48 85 c9 74 06 48 8b 41 20 eb 15 48 8b 80 98 00
0x00007ffa09c37e0e:   00 00 48 85 c0 74 06 48 8b 40 20 eb 03 48 8b c7
0x00007ffa09c37e1e:   48 8b 78 08 48 85 ff 0f 84 85 00 00 00 48 8b 07
0x00007ffa09c37e2e:   48 8b 98 58 01 00 00 48 8b cb ff 15 c2 e7 80 00 


Register to memory mapping:

RAX=0x0000000000000000 is an unknown value
RBX=0x00007ffa09f94270 is an unknown value
RCX=0x0000000000f37580 is an unknown value
RDX=0x0000000023c687c0 is an unknown value
RSP=0x000000001c58dc40 is pointing into the stack for thread: 0x000000001cdb1000
RBP=0x000000001c58ded0 is pointing into the stack for thread: 0x000000001cdb1000
RSI=0x000000001c58de90 is pointing into the stack for thread: 0x000000001cdb1000
RDI=0x0000000000000000 is an unknown value
R8 =0x0000000009770000 is an unknown value
R9 =0x0000000000000000 is an unknown value
R10=0x000000001c58e010 is pointing into the stack for thread: 0x000000001cdb1000
R11=0x000000001c58dde8 is pointing into the stack for thread: 0x000000001cdb1000
R12=0x0000000000000007 is an unknown value
R13=0x0000000000000000 is an unknown value
R14=0x000000001c58e160 is pointing into the stack for thread: 0x000000001cdb1000
R15=0x000000001c58df10 is pointing into the stack for thread: 0x000000001cdb1000


Stack: [0x000000001c490000,0x000000001c590000],  sp=0x000000001c58dc40,  free space=1015k
Native frames: (J=compiled Java code, j=interpreted, Vv=VM code, C=native code)
C  [ig9icd64.dll+0x187e1e]
C  [ig9icd64.dll+0x49bc44]
C  [ig9icd64.dll+0x49fc77]
C  [ig9icd64.dll+0x392acf]
C  [ig9icd64.dll+0x34e4d5]
C  [ig9icd64.dll+0x147ee5]
C  [ig9icd64.dll+0x138b74]
C  [ig9icd64.dll+0x135636]
C  [opengl32.dll+0x29bfa]
C  [NahimicOSD.dll+0x1d9ff]
C  [NahimicOSD.dll+0x66584]
C  [NahimicOSD.dll+0x1daf1]
C  [NahimicOSD.dll+0x1ad7f]
C  [gdi32full.dll+0x6268e]
C  [nativewindow_win32.dll+0x2b6d]
C  0x0000000002f38c67

Java frames: (J=compiled Java code, j=interpreted, Vv=VM code)
j  jogamp.nativewindow.windows.GDI.SwapBuffers(J)Z+0
j  jogamp.opengl.windows.wgl.WGLUtil.SwapBuffers(J)Z+12
j  jogamp.opengl.windows.wgl.WindowsWGLDrawable.swapBuffersImpl(Z)V+23
j  jogamp.opengl.GLDrawableImpl.swapBuffers()V+67
j  org.jogamp.java3d.JoglPipeline.swapBuffers(Lorg/jogamp/java3d/Canvas3D;Lorg/jogamp/java3d/Context;Lorg/jogamp/java3d/Drawable;)V+9
J 1954 C1 org.jogamp.java3d.Renderer.doWork(J)V (6524 bytes) @ 0x0000000003562e74 [0x0000000003561a80+0x13f4]
j  org.jogamp.java3d.J3dThread.run()V+19
v  ~StubRoutines::call_stub

---------------  P R O C E S S  ---------------

Java Threads: ( => current thread )
  0x000000001d194000 JavaThread "J3D-InputDeviceScheduler-1" daemon [_thread_blocked, id=12088, stack(0x00000000268c0000,0x00000000269c0000)]
  0x000000001d18f000 JavaThread "J3D-SoundSchedulerUpdateThread-1" daemon [_thread_blocked, id=16432, stack(0x00000000267c0000,0x00000000268c0000)]
  0x000000001d195000 JavaThread "J3D-RenderStructureUpdateThread-1" daemon [_thread_blocked, id=17320, stack(0x00000000266c0000,0x00000000267c0000)]
  0x000000001d18f800 JavaThread "J3D-BehaviorScheduler-1" daemon [_thread_blocked, id=13840, stack(0x00000000265c0000,0x00000000266c0000)]
  0x000000001d191000 JavaThread "J3D-TransformStructureUpdateThread-1" daemon [_thread_blocked, id=13096, stack(0x00000000264c0000,0x00000000265c0000)]
  0x000000001d193800 JavaThread "J3D-RenderingEnvironmentStructureUpdateThread-1" daemon [_thread_blocked, id=13988, stack(0x00000000263c0000,0x00000000264c0000)]
  0x000000001d18e000 JavaThread "J3D-SoundStructureUpdateThread-1" daemon [_thread_blocked, id=16292, stack(0x00000000262c0000,0x00000000263c0000)]
  0x000000001d192000 JavaThread "J3D-GeometryStructureUpdateThread-1" daemon [_thread_blocked, id=16612, stack(0x00000000261c0000,0x00000000262c0000)]
  0x000000001cdaf800 JavaThread "J3D-BehaviorStructureUpdateThread-1" daemon [_thread_blocked, id=4820, stack(0x000000001c640000,0x000000001c740000)]
  0x000000001cdae000 JavaThread "DestroyJavaVM" [_thread_blocked, id=13524, stack(0x0000000002b30000,0x0000000002c30000)]
=>0x000000001cdb1000 JavaThread "J3D-Renderer-1" daemon [_thread_in_native, id=9316, stack(0x000000001c490000,0x000000001c590000)]
  0x000000001cdb0000 JavaThread "J3D-MasterControl-1" daemon [_thread_blocked, id=12024, stack(0x000000001c390000,0x000000001c490000)]
  0x000000001cdaa800 JavaThread "J3D-NotificationThread" daemon [_thread_blocked, id=11568, stack(0x000000001c290000,0x000000001c390000)]
  0x000000001b50c800 JavaThread "J3D-TimerThread" daemon [_thread_blocked, id=6136, stack(0x000000001c190000,0x000000001c290000)]
  0x000000001b50b800 JavaThread "J3D-RenderingAttributesStructureUpdateThread" daemon [_thread_blocked, id=13688, stack(0x000000001c090000,0x000000001c190000)]
  0x000000001b31a000 JavaThread "AWT-EventQueue-0" [_thread_blocked, id=9532, stack(0x000000001c980000,0x000000001ca80000)]
  0x000000001ae22000 JavaThread "AWT-Shutdown" [_thread_blocked, id=4548, stack(0x000000001b690000,0x000000001b790000)]
  0x000000001ae21800 JavaThread "Java2D Disposer" daemon [_thread_blocked, id=12284, stack(0x000000001b590000,0x000000001b690000)]
  0x0000000019eb1000 JavaThread "Service Thread" daemon [_thread_blocked, id=15548, stack(0x000000001aa50000,0x000000001ab50000)]
  0x0000000019e5e800 JavaThread "C1 CompilerThread3" daemon [_thread_blocked, id=5288, stack(0x000000001a950000,0x000000001aa50000)]
  0x0000000019e51800 JavaThread "C2 CompilerThread2" daemon [_thread_blocked, id=11652, stack(0x000000001a850000,0x000000001a950000)]
  0x0000000019e4e000 JavaThread "C2 CompilerThread1" daemon [_thread_blocked, id=12476, stack(0x000000001a750000,0x000000001a850000)]
  0x0000000019e49800 JavaThread "C2 CompilerThread0" daemon [_thread_blocked, id=10356, stack(0x000000001a650000,0x000000001a750000)]
  0x0000000019e40000 JavaThread "Monitor Ctrl-Break" daemon [_thread_in_native, id=12760, stack(0x000000001a550000,0x000000001a650000)]
  0x0000000019d7c800 JavaThread "Attach Listener" daemon [_thread_blocked, id=14748, stack(0x000000001a450000,0x000000001a550000)]
  0x0000000017e9e800 JavaThread "Signal Dispatcher" daemon [_thread_blocked, id=4312, stack(0x000000001a350000,0x000000001a450000)]
  0x0000000019d70800 JavaThread "Finalizer" daemon [_thread_blocked, id=12016, stack(0x000000001a150000,0x000000001a250000)]
  0x0000000002f1a000 JavaThread "Reference Handler" daemon [_thread_blocked, id=11664, stack(0x0000000019c50000,0x0000000019d50000)]

Other Threads:
  0x0000000017e89800 VMThread [stack: 0x0000000019b50000,0x0000000019c50000] [id=10532]
  0x0000000019eb6000 WatcherThread [stack: 0x000000001ab50000,0x000000001ac50000] [id=16156]

VM state:not at safepoint (normal execution)

VM Mutex/Monitor currently owned by a thread: None

Heap:
 PSYoungGen      total 141312K, used 137500K [0x00000000d5f80000, 0x00000000e3b00000, 0x0000000100000000)
  eden space 83968K, 99% used [0x00000000d5f80000,0x00000000db15b828,0x00000000db180000)
  from space 57344K, 93% used [0x00000000df280000,0x00000000e26eb7e0,0x00000000e2a80000)
  to   space 66560K, 0% used [0x00000000db180000,0x00000000db180000,0x00000000df280000)
 ParOldGen       total 166400K, used 110336K [0x0000000081e00000, 0x000000008c080000, 0x00000000d5f80000)
  object space 166400K, 66% used [0x0000000081e00000,0x00000000889c0108,0x000000008c080000)
 Metaspace       used 22710K, capacity 22912K, committed 23424K, reserved 1071104K
  class space    used 2225K, capacity 2309K, committed 2432K, reserved 1048576K

Card table byte_map: [0x00000000122e0000,0x00000000126e0000] byte_map_base: 0x0000000011ed1000

Marking Bits: (ParMarkBitMap*) 0x000000005f4b2d00
 Begin Bits: [0x0000000013190000, 0x0000000015118000)
 End Bits:   [0x0000000015118000, 0x00000000170a0000)

Polling page: 0x0000000001280000

CodeCache: size=245760Kb used=7200Kb max_used=7200Kb free=238559Kb
 bounds [0x0000000002f20000, 0x0000000003640000, 0x0000000011f20000]
 total_blobs=2822 nmethods=1898 adapters=836
 compilation: enabled

Compilation events (10 events):
Event: 11.233 Thread 0x0000000019e5e800 2132       3       java.util.logging.LogManager::getProperty (9 bytes)
Event: 11.234 Thread 0x0000000019e5e800 nmethod 2132 0x000000000362a550 code [0x000000000362a6c0, 0x000000000362a8e8]
Event: 11.234 Thread 0x0000000019e5e800 2133       3       java.util.logging.LogManager$LoggerContext::ensureDefaultLogger (70 bytes)
Event: 11.234 Thread 0x0000000019e5e800 nmethod 2133 0x000000000362e8d0 code [0x000000000362ea80, 0x000000000362f308]
Event: 11.234 Thread 0x0000000019e5e800 2134  s    3       java.util.Hashtable::containsKey (65 bytes)
Event: 11.234 Thread 0x0000000019e5e800 nmethod 2134 0x000000000362f510 code [0x000000000362f6a0, 0x000000000362fcd8]
Event: 11.242 Thread 0x0000000019e5e800 2135       3       java.util.jar.Attributes$Name::equals (39 bytes)
Event: 11.243 Thread 0x0000000019e5e800 nmethod 2135 0x000000000362ff50 code [0x00000000036300e0, 0x0000000003630588]
Event: 11.243 Thread 0x0000000019e5e800 2136       3       sun.misc.ASCIICaseInsensitiveComparator::compare (13 bytes)
Event: 11.243 Thread 0x0000000019e5e800 nmethod 2136 0x00000000036306d0 code [0x0000000003630840, 0x0000000003630ba8]

GC Heap History (10 events):
Event: 6.439 GC heap before
{Heap before GC invocations=14 (full 2):
 PSYoungGen      total 95744K, used 90894K [0x00000000d5f80000, 0x00000000ddc80000, 0x0000000100000000)
  eden space 77824K, 100% used [0x00000000d5f80000,0x00000000dab80000,0x00000000dab80000)
  from space 17920K, 72% used [0x00000000dab80000,0x00000000db843ac8,0x00000000dbd00000)
  to   space 19456K, 0% used [0x00000000dc980000,0x00000000dc980000,0x00000000ddc80000)
 ParOldGen       total 166400K, used 64046K [0x0000000081e00000, 0x000000008c080000, 0x00000000d5f80000)
  object space 166400K, 38% used [0x0000000081e00000,0x0000000085c8b998,0x000000008c080000)
 Metaspace       used 21720K, capacity 21978K, committed 22448K, reserved 1069056K
  class space    used 2173K, capacity 2276K, committed 2304K, reserved 1048576K
Event: 6.446 GC heap after
Heap after GC invocations=14 (full 2):
 PSYoungGen      total 92672K, used 19424K [0x00000000d5f80000, 0x00000000dfe00000, 0x0000000100000000)
  eden space 73216K, 0% used [0x00000000d5f80000,0x00000000d5f80000,0x00000000da700000)
  from space 19456K, 99% used [0x00000000dc980000,0x00000000ddc78040,0x00000000ddc80000)
  to   space 35328K, 0% used [0x00000000da700000,0x00000000da700000,0x00000000dc980000)
 ParOldGen       total 166400K, used 95928K [0x0000000081e00000, 0x000000008c080000, 0x00000000d5f80000)
  object space 166400K, 57% used [0x0000000081e00000,0x0000000087bae0d8,0x000000008c080000)
 Metaspace       used 21720K, capacity 21978K, committed 22448K, reserved 1069056K
  class space    used 2173K, capacity 2276K, committed 2304K, reserved 1048576K
}
Event: 6.607 GC heap before
{Heap before GC invocations=15 (full 2):
 PSYoungGen      total 92672K, used 92640K [0x00000000d5f80000, 0x00000000dfe00000, 0x0000000100000000)
  eden space 73216K, 100% used [0x00000000d5f80000,0x00000000da700000,0x00000000da700000)
  from space 19456K, 99% used [0x00000000dc980000,0x00000000ddc78040,0x00000000ddc80000)
  to   space 35328K, 0% used [0x00000000da700000,0x00000000da700000,0x00000000dc980000)
 ParOldGen       total 166400K, used 95928K [0x0000000081e00000, 0x000000008c080000, 0x00000000d5f80000)
  object space 166400K, 57% used [0x0000000081e00000,0x0000000087bae0d8,0x000000008c080000)
 Metaspace       used 21721K, capacity 21978K, committed 22448K, reserved 1069056K
  class space    used 2173K, capacity 2276K, committed 2304K, reserved 1048576K
Event: 6.616 GC heap after
Heap after GC invocations=15 (full 2):
 PSYoungGen      total 108544K, used 33984K [0x00000000d5f80000, 0x00000000e0600000, 0x0000000100000000)
  eden space 73216K, 0% used [0x00000000d5f80000,0x00000000d5f80000,0x00000000da700000)
  from space 35328K, 96% used [0x00000000da700000,0x00000000dc830070,0x00000000dc980000)
  to   space 41472K, 0% used [0x00000000ddd80000,0x00000000ddd80000,0x00000000e0600000)
 ParOldGen       total 166400K, used 100728K [0x0000000081e00000, 0x000000008c080000, 0x00000000d5f80000)
  object space 166400K, 60% used [0x0000000081e00000,0x000000008805e0e8,0x000000008c080000)
 Metaspace       used 21721K, capacity 21978K, committed 22448K, reserved 1069056K
  class space    used 2173K, capacity 2276K, committed 2304K, reserved 1048576K
}
Event: 6.929 GC heap before
{Heap before GC invocations=16 (full 2):
 PSYoungGen      total 108544K, used 107200K [0x00000000d5f80000, 0x00000000e0600000, 0x0000000100000000)
  eden space 73216K, 100% used [0x00000000d5f80000,0x00000000da700000,0x00000000da700000)
  from space 35328K, 96% used [0x00000000da700000,0x00000000dc830070,0x00000000dc980000)
  to   space 41472K, 0% used [0x00000000ddd80000,0x00000000ddd80000,0x00000000e0600000)
 ParOldGen       total 166400K, used 100728K [0x0000000081e00000, 0x000000008c080000, 0x00000000d5f80000)
  object space 166400K, 60% used [0x0000000081e00000,0x000000008805e0e8,0x000000008c080000)
 Metaspace       used 21723K, capacity 21978K, committed 22448K, reserved 1069056K
  class space    used 2173K, capacity 2276K, committed 2304K, reserved 1048576K
Event: 6.938 GC heap after
Heap after GC invocations=16 (full 2):
 PSYoungGen      total 121344K, used 40893K [0x00000000d5f80000, 0x00000000e1500000, 0x0000000100000000)
  eden space 79872K, 0% used [0x00000000d5f80000,0x00000000d5f80000,0x00000000dad80000)
  from space 41472K, 98% used [0x00000000ddd80000,0x00000000e056f620,0x00000000e0600000)
  to   space 49152K, 0% used [0x00000000dad80000,0x00000000dad80000,0x00000000ddd80000)
 ParOldGen       total 166400K, used 110328K [0x0000000081e00000, 0x000000008c080000, 0x00000000d5f80000)
  object space 166400K, 66% used [0x0000000081e00000,0x00000000889be108,0x000000008c080000)
 Metaspace       used 21723K, capacity 21978K, committed 22448K, reserved 1069056K
  class space    used 2173K, capacity 2276K, committed 2304K, reserved 1048576K
}
Event: 7.579 GC heap before
{Heap before GC invocations=17 (full 2):
 PSYoungGen      total 121344K, used 120765K [0x00000000d5f80000, 0x00000000e1500000, 0x0000000100000000)
  eden space 79872K, 100% used [0x00000000d5f80000,0x00000000dad80000,0x00000000dad80000)
  from space 41472K, 98% used [0x00000000ddd80000,0x00000000e056f620,0x00000000e0600000)
  to   space 49152K, 0% used [0x00000000dad80000,0x00000000dad80000,0x00000000ddd80000)
 ParOldGen       total 166400K, used 110328K [0x0000000081e00000, 0x000000008c080000, 0x00000000d5f80000)
  object space 166400K, 66% used [0x0000000081e00000,0x00000000889be108,0x000000008c080000)
 Metaspace       used 21728K, capacity 21978K, committed 22448K, reserved 1069056K
  class space    used 2173K, capacity 2276K, committed 2304K, reserved 1048576K
Event: 7.584 GC heap after
Heap after GC invocations=17 (full 2):
 PSYoungGen      total 129024K, used 46199K [0x00000000d5f80000, 0x00000000e2a80000, 0x0000000100000000)
  eden space 79872K, 0% used [0x00000000d5f80000,0x00000000d5f80000,0x00000000dad80000)
  from space 49152K, 93% used [0x00000000dad80000,0x00000000dda9dc30,0x00000000ddd80000)
  to   space 57344K, 0% used [0x00000000df280000,0x00000000df280000,0x00000000e2a80000)
 ParOldGen       total 166400K, used 110336K [0x0000000081e00000, 0x000000008c080000, 0x00000000d5f80000)
  object space 166400K, 66% used [0x0000000081e00000,0x00000000889c0108,0x000000008c080000)
 Metaspace       used 21728K, capacity 21978K, committed 22448K, reserved 1069056K
  class space    used 2173K, capacity 2276K, committed 2304K, reserved 1048576K
}
Event: 8.214 GC heap before
{Heap before GC invocations=18 (full 2):
 PSYoungGen      total 129024K, used 126071K [0x00000000d5f80000, 0x00000000e2a80000, 0x0000000100000000)
  eden space 79872K, 100% used [0x00000000d5f80000,0x00000000dad80000,0x00000000dad80000)
  from space 49152K, 93% used [0x00000000dad80000,0x00000000dda9dc30,0x00000000ddd80000)
  to   space 57344K, 0% used [0x00000000df280000,0x00000000df280000,0x00000000e2a80000)
 ParOldGen       total 166400K, used 110336K [0x0000000081e00000, 0x000000008c080000, 0x00000000d5f80000)
  object space 166400K, 66% used [0x0000000081e00000,0x00000000889c0108,0x000000008c080000)
 Metaspace       used 21731K, capacity 21978K, committed 22448K, reserved 1069056K
  class space    used 2173K, capacity 2276K, committed 2304K, reserved 1048576K
Event: 8.221 GC heap after
Heap after GC invocations=18 (full 2):
 PSYoungGen      total 141312K, used 53677K [0x00000000d5f80000, 0x00000000e3b00000, 0x0000000100000000)
  eden space 83968K, 0% used [0x00000000d5f80000,0x00000000d5f80000,0x00000000db180000)
  from space 57344K, 93% used [0x00000000df280000,0x00000000e26eb7e0,0x00000000e2a80000)
  to   space 66560K, 0% used [0x00000000db180000,0x00000000db180000,0x00000000df280000)
 ParOldGen       total 166400K, used 110336K [0x0000000081e00000, 0x000000008c080000, 0x00000000d5f80000)
  object space 166400K, 66% used [0x0000000081e00000,0x00000000889c0108,0x000000008c080000)
 Metaspace       used 21731K, capacity 21978K, committed 22448K, reserved 1069056K
  class space    used 2173K, capacity 2276K, committed 2304K, reserved 1048576K
}

Deoptimization events (10 events):
Event: 5.008 Thread 0x000000001b31a000 Uncommon trap: reason=class_check action=maybe_recompile pc=0x0000000003426ee0 method=com.jogamp.gluegen.runtime.ProcAddressTable.setEntry(Ljava/lang/reflect/Field;Ljava/lang/String;Lcom/jogamp/common/os/DynamicLookupHelper;)V @ 30
Event: 5.008 Thread 0x000000001b31a000 Uncommon trap: reason=class_check action=maybe_recompile pc=0x00000000034186d8 method=com.jogamp.common.os.DynamicLibraryBundle.dynamicLookupFunction(Ljava/lang/String;)J @ 80
Event: 5.008 Thread 0x000000001b31a000 Uncommon trap: reason=class_check action=maybe_recompile pc=0x0000000003411dd8 method=com.jogamp.common.os.DynamicLibraryBundle.toolDynamicLookupFunction(Ljava/lang/String;)J @ 18
Event: 5.383 Thread 0x000000001b31a000 Uncommon trap: reason=unstable_if action=reinterpret pc=0x00000000034f169c method=java.io.BufferedInputStream.read([BII)I @ 31
Event: 6.737 Thread 0x000000001b31a000 Uncommon trap: reason=null_check action=make_not_entrant pc=0x00000000034e3d18 method=sun.java2d.cmm.lcms.LCMSProfile$TagCache.getTag(I)Lsun/java2d/cmm/lcms/LCMSProfile$TagData; @ 11
Event: 6.737 Thread 0x000000001b31a000 Uncommon trap: reason=null_check action=make_not_entrant pc=0x00000000034cde3c method=sun.java2d.cmm.lcms.LCMSProfile$TagCache.getTag(I)Lsun/java2d/cmm/lcms/LCMSProfile$TagData; @ 11
Event: 6.737 Thread 0x000000001b31a000 Uncommon trap: reason=unstable_if action=reinterpret pc=0x00000000034da600 method=sun.java2d.cmm.lcms.LCMSTransform.doTransform(Lsun/java2d/cmm/lcms/LCMSImageLayout;Lsun/java2d/cmm/lcms/LCMSImageLayout;)V @ 6
Event: 6.740 Thread 0x000000001b31a000 Uncommon trap: reason=unstable_if action=reinterpret pc=0x00000000034dbb54 method=java.awt.image.ColorConvertOp.filter(Ljava/awt/image/Raster;Ljava/awt/image/WritableRaster;)Ljava/awt/image/WritableRaster; @ 138
Event: 6.741 Thread 0x000000001b31a000 Uncommon trap: reason=unstable_if action=reinterpret pc=0x00000000034ea370 method=sun.java2d.cmm.lcms.LCMSTransform.doTransform(Lsun/java2d/cmm/lcms/LCMSImageLayout;Lsun/java2d/cmm/lcms/LCMSImageLayout;)V @ 6
Event: 8.763 Thread 0x000000001b31a000 Uncommon trap: reason=unstable_if action=reinterpret pc=0x00000000034c8008 method=java.lang.Integer.equals(Ljava/lang/Object;)Z @ 18

Classes redefined (0 events):
No events

Internal exceptions (10 events):
Event: 8.816 Thread 0x000000001b31a000 Exception <a 'java/lang/NullPointerException'> (0x00000000da277118) thrown at [C:\re\workspace\8-2-build-windows-amd64-cygwin\jdk8u181\11358\hotspot\src\share\vm\interpreter\linkResolver.cpp, line 1287]
Event: 8.825 Thread 0x000000001b31a000 Exception <a 'java/lang/NullPointerException'> (0x00000000da280ea0) thrown at [C:\re\workspace\8-2-build-windows-amd64-cygwin\jdk8u181\11358\hotspot\src\share\vm\interpreter\linkResolver.cpp, line 1287]
Event: 8.827 Thread 0x000000001b31a000 Exception <a 'java/lang/NullPointerException'> (0x00000000da283b28) thrown at [C:\re\workspace\8-2-build-windows-amd64-cygwin\jdk8u181\11358\hotspot\src\share\vm\interpreter\linkResolver.cpp, line 1287]
Event: 8.828 Thread 0x000000001b31a000 Exception <a 'java/lang/NullPointerException'> (0x00000000da286a58) thrown at [C:\re\workspace\8-2-build-windows-amd64-cygwin\jdk8u181\11358\hotspot\src\share\vm\interpreter\linkResolver.cpp, line 1287]
Event: 8.830 Thread 0x000000001b31a000 Exception <a 'java/lang/NullPointerException'> (0x00000000da289670) thrown at [C:\re\workspace\8-2-build-windows-amd64-cygwin\jdk8u181\11358\hotspot\src\share\vm\interpreter\linkResolver.cpp, line 1287]
Event: 8.832 Thread 0x000000001b31a000 Exception <a 'java/lang/NullPointerException'> (0x00000000da28c3f8) thrown at [C:\re\workspace\8-2-build-windows-amd64-cygwin\jdk8u181\11358\hotspot\src\share\vm\interpreter\linkResolver.cpp, line 1287]
Event: 8.835 Thread 0x000000001b31a000 Exception <a 'java/lang/NullPointerException'> (0x00000000da28f080) thrown at [C:\re\workspace\8-2-build-windows-amd64-cygwin\jdk8u181\11358\hotspot\src\share\vm\interpreter\linkResolver.cpp, line 1287]
Event: 8.837 Thread 0x000000001b31a000 Exception <a 'java/lang/NullPointerException'> (0x00000000da291d08) thrown at [C:\re\workspace\8-2-build-windows-amd64-cygwin\jdk8u181\11358\hotspot\src\share\vm\interpreter\linkResolver.cpp, line 1287]
Event: 8.838 Thread 0x000000001b31a000 Exception <a 'java/lang/NullPointerException'> (0x00000000da294db0) thrown at [C:\re\workspace\8-2-build-windows-amd64-cygwin\jdk8u181\11358\hotspot\src\share\vm\interpreter\linkResolver.cpp, line 1287]
Event: 8.839 Thread 0x000000001b31a000 Exception <a 'java/lang/NullPointerException'> (0x00000000da297b38) thrown at [C:\re\workspace\8-2-build-windows-amd64-cygwin\jdk8u181\11358\hotspot\src\share\vm\interpreter\linkResolver.cpp, line 1287]

Events (10 events):
Event: 11.234 Thread 0x000000001d197000 Thread exited: 0x000000001d197000
Event: 11.241 Thread 0x000000001b399000 Thread exited: 0x000000001b399000
Event: 11.241 loading class jogamp/opengl/egl/EGLGraphicsConfigurationFactory
Event: 11.241 loading class jogamp/opengl/egl/EGLGraphicsConfigurationFactory done
Event: 11.242 loading class com/jogamp/nativewindow/egl/EGLGraphicsDevice
Event: 11.242 loading class com/jogamp/nativewindow/egl/EGLGraphicsDevice done
Event: 11.243 loading class jogamp/opengl/egl/EGLDisplayUtil
Event: 11.243 loading class jogamp/opengl/egl/EGLDisplayUtil done
Event: 11.244 loading class com/jogamp/nativewindow/egl/EGLGraphicsDevice$EGLDisplayLifecycleCallback
Event: 11.244 loading class com/jogamp/nativewindow/egl/EGLGraphicsDevice$EGLDisplayLifecycleCallback done


Dynamic libraries:
0x00007ff750d80000 - 0x00007ff750db7000 	C:\Program Files\Java\jdk1.8.0_181\bin\java.exe
0x00007ffa72b90000 - 0x00007ffa72d85000 	C:\WINDOWS\SYSTEM32\ntdll.dll
0x00007ffa71b40000 - 0x00007ffa71bfd000 	C:\WINDOWS\System32\KERNEL32.DLL
0x00007ffa70810000 - 0x00007ffa70ad9000 	C:\WINDOWS\System32\KERNELBASE.dll
0x00007ffa723d0000 - 0x00007ffa7247c000 	C:\WINDOWS\System32\ADVAPI32.dll
0x00007ffa715c0000 - 0x00007ffa7165e000 	C:\WINDOWS\System32\msvcrt.dll
0x00007ffa71520000 - 0x00007ffa715bc000 	C:\WINDOWS\System32\sechost.dll
0x00007ffa716d0000 - 0x00007ffa717fb000 	C:\WINDOWS\System32\RPCRT4.dll
0x00007ffa724a0000 - 0x00007ffa72640000 	C:\WINDOWS\System32\USER32.dll
0x00007ffa707b0000 - 0x00007ffa707d2000 	C:\WINDOWS\System32\win32u.dll
0x00007ffa726b0000 - 0x00007ffa726da000 	C:\WINDOWS\System32\GDI32.dll
0x00007ffa702d0000 - 0x00007ffa703db000 	C:\WINDOWS\System32\gdi32full.dll
0x00007ffa703e0000 - 0x00007ffa7047d000 	C:\WINDOWS\System32\msvcp_win.dll
0x00007ffa704d0000 - 0x00007ffa705d0000 	C:\WINDOWS\System32\ucrtbase.dll
0x00007ffa5db70000 - 0x00007ffa5de0a000 	C:\WINDOWS\WinSxS\amd64_microsoft.windows.common-controls_6595b64144ccf1df_6.0.19041.844_none_ca00b6081b84eb1d\COMCTL32.dll
0x00007ffa71230000 - 0x00007ffa71260000 	C:\WINDOWS\System32\IMM32.DLL
0x000000005f540000 - 0x000000005f612000 	C:\Program Files\Java\jdk1.8.0_181\jre\bin\msvcr100.dll
0x000000005ec90000 - 0x000000005f532000 	C:\Program Files\Java\jdk1.8.0_181\jre\bin\server\jvm.dll
0x00007ffa723c0000 - 0x00007ffa723c8000 	C:\WINDOWS\System32\PSAPI.DLL
0x00007ffa5eb20000 - 0x00007ffa5eb47000 	C:\WINDOWS\SYSTEM32\WINMM.dll
0x00007ffa5ca70000 - 0x00007ffa5ca79000 	C:\WINDOWS\SYSTEM32\WSOCK32.dll
0x00007ffa72640000 - 0x00007ffa726ab000 	C:\WINDOWS\System32\WS2_32.dll
0x00007ffa6ac40000 - 0x00007ffa6ac4a000 	C:\WINDOWS\SYSTEM32\VERSION.dll
0x000000005ec80000 - 0x000000005ec8f000 	C:\Program Files\Java\jdk1.8.0_181\jre\bin\verify.dll
0x000000005ec50000 - 0x000000005ec79000 	C:\Program Files\Java\jdk1.8.0_181\jre\bin\java.dll
0x000000005ebb0000 - 0x000000005ebd3000 	C:\Program Files\Java\jdk1.8.0_181\jre\bin\instrument.dll
0x000000005ec30000 - 0x000000005ec46000 	C:\Program Files\Java\jdk1.8.0_181\jre\bin\zip.dll
0x00007ffa71c60000 - 0x00007ffa723a2000 	C:\WINDOWS\System32\SHELL32.dll
0x00007ffa6e420000 - 0x00007ffa6ebb0000 	C:\WINDOWS\SYSTEM32\windows.storage.dll
0x00007ffa70e20000 - 0x00007ffa71175000 	C:\WINDOWS\System32\combase.dll
0x00007ffa6fcd0000 - 0x00007ffa6fcfc000 	C:\WINDOWS\SYSTEM32\Wldp.dll
0x00007ffa71180000 - 0x00007ffa7122e000 	C:\WINDOWS\System32\SHCORE.dll
0x00007ffa71260000 - 0x00007ffa712b5000 	C:\WINDOWS\System32\shlwapi.dll
0x00007ffa70210000 - 0x00007ffa7022f000 	C:\WINDOWS\SYSTEM32\profapi.dll
0x00007ffa5ea10000 - 0x00007ffa5ea2a000 	C:\Program Files\JetBrains\IntelliJ IDEA Community Edition 2019.1.1\bin\breakgen64.dll
0x000000005ec10000 - 0x000000005ec2a000 	C:\Program Files\Java\jdk1.8.0_181\jre\bin\net.dll
0x00007ffa6f9f0000 - 0x00007ffa6fa5a000 	C:\WINDOWS\system32\mswsock.dll
0x000000005ea10000 - 0x000000005eba9000 	C:\Program Files\Java\jdk1.8.0_181\jre\bin\awt.dll
0x00007ffa712c0000 - 0x00007ffa7138d000 	C:\WINDOWS\System32\OLEAUT32.dll
0x00007ffa6dc60000 - 0x00007ffa6dcf0000 	C:\WINDOWS\SYSTEM32\apphelp.dll
0x00007ffa6dd60000 - 0x00007ffa6ddfe000 	C:\WINDOWS\system32\uxtheme.dll
0x00007ffa71890000 - 0x00007ffa719a5000 	C:\WINDOWS\System32\MSCTF.dll
0x00007ffa317f0000 - 0x00007ffa318ec000 	C:\ProgramData\AWHeadset\DellInc.AlienwareSoundCenter\Modules\ScheduledModules\x64\DellInc.AlienwareSoundCenterDevProps2.dll
0x00007ffa71390000 - 0x00007ffa714ba000 	C:\WINDOWS\System32\ole32.dll
0x00007ffa31a10000 - 0x00007ffa31abc000 	C:\ProgramData\AWHeadset\DellInc.AlienwareSoundCenter\Modules\ScheduledModules\x64\NahimicOSD.dll
0x00007ffa3abd0000 - 0x00007ffa3abf1000 	C:\ProgramData\AWHeadset\DellInc.AlienwareSoundCenter\Modules\ScheduledModules\x64\ProductInfo.dll
0x00007ffa6e220000 - 0x00007ffa6e232000 	C:\WINDOWS\SYSTEM32\kernel.appcore.dll
0x00007ffa705d0000 - 0x00007ffa70650000 	C:\WINDOWS\System32\bcryptPrimitives.dll
0x00007ffa6e040000 - 0x00007ffa6e06f000 	C:\WINDOWS\system32\DWMAPI.DLL
0x00007ffa5e7c0000 - 0x00007ffa5e8e6000 	C:\WINDOWS\system32\opengl32.dll
0x00007ffa677e0000 - 0x00007ffa6780c000 	C:\WINDOWS\SYSTEM32\GLU32.dll
0x000000005e9c0000 - 0x000000005ea07000 	C:\Program Files\Java\jdk1.8.0_181\jre\bin\fontmanager.dll
0x000000005ebf0000 - 0x000000005ec01000 	C:\Program Files\Java\jdk1.8.0_181\jre\bin\nio.dll
0x000000005e980000 - 0x000000005e9b1000 	C:\Program Files\Java\jdk1.8.0_181\jre\bin\jpeg.dll
0x000000005e930000 - 0x000000005e972000 	C:\Program Files\Java\jdk1.8.0_181\jre\bin\t2k.dll
0x00007ffa66540000 - 0x00007ffa6663b000 	C:\WINDOWS\SYSTEM32\textinputframework.dll
0x00007ffa6d560000 - 0x00007ffa6d8be000 	C:\WINDOWS\System32\CoreUIComponents.dll
0x00007ffa6d8c0000 - 0x00007ffa6d9b2000 	C:\WINDOWS\System32\CoreMessaging.dll
0x00007ffa6f010000 - 0x00007ffa6f043000 	C:\WINDOWS\SYSTEM32\ntmarta.dll
0x00007ffa6ce60000 - 0x00007ffa6cfb4000 	C:\WINDOWS\SYSTEM32\wintypes.dll
0x000000005e900000 - 0x000000005e92a000 	C:\Program Files\Java\jdk1.8.0_181\jre\bin\dcpr.dll
0x00007ffa6fc20000 - 0x00007ffa6fc38000 	C:\WINDOWS\SYSTEM32\CRYPTSP.dll
0x00007ffa6f390000 - 0x00007ffa6f3c4000 	C:\WINDOWS\system32\rsaenh.dll
0x000000001b8d0000 - 0x000000001b8f7000 	C:\WINDOWS\System32\bcrypt.dll
0x00007ffa701d0000 - 0x00007ffa701fe000 	C:\WINDOWS\SYSTEM32\USERENV.dll
0x00007ffa6fc40000 - 0x00007ffa6fc4c000 	C:\WINDOWS\SYSTEM32\CRYPTBASE.dll
0x00007ffa6f6e0000 - 0x00007ffa6f71b000 	C:\WINDOWS\SYSTEM32\IPHLPAPI.DLL
0x00007ffa723b0000 - 0x00007ffa723b8000 	C:\WINDOWS\System32\NSI.dll
0x00007ffa6aca0000 - 0x00007ffa6acb7000 	C:\WINDOWS\SYSTEM32\dhcpcsvc6.DLL
0x00007ffa6b1a0000 - 0x00007ffa6b1bd000 	C:\WINDOWS\SYSTEM32\dhcpcsvc.DLL
0x00007ffa6f720000 - 0x00007ffa6f7eb000 	C:\WINDOWS\SYSTEM32\DNSAPI.dll
0x00000000637c0000 - 0x00000000637cd000 	C:\Users\ghane\AppData\Local\Temp\jogamp_0000\file_cache\jln994959233672163083\jln8646576997173215492\natives\windows-amd64\gluegen-rt.dll
0x000000005e8f0000 - 0x000000005e8f7000 	C:\Program Files\Java\jdk1.8.0_181\jre\bin\jawt.dll
0x000000006a440000 - 0x000000006a44d000 	C:\Users\ghane\AppData\Local\Temp\jogamp_0000\file_cache\jln994959233672163083\jln8646576997173215492\natives\windows-amd64\nativewindow_awt.dll
0x000000006c100000 - 0x000000006c10f000 	C:\Users\ghane\AppData\Local\Temp\jogamp_0000\file_cache\jln994959233672163083\jln8646576997173215492\natives\windows-amd64\nativewindow_win32.dll
0x0000000064500000 - 0x00000000645b1000 	C:\Users\ghane\AppData\Local\Temp\jogamp_0000\file_cache\jln994959233672163083\jln8646576997173215492\natives\windows-amd64\jogl_desktop.dll
0x0000000064340000 - 0x00000000643a2000 	C:\Users\ghane\AppData\Local\Temp\jogamp_0000\file_cache\jln994959233672163083\jln8646576997173215492\natives\windows-amd64\jogl_mobile.dll
0x00007ffa71a90000 - 0x00007ffa71b39000 	C:\WINDOWS\System32\clbcatq.dll
0x00007ffa69c10000 - 0x00007ffa69d0a000 	C:\Windows\System32\AppXDeploymentClient.dll
0x00007ffa09ab0000 - 0x00007ffa0a947000 	C:\WINDOWS\System32\DriverStore\FileRepository\igdlh64.inf_amd64_0b3e3ed3ace9602a\ig9icd64.dll
0x00007ffa6ec10000 - 0x00007ffa6ed03000 	C:\WINDOWS\system32\dxgi.dll
0x00007ffa6b160000 - 0x00007ffa6b19b000 	C:\WINDOWS\SYSTEM32\dxcore.dll
0x00007ffa70480000 - 0x00007ffa704ce000 	C:\WINDOWS\System32\cfgmgr32.dll
0x00007ffa3b1f0000 - 0x00007ffa3b2d3000 	C:\WINDOWS\System32\DriverStore\FileRepository\igdlh64.inf_amd64_0b3e3ed3ace9602a\igdgmm64.dll
0x00007ffa60d60000 - 0x00007ffa62cc9000 	C:\WINDOWS\System32\DriverStore\FileRepository\igdlh64.inf_amd64_0b3e3ed3ace9602a\igc64.dll
0x00007ffa6fd90000 - 0x00007ffa6fddb000 	C:\WINDOWS\SYSTEM32\powrprof.dll
0x00007ffa6fd40000 - 0x00007ffa6fd52000 	C:\WINDOWS\SYSTEM32\UMPDC.dll
0x000000005e8b0000 - 0x000000005e8ee000 	C:\Program Files\Java\jdk1.8.0_181\jre\bin\lcms.dll
0x000000006b600000 - 0x000000006b658000 	C:\Users\ghane\AppData\Local\Temp\jogamp_0000\file_cache\jln994959233672163083\jln8646576997173215492\natives\windows-amd64\soft_oal.dll
0x00000000680c0000 - 0x00000000680d6000 	C:\Users\ghane\AppData\Local\Temp\jogamp_0000\file_cache\jln994959233672163083\jln8646576997173215492\natives\windows-amd64\joal.dll
0x00007ffa66290000 - 0x00007ffa66315000 	C:\WINDOWS\System32\MMDevApi.dll
0x00007ffa70080000 - 0x00007ffa700ac000 	C:\WINDOWS\System32\DEVOBJ.dll
0x00007ffa660b0000 - 0x00007ffa66235000 	C:\WINDOWS\SYSTEM32\AudioSes.dll
0x00007ffa6bf00000 - 0x00007ffa6bff7000 	C:\WINDOWS\SYSTEM32\PropSys.dll
0x00007ffa65330000 - 0x00007ffa653cc000 	C:\WINDOWS\SYSTEM32\dsound.dll
0x00007ffa5eb70000 - 0x00007ffa5eb96000 	C:\WINDOWS\SYSTEM32\winmmbase.dll
0x00007ffa6de20000 - 0x00007ffa6de34000 	C:\WINDOWS\SYSTEM32\resourcepolicyclient.dll
0x00007ffa696b0000 - 0x00007ffa6987f000 	C:\WINDOWS\SYSTEM32\d3d9.dll
0x00007ffa23740000 - 0x00007ffa26e74000 	C:\WINDOWS\System32\DriverStore\FileRepository\igdlh64.inf_amd64_0b3e3ed3ace9602a\igd9dxva64.dll
0x00007ffa5bca0000 - 0x00007ffa5be84000 	C:\WINDOWS\SYSTEM32\dbghelp.dll

VM Arguments:
jvm_args: -javaagent:C:\Program Files\JetBrains\IntelliJ IDEA Community Edition 2019.1.1\lib\idea_rt.jar=62995:C:\Program Files\JetBrains\IntelliJ IDEA Community Edition 2019.1.1\bin -Dfile.encoding=UTF-8 
java_command: Launcher.Launcher
java_class_path (initial): C:\Program Files\Java\jdk1.8.0_181\jre\lib\charsets.jar;C:\Program Files\Java\jdk1.8.0_181\jre\lib\deploy.jar;C:\Program Files\Java\jdk1.8.0_181\jre\lib\ext\access-bridge-64.jar;C:\Program Files\Java\jdk1.8.0_181\jre\lib\ext\cldrdata.jar;C:\Program Files\Java\jdk1.8.0_181\jre\lib\ext\dnsns.jar;C:\Program Files\Java\jdk1.8.0_181\jre\lib\ext\jaccess.jar;C:\Program Files\Java\jdk1.8.0_181\jre\lib\ext\jfxrt.jar;C:\Program Files\Java\jdk1.8.0_181\jre\lib\ext\localedata.jar;C:\Program Files\Java\jdk1.8.0_181\jre\lib\ext\nashorn.jar;C:\Program Files\Java\jdk1.8.0_181\jre\lib\ext\sunec.jar;C:\Program Files\Java\jdk1.8.0_181\jre\lib\ext\sunjce_provider.jar;C:\Program Files\Java\jdk1.8.0_181\jre\lib\ext\sunmscapi.jar;C:\Program Files\Java\jdk1.8.0_181\jre\lib\ext\sunpkcs11.jar;C:\Program Files\Java\jdk1.8.0_181\jre\lib\ext\zipfs.jar;C:\Program Files\Java\jdk1.8.0_181\jre\lib\javaws.jar;C:\Program Files\Java\jdk1.8.0_181\jre\lib\jce.jar;C:\Program Files\Java\jdk1.8.0_181\jre\lib\jfr.jar;C:\Program Files\Java\jdk1.8.0_181\jre\lib\jfxswt.jar;C:\Program Files\Java\jdk1.8.0_181\jre\lib\jsse.jar;C:\Program Files\Java\jdk1.8.0_181\jre\lib\management-agent.jar;C:\Program Files\Java\jdk1.8.0_181\jre\lib\plugin.jar;C:\Program Files\Java\jdk1.8.0_181\jre\lib\resources.jar;C:\Program Files\Java\jdk1.8.0_181\jre\lib\rt.jar;C:\Users\ghane\Documents\GitHub\monk-chess\out\production\monk-chess;C:\Users\ghane\Documents\GitHub\monk-chess\Assets\Launcher\KControls-master\dist\KControls.jar;C:\Users\ghane\Documents\GitHub\monk-chess\Jars4Java3D\j3dcore.jar;C:\Users\ghane\Documents\GitHub\monk-chess\Jars4Java3D\j3dexamples.jar;C:\Users\ghane\Documents\GitHub\monk-chess\Jars4Java3D\vecmath.jar;C:\Users\ghane\Documents\GitHub\monk-chess\Jars4Java3D\j3dutils.jar;C:\Users\ghane\Documents\GitHub\monk-chess\Jars4Java3D\jogamp-fat.jar;C:\Users\ghane\Documents\GitHub\monk-chess\out\production\KControls-master;C:\Program Files\JetBrains\IntelliJ IDEA Community Edition 2019.1.1
Launcher Type: SUN_STANDARD

Environment Variables:
USERNAME=ghane
OS=Windows_NT
PROCESSOR_IDENTIFIER=Intel64 Family 6 Model 142 Stepping 10, GenuineIntel



---------------  S Y S T E M  ---------------

OS: Windows 10.0 , 64 bit Build 19041 (10.0.19041.804)

CPU:total 8 (initial active 8) (4 cores per cpu, 2 threads per core) family 6 model 142 stepping 10, cmov, cx8, fxsr, mmx, sse, sse2, sse3, ssse3, sse4.1, sse4.2, popcnt, avx, avx2, aes, clmul, erms, 3dnowpref, lzcnt, ht, tsc, tscinvbit, bmi1, bmi2, adx

Memory: 4k page, physical 8261220k(1025696k free), swap 13936520k(1870916k free)

vm_info: Java HotSpot(TM) 64-Bit Server VM (25.181-b13) for windows-amd64 JRE (1.8.0_181-b13), built on Jul  7 2018 04:01:33 by "java_re" with MS VC++ 10.0 (VS2010)

time: Tue Apr 06 03:26:47 2021
elapsed time: 11 seconds (0d 0h 0m 11s)

