#
# A fatal error has been detected by the Java Runtime Environment:
#
#  EXCEPTION_ACCESS_VIOLATION (0xc0000005) at pc=0x00007ffa09c37e1e, pid=15688, tid=0x0000000000002130
#
# JRE version: Java(TM) SE Runtime Environment (8.0_181-b13) (build 1.8.0_181-b13)
# Java VM: Java HotSpot(TM) 64-Bit Server VM (25.181-b13 mixed mode windows-amd64 compressed oops)
# Problematic frame:
# C  [ig9icd64.dll+0x187e1e]
#
# Failed to write core dump. Minidumps are not enabled by default on client versions of Windows
#
# If you would like to submit a bug report, please visit:
#   http://bugreport.java.com/bugreport/crash.jsp
# The crash happened outside the Java Virtual Machine in native code.
# See problematic frame for where to report the bug.
#

---------------  T H R E A D  ---------------

Current thread (0x0000000019d42800):  JavaThread "J3D-Renderer-1" daemon [_thread_in_native, id=8496, stack(0x0000000024a40000,0x0000000024b40000)]

siginfo: ExceptionCode=0xc0000005, reading address 0x0000000000000008

Registers:
RAX=0x0000000000000000, RBX=0x00007ffa09f94270, RCX=0x0000000000d34bd0, RDX=0x0000000023cd4940
RSP=0x0000000024b3d590, RBP=0x0000000024b3d820, RSI=0x0000000024b3d7e0, RDI=0x0000000000000000
R8 =0x0000000009770000, R9 =0x0000000000000000, R10=0x0000000024b3d960, R11=0x0000000024b3d738
R12=0x0000000000000007, R13=0x0000000000000000, R14=0x0000000024b3dab0, R15=0x0000000024b3d860
RIP=0x00007ffa09c37e1e, EFLAGS=0x0000000000010246

Top of Stack: (sp=0x0000000024b3d590)
0x0000000024b3d590:   0000000023cd4940 00007ffa09e50463
0x0000000024b3d5a0:   0000000023fad1e0 0000000023cd4940
0x0000000024b3d5b0:   0000000000000000 0000000024b3d6c8
0x0000000024b3d5c0:   0000000000000000 0000000024b3d820
0x0000000024b3d5d0:   0000000024b3d600 0000000024b3d640
0x0000000024b3d5e0:   0000000024b3d688 0000000024b3d610
0x0000000024b3d5f0:   0000000024b3d6a8 0000000024b3d620
0x0000000024b3d600:   00007ffa27b32900 0000000024b3d9d0
0x0000000024b3d610:   0000000000d491d0 00007ffa09ae66f0
0x0000000024b3d620:   0000000023d43e00 00000000c0001780
0x0000000024b3d630:   0000000000000000 0000000022efbfe0
0x0000000024b3d640:   0000000000000ec0 0000000000000000
0x0000000024b3d650:   400026c040000240 0000000000000000
0x0000000024b3d660:   0000000024b3d860 0000000024b3d960
0x0000000024b3d670:   0000000023faf530 0000000023faf530
0x0000000024b3d680:   0000000000000000 0000000023d43e00 

Instructions: (pc=0x00007ffa09c37e1e)
0x00007ffa09c37dfe:   48 85 c9 74 06 48 8b 41 20 eb 15 48 8b 80 98 00
0x00007ffa09c37e0e:   00 00 48 85 c0 74 06 48 8b 40 20 eb 03 48 8b c7
0x00007ffa09c37e1e:   48 8b 78 08 48 85 ff 0f 84 85 00 00 00 48 8b 07
0x00007ffa09c37e2e:   48 8b 98 58 01 00 00 48 8b cb ff 15 c2 e7 80 00 


Register to memory mapping:

RAX=0x0000000000000000 is an unknown value
RBX=0x00007ffa09f94270 is an unknown value
RCX=0x0000000000d34bd0 is an unknown value
RDX=0x0000000023cd4940 is an unknown value
RSP=0x0000000024b3d590 is pointing into the stack for thread: 0x0000000019d42800
RBP=0x0000000024b3d820 is pointing into the stack for thread: 0x0000000019d42800
RSI=0x0000000024b3d7e0 is pointing into the stack for thread: 0x0000000019d42800
RDI=0x0000000000000000 is an unknown value
R8 =0x0000000009770000 is an unknown value
R9 =0x0000000000000000 is an unknown value
R10=0x0000000024b3d960 is pointing into the stack for thread: 0x0000000019d42800
R11=0x0000000024b3d738 is pointing into the stack for thread: 0x0000000019d42800
R12=0x0000000000000007 is an unknown value
R13=0x0000000000000000 is an unknown value
R14=0x0000000024b3dab0 is pointing into the stack for thread: 0x0000000019d42800
R15=0x0000000024b3d860 is pointing into the stack for thread: 0x0000000019d42800


Stack: [0x0000000024a40000,0x0000000024b40000],  sp=0x0000000024b3d590,  free space=1013k
Native frames: (J=compiled Java code, j=interpreted, Vv=VM code, C=native code)
C  [ig9icd64.dll+0x187e1e]
C  [ig9icd64.dll+0x49bc44]
C  [ig9icd64.dll+0x49fc77]
C  [ig9icd64.dll+0x392acf]
C  [ig9icd64.dll+0x34e4d5]
C  [ig9icd64.dll+0x147ee5]
C  [ig9icd64.dll+0x138b74]
C  [ig9icd64.dll+0x135636]
C  [opengl32.dll+0x29bfa]
C  [NahimicOSD.dll+0x1d9ff]
C  [NahimicOSD.dll+0x66584]
C  [NahimicOSD.dll+0x1daf1]
C  [NahimicOSD.dll+0x1ad7f]
C  [gdi32full.dll+0x6268e]
C  [nativewindow_win32.dll+0x2b6d]
C  0x0000000002df8c67

Java frames: (J=compiled Java code, j=interpreted, Vv=VM code)
j  jogamp.nativewindow.windows.GDI.SwapBuffers(J)Z+0
j  jogamp.opengl.windows.wgl.WGLUtil.SwapBuffers(J)Z+12
j  jogamp.opengl.windows.wgl.WindowsWGLDrawable.swapBuffersImpl(Z)V+23
j  jogamp.opengl.GLDrawableImpl.swapBuffers()V+67
j  org.jogamp.java3d.JoglPipeline.swapBuffers(Lorg/jogamp/java3d/Canvas3D;Lorg/jogamp/java3d/Context;Lorg/jogamp/java3d/Drawable;)V+9
J 2008 C1 org.jogamp.java3d.Renderer.doWork(J)V (6524 bytes) @ 0x0000000003418e34 [0x0000000003417a40+0x13f4]
j  org.jogamp.java3d.J3dThread.run()V+19
v  ~StubRoutines::call_stub

---------------  P R O C E S S  ---------------

Java Threads: ( => current thread )
  0x0000000019ff4800 JavaThread "J3D-InputDeviceScheduler-1" daemon [_thread_blocked, id=18224, stack(0x0000000025730000,0x0000000025830000)]
  0x0000000019ff9000 JavaThread "J3D-SoundSchedulerUpdateThread-1" daemon [_thread_blocked, id=8848, stack(0x0000000025630000,0x0000000025730000)]
  0x0000000019ff7800 JavaThread "J3D-RenderStructureUpdateThread-1" daemon [_thread_blocked, id=15344, stack(0x0000000025530000,0x0000000025630000)]
  0x0000000019ff8000 JavaThread "J3D-BehaviorScheduler-1" daemon [_thread_blocked, id=5748, stack(0x0000000025430000,0x0000000025530000)]
  0x0000000019ff3800 JavaThread "J3D-TransformStructureUpdateThread-1" daemon [_thread_blocked, id=14520, stack(0x0000000025330000,0x0000000025430000)]
  0x0000000019d46000 JavaThread "J3D-RenderingEnvironmentStructureUpdateThread-1" daemon [_thread_blocked, id=15316, stack(0x000000001c520000,0x000000001c620000)]
  0x0000000019d45800 JavaThread "J3D-SoundStructureUpdateThread-1" daemon [_thread_blocked, id=3280, stack(0x000000001c420000,0x000000001c520000)]
  0x0000000019d43000 JavaThread "J3D-GeometryStructureUpdateThread-1" daemon [_thread_blocked, id=2628, stack(0x000000001c320000,0x000000001c420000)]
  0x0000000019d41000 JavaThread "J3D-BehaviorStructureUpdateThread-1" daemon [_thread_blocked, id=1260, stack(0x000000001c220000,0x000000001c320000)]
  0x0000000019d44000 JavaThread "DestroyJavaVM" [_thread_blocked, id=12640, stack(0x0000000002a10000,0x0000000002b10000)]
=>0x0000000019d42800 JavaThread "J3D-Renderer-1" daemon [_thread_in_native, id=8496, stack(0x0000000024a40000,0x0000000024b40000)]
  0x0000000019d47800 JavaThread "J3D-MasterControl-1" daemon [_thread_blocked, id=4836, stack(0x0000000024940000,0x0000000024a40000)]
  0x000000001c9eb000 JavaThread "J3D-NotificationThread" daemon [_thread_blocked, id=15196, stack(0x0000000024840000,0x0000000024940000)]
  0x000000001c981000 JavaThread "J3D-TimerThread" daemon [_thread_blocked, id=3152, stack(0x0000000024740000,0x0000000024840000)]
  0x000000001c980800 JavaThread "J3D-RenderingAttributesStructureUpdateThread" daemon [_thread_blocked, id=14992, stack(0x0000000024640000,0x0000000024740000)]
  0x000000001b0f6800 JavaThread "AWT-EventQueue-0" [_thread_blocked, id=9360, stack(0x000000001d840000,0x000000001d940000)]
  0x000000001ad77000 JavaThread "AWT-Shutdown" [_thread_blocked, id=2404, stack(0x000000001b570000,0x000000001b670000)]
  0x000000001ad74000 JavaThread "Java2D Disposer" daemon [_thread_blocked, id=14980, stack(0x000000001b470000,0x000000001b570000)]
  0x0000000019de8000 JavaThread "Service Thread" daemon [_thread_blocked, id=16908, stack(0x000000001a930000,0x000000001aa30000)]
  0x0000000019d41800 JavaThread "C1 CompilerThread3" daemon [_thread_blocked, id=876, stack(0x000000001a830000,0x000000001a930000)]
  0x0000000019d36000 JavaThread "C2 CompilerThread2" daemon [_thread_blocked, id=12084, stack(0x000000001a730000,0x000000001a830000)]
  0x0000000019d2e800 JavaThread "C2 CompilerThread1" daemon [_thread_blocked, id=6840, stack(0x000000001a630000,0x000000001a730000)]
  0x0000000019d2d800 JavaThread "C2 CompilerThread0" daemon [_thread_blocked, id=3320, stack(0x000000001a530000,0x000000001a630000)]
  0x0000000019cb1800 JavaThread "Monitor Ctrl-Break" daemon [_thread_in_native, id=8640, stack(0x000000001a430000,0x000000001a530000)]
  0x0000000019c5e000 JavaThread "Attach Listener" daemon [_thread_blocked, id=10100, stack(0x000000001a330000,0x000000001a430000)]
  0x0000000019c5d000 JavaThread "Signal Dispatcher" daemon [_thread_blocked, id=15268, stack(0x000000001a230000,0x000000001a330000)]
  0x0000000019c51800 JavaThread "Finalizer" daemon [_thread_blocked, id=3748, stack(0x000000001a030000,0x000000001a130000)]
  0x0000000002dda000 JavaThread "Reference Handler" daemon [_thread_blocked, id=1128, stack(0x0000000019b30000,0x0000000019c30000)]

Other Threads:
  0x0000000017d4a000 VMThread [stack: 0x0000000019a30000,0x0000000019b30000] [id=9784]
  0x0000000019e4d000 WatcherThread [stack: 0x000000001aa30000,0x000000001ab30000] [id=9588]

VM state:not at safepoint (normal execution)

VM Mutex/Monitor currently owned by a thread: None

Heap:
 PSYoungGen      total 199168K, used 74996K [0x00000000d5f80000, 0x00000000e6700000, 0x0000000100000000)
  eden space 174080K, 29% used [0x00000000d5f80000,0x00000000d90f0188,0x00000000e0980000)
  from space 25088K, 97% used [0x00000000e0980000,0x00000000e214d180,0x00000000e2200000)
  to   space 29184K, 0% used [0x00000000e4a80000,0x00000000e4a80000,0x00000000e6700000)
 ParOldGen       total 238080K, used 112543K [0x0000000081e00000, 0x0000000090680000, 0x00000000d5f80000)
  object space 238080K, 47% used [0x0000000081e00000,0x0000000088be7f00,0x0000000090680000)
 Metaspace       used 22933K, capacity 23180K, committed 23680K, reserved 1071104K
  class space    used 2240K, capacity 2313K, committed 2432K, reserved 1048576K

Card table byte_map: [0x00000000121a0000,0x00000000125a0000] byte_map_base: 0x0000000011d91000

Marking Bits: (ParMarkBitMap*) 0x000000005f4b2d00
 Begin Bits: [0x0000000013050000, 0x0000000014fd8000)
 End Bits:   [0x0000000014fd8000, 0x0000000016f60000)

Polling page: 0x0000000001230000

CodeCache: size=245760Kb used=7427Kb max_used=7440Kb free=238332Kb
 bounds [0x0000000002de0000, 0x0000000003540000, 0x0000000011de0000]
 total_blobs=2967 nmethods=2043 adapters=836
 compilation: enabled

Compilation events (10 events):
Event: 12.144 Thread 0x0000000019d41800 2308       3       java.util.logging.LogManager$LoggerContext::ensureDefaultLogger (70 bytes)
Event: 12.144 Thread 0x0000000019d36000 2310   !   4       org.jogamp.java3d.TextureRetained::updateNative (568 bytes)
Event: 12.145 Thread 0x0000000019d41800 nmethod 2308 0x000000000352b510 code [0x000000000352b6c0, 0x000000000352bf48]
Event: 12.145 Thread 0x0000000019d41800 2309  s    3       java.util.Hashtable::containsKey (65 bytes)
Event: 12.145 Thread 0x0000000019d41800 nmethod 2309 0x0000000003519b10 code [0x0000000003519ca0, 0x000000000351a2d8]
Event: 12.152 Thread 0x0000000019d41800 2311       3       java.util.jar.Attributes$Name::equals (39 bytes)
Event: 12.152 Thread 0x0000000019d41800 nmethod 2311 0x000000000352ad90 code [0x000000000352af20, 0x000000000352b3c8]
Event: 12.152 Thread 0x0000000019d41800 2312       3       sun.misc.ASCIICaseInsensitiveComparator::compare (13 bytes)
Event: 12.152 Thread 0x0000000019d41800 nmethod 2312 0x000000000352a7d0 code [0x000000000352a940, 0x000000000352aca8]
Event: 12.154 Thread 0x0000000019d36000 nmethod 2310 0x000000000352e2d0 code [0x000000000352e4a0, 0x000000000352eef0]

GC Heap History (10 events):
Event: 4.668 GC heap before
{Heap before GC invocations=10 (full 2):
 PSYoungGen      total 123392K, used 102614K [0x00000000d5f80000, 0x00000000e1200000, 0x0000000100000000)
  eden space 104960K, 97% used [0x00000000d5f80000,0x00000000dc3a58c0,0x00000000dc600000)
  from space 18432K, 0% used [0x00000000dc600000,0x00000000dc610000,0x00000000dd800000)
  to   space 18432K, 0% used [0x00000000e0000000,0x00000000e0000000,0x00000000e1200000)
 ParOldGen       total 162816K, used 38961K [0x0000000081e00000, 0x000000008bd00000, 0x00000000d5f80000)
  object space 162816K, 23% used [0x0000000081e00000,0x000000008440c540,0x000000008bd00000)
 Metaspace       used 21427K, capacity 21662K, committed 22192K, reserved 1069056K
  class space    used 2134K, capacity 2216K, committed 2304K, reserved 1048576K
Event: 4.672 GC heap after
Heap after GC invocations=10 (full 2):
 PSYoungGen      total 164352K, used 9211K [0x00000000d5f80000, 0x00000000e1400000, 0x0000000100000000)
  eden space 145920K, 0% used [0x00000000d5f80000,0x00000000d5f80000,0x00000000dee00000)
  from space 18432K, 49% used [0x00000000e0000000,0x00000000e08fed70,0x00000000e1200000)
  to   space 18432K, 0% used [0x00000000dee00000,0x00000000dee00000,0x00000000e0000000)
 ParOldGen       total 162816K, used 63269K [0x0000000081e00000, 0x000000008bd00000, 0x00000000d5f80000)
  object space 162816K, 38% used [0x0000000081e00000,0x0000000085bc9550,0x000000008bd00000)
 Metaspace       used 21427K, capacity 21662K, committed 22192K, reserved 1069056K
  class space    used 2134K, capacity 2216K, committed 2304K, reserved 1048576K
}
Event: 6.147 GC heap before
{Heap before GC invocations=11 (full 2):
 PSYoungGen      total 164352K, used 155131K [0x00000000d5f80000, 0x00000000e1400000, 0x0000000100000000)
  eden space 145920K, 100% used [0x00000000d5f80000,0x00000000dee00000,0x00000000dee00000)
  from space 18432K, 49% used [0x00000000e0000000,0x00000000e08fed70,0x00000000e1200000)
  to   space 18432K, 0% used [0x00000000dee00000,0x00000000dee00000,0x00000000e0000000)
 ParOldGen       total 162816K, used 63269K [0x0000000081e00000, 0x000000008bd00000, 0x00000000d5f80000)
  object space 162816K, 38% used [0x0000000081e00000,0x0000000085bc9550,0x000000008bd00000)
 Metaspace       used 21764K, capacity 22014K, committed 22448K, reserved 1069056K
  class space    used 2165K, capacity 2248K, committed 2304K, reserved 1048576K
Event: 6.155 GC heap after
Heap after GC invocations=11 (full 2):
 PSYoungGen      total 164352K, used 17934K [0x00000000d5f80000, 0x00000000e3700000, 0x0000000100000000)
  eden space 145920K, 0% used [0x00000000d5f80000,0x00000000d5f80000,0x00000000dee00000)
  from space 18432K, 97% used [0x00000000dee00000,0x00000000dff83ad8,0x00000000e0000000)
  to   space 21504K, 0% used [0x00000000e2200000,0x00000000e2200000,0x00000000e3700000)
 ParOldGen       total 162816K, used 106477K [0x0000000081e00000, 0x000000008bd00000, 0x00000000d5f80000)
  object space 162816K, 65% used [0x0000000081e00000,0x00000000885fb5e0,0x000000008bd00000)
 Metaspace       used 21764K, capacity 22014K, committed 22448K, reserved 1069056K
  class space    used 2165K, capacity 2248K, committed 2304K, reserved 1048576K
}
Event: 6.155 GC heap before
{Heap before GC invocations=12 (full 3):
 PSYoungGen      total 164352K, used 17934K [0x00000000d5f80000, 0x00000000e3700000, 0x0000000100000000)
  eden space 145920K, 0% used [0x00000000d5f80000,0x00000000d5f80000,0x00000000dee00000)
  from space 18432K, 97% used [0x00000000dee00000,0x00000000dff83ad8,0x00000000e0000000)
  to   space 21504K, 0% used [0x00000000e2200000,0x00000000e2200000,0x00000000e3700000)
 ParOldGen       total 162816K, used 106477K [0x0000000081e00000, 0x000000008bd00000, 0x00000000d5f80000)
  object space 162816K, 65% used [0x0000000081e00000,0x00000000885fb5e0,0x000000008bd00000)
 Metaspace       used 21764K, capacity 22014K, committed 22448K, reserved 1069056K
  class space    used 2165K, capacity 2248K, committed 2304K, reserved 1048576K
Event: 6.196 GC heap after
Heap after GC invocations=12 (full 3):
 PSYoungGen      total 164352K, used 0K [0x00000000d5f80000, 0x00000000e3700000, 0x0000000100000000)
  eden space 145920K, 0% used [0x00000000d5f80000,0x00000000d5f80000,0x00000000dee00000)
  from space 18432K, 0% used [0x00000000dee00000,0x00000000dee00000,0x00000000e0000000)
  to   space 21504K, 0% used [0x00000000e2200000,0x00000000e2200000,0x00000000e3700000)
 ParOldGen       total 238080K, used 87007K [0x0000000081e00000, 0x0000000090680000, 0x00000000d5f80000)
  object space 238080K, 36% used [0x0000000081e00000,0x00000000872f7de0,0x0000000090680000)
 Metaspace       used 21764K, capacity 22014K, committed 22448K, reserved 1069056K
  class space    used 2165K, capacity 2248K, committed 2304K, reserved 1048576K
}
Event: 6.798 GC heap before
{Heap before GC invocations=13 (full 3):
 PSYoungGen      total 164352K, used 145920K [0x00000000d5f80000, 0x00000000e3700000, 0x0000000100000000)
  eden space 145920K, 100% used [0x00000000d5f80000,0x00000000dee00000,0x00000000dee00000)
  from space 18432K, 0% used [0x00000000dee00000,0x00000000dee00000,0x00000000e0000000)
  to   space 21504K, 0% used [0x00000000e2200000,0x00000000e2200000,0x00000000e3700000)
 ParOldGen       total 238080K, used 87007K [0x0000000081e00000, 0x0000000090680000, 0x00000000d5f80000)
  object space 238080K, 36% used [0x0000000081e00000,0x00000000872f7de0,0x0000000090680000)
 Metaspace       used 21768K, capacity 22014K, committed 22448K, reserved 1069056K
  class space    used 2165K, capacity 2248K, committed 2304K, reserved 1048576K
Event: 6.804 GC heap after
Heap after GC invocations=13 (full 3):
 PSYoungGen      total 195584K, used 21080K [0x00000000d5f80000, 0x00000000e3f00000, 0x0000000100000000)
  eden space 174080K, 0% used [0x00000000d5f80000,0x00000000d5f80000,0x00000000e0980000)
  from space 21504K, 98% used [0x00000000e2200000,0x00000000e3696110,0x00000000e3700000)
  to   space 25088K, 0% used [0x00000000e0980000,0x00000000e0980000,0x00000000e2200000)
 ParOldGen       total 238080K, used 106207K [0x0000000081e00000, 0x0000000090680000, 0x00000000d5f80000)
  object space 238080K, 44% used [0x0000000081e00000,0x00000000885b7e20,0x0000000090680000)
 Metaspace       used 21768K, capacity 22014K, committed 22448K, reserved 1069056K
  class space    used 2165K, capacity 2248K, committed 2304K, reserved 1048576K
}
Event: 8.210 GC heap before
{Heap before GC invocations=14 (full 3):
 PSYoungGen      total 195584K, used 195160K [0x00000000d5f80000, 0x00000000e3f00000, 0x0000000100000000)
  eden space 174080K, 100% used [0x00000000d5f80000,0x00000000e0980000,0x00000000e0980000)
  from space 21504K, 98% used [0x00000000e2200000,0x00000000e3696110,0x00000000e3700000)
  to   space 25088K, 0% used [0x00000000e0980000,0x00000000e0980000,0x00000000e2200000)
 ParOldGen       total 238080K, used 106207K [0x0000000081e00000, 0x0000000090680000, 0x00000000d5f80000)
  object space 238080K, 44% used [0x0000000081e00000,0x00000000885b7e20,0x0000000090680000)
 Metaspace       used 21778K, capacity 22014K, committed 22448K, reserved 1069056K
  class space    used 2165K, capacity 2248K, committed 2304K, reserved 1048576K
Event: 8.226 GC heap after
Heap after GC invocations=14 (full 3):
 PSYoungGen      total 199168K, used 24372K [0x00000000d5f80000, 0x00000000e6700000, 0x0000000100000000)
  eden space 174080K, 0% used [0x00000000d5f80000,0x00000000d5f80000,0x00000000e0980000)
  from space 25088K, 97% used [0x00000000e0980000,0x00000000e214d180,0x00000000e2200000)
  to   space 29184K, 0% used [0x00000000e4a80000,0x00000000e4a80000,0x00000000e6700000)
 ParOldGen       total 238080K, used 112543K [0x0000000081e00000, 0x0000000090680000, 0x00000000d5f80000)
  object space 238080K, 47% used [0x0000000081e00000,0x0000000088be7f00,0x0000000090680000)
 Metaspace       used 21778K, capacity 22014K, committed 22448K, reserved 1069056K
  class space    used 2165K, capacity 2248K, committed 2304K, reserved 1048576K
}

Deoptimization events (10 events):
Event: 4.693 Thread 0x000000001b0f6800 Uncommon trap: reason=class_check action=maybe_recompile pc=0x0000000003308998 method=com.jogamp.common.os.DynamicLibraryBundle.toolDynamicLookupFunction(Ljava/lang/String;)J @ 18
Event: 5.037 Thread 0x000000001b0f6800 Uncommon trap: reason=unstable_if action=reinterpret pc=0x00000000033d7f5c method=java.io.BufferedInputStream.read([BII)I @ 31
Event: 6.372 Thread 0x000000001b0f6800 Uncommon trap: reason=null_check action=make_not_entrant pc=0x00000000033ca264 method=sun.java2d.cmm.lcms.LCMSProfile$TagCache.getTag(I)Lsun/java2d/cmm/lcms/LCMSProfile$TagData; @ 11
Event: 6.372 Thread 0x000000001b0f6800 Uncommon trap: reason=null_check action=make_not_entrant pc=0x00000000033c53d0 method=sun.java2d.cmm.lcms.LCMSProfile$TagCache.getTag(I)Lsun/java2d/cmm/lcms/LCMSProfile$TagData; @ 11
Event: 6.372 Thread 0x000000001b0f6800 Uncommon trap: reason=null_check action=make_not_entrant pc=0x00000000033b79cc method=sun.java2d.cmm.lcms.LCMSProfile$TagCache.getTag(I)Lsun/java2d/cmm/lcms/LCMSProfile$TagData; @ 11
Event: 6.372 Thread 0x000000001b0f6800 Uncommon trap: reason=unstable_if action=reinterpret pc=0x00000000033c23c0 method=sun.java2d.cmm.lcms.LCMSTransform.doTransform(Lsun/java2d/cmm/lcms/LCMSImageLayout;Lsun/java2d/cmm/lcms/LCMSImageLayout;)V @ 6
Event: 6.375 Thread 0x000000001b0f6800 Uncommon trap: reason=unstable_if action=reinterpret pc=0x00000000033c0894 method=java.awt.image.ColorConvertOp.filter(Ljava/awt/image/Raster;Ljava/awt/image/WritableRaster;)Ljava/awt/image/WritableRaster; @ 138
Event: 6.375 Thread 0x000000001b0f6800 Uncommon trap: reason=unstable_if action=reinterpret pc=0x00000000033d37b0 method=sun.java2d.cmm.lcms.LCMSTransform.doTransform(Lsun/java2d/cmm/lcms/LCMSImageLayout;Lsun/java2d/cmm/lcms/LCMSImageLayout;)V @ 6
Event: 8.401 Thread 0x000000001b0f6800 Uncommon trap: reason=unstable_if action=reinterpret pc=0x00000000033a6d08 method=java.lang.Integer.equals(Ljava/lang/Object;)Z @ 18
Event: 9.596 Thread 0x000000001b0f6800 Uncommon trap: reason=unstable_if action=reinterpret pc=0x00000000032aced8 method=java.awt.Component.inside(II)Z @ 9

Classes redefined (0 events):
No events

Internal exceptions (10 events):
Event: 9.375 Thread 0x000000001b0f6800 Exception <a 'java/lang/NullPointerException'> (0x00000000d7872138) thrown at [C:\re\workspace\8-2-build-windows-amd64-cygwin\jdk8u181\11358\hotspot\src\share\vm\interpreter\linkResolver.cpp, line 1287]
Event: 9.375 Thread 0x000000001b0f6800 Exception <a 'java/lang/NullPointerException'> (0x00000000d78742d0) thrown at [C:\re\workspace\8-2-build-windows-amd64-cygwin\jdk8u181\11358\hotspot\src\share\vm\interpreter\linkResolver.cpp, line 1287]
Event: 9.376 Thread 0x000000001b0f6800 Exception <a 'java/lang/NullPointerException'> (0x00000000d7876a20) thrown at [C:\re\workspace\8-2-build-windows-amd64-cygwin\jdk8u181\11358\hotspot\src\share\vm\interpreter\linkResolver.cpp, line 1287]
Event: 9.376 Thread 0x000000001b0f6800 Exception <a 'java/lang/NullPointerException'> (0x00000000d7878bb8) thrown at [C:\re\workspace\8-2-build-windows-amd64-cygwin\jdk8u181\11358\hotspot\src\share\vm\interpreter\linkResolver.cpp, line 1287]
Event: 9.377 Thread 0x000000001b0f6800 Exception <a 'java/lang/NullPointerException'> (0x00000000d787ad50) thrown at [C:\re\workspace\8-2-build-windows-amd64-cygwin\jdk8u181\11358\hotspot\src\share\vm\interpreter\linkResolver.cpp, line 1287]
Event: 9.377 Thread 0x000000001b0f6800 Exception <a 'java/lang/NullPointerException'> (0x00000000d787d648) thrown at [C:\re\workspace\8-2-build-windows-amd64-cygwin\jdk8u181\11358\hotspot\src\share\vm\interpreter\linkResolver.cpp, line 1287]
Event: 9.378 Thread 0x000000001b0f6800 Exception <a 'java/lang/NullPointerException'> (0x00000000d787f8e0) thrown at [C:\re\workspace\8-2-build-windows-amd64-cygwin\jdk8u181\11358\hotspot\src\share\vm\interpreter\linkResolver.cpp, line 1287]
Event: 9.378 Thread 0x000000001b0f6800 Exception <a 'java/lang/NullPointerException'> (0x00000000d7881a08) thrown at [C:\re\workspace\8-2-build-windows-amd64-cygwin\jdk8u181\11358\hotspot\src\share\vm\interpreter\linkResolver.cpp, line 1287]
Event: 9.611 Thread 0x000000001b0f6800 Exception <a 'java/lang/NullPointerException'> (0x00000000d78884e8) thrown at [C:\re\workspace\8-2-build-windows-amd64-cygwin\jdk8u181\11358\hotspot\src\share\vm\interpreter\linkResolver.cpp, line 1287]
Event: 9.615 Thread 0x000000001b0f6800 Exception <a 'java/lang/NullPointerException'> (0x00000000d788bde8) thrown at [C:\re\workspace\8-2-build-windows-amd64-cygwin\jdk8u181\11358\hotspot\src\share\vm\interpreter\linkResolver.cpp, line 1287]

Events (10 events):
Event: 12.151 loading class com/jogamp/nativewindow/egl/EGLGraphicsDevice
Event: 12.151 loading class com/jogamp/nativewindow/egl/EGLGraphicsDevice done
Event: 12.152 loading class jogamp/opengl/egl/EGLDisplayUtil
Event: 12.152 loading class jogamp/opengl/egl/EGLDisplayUtil done
Event: 12.153 loading class com/jogamp/nativewindow/egl/EGLGraphicsDevice$EGLDisplayLifecycleCallback
Event: 12.153 loading class com/jogamp/nativewindow/egl/EGLGraphicsDevice$EGLDisplayLifecycleCallback done
Event: 12.154 loading class jogamp/opengl/egl/EGLDisplayUtil$1
Event: 12.154 loading class jogamp/opengl/egl/EGLDisplayUtil$1 done
Event: 12.155 Thread 0x0000000019ff6000 Thread exited: 0x0000000019ff6000
Event: 12.163 Thread 0x000000001ad77800 Thread exited: 0x000000001ad77800


Dynamic libraries:
0x00007ff750d80000 - 0x00007ff750db7000 	C:\Program Files\Java\jdk1.8.0_181\bin\java.exe
0x00007ffa72b90000 - 0x00007ffa72d85000 	C:\WINDOWS\SYSTEM32\ntdll.dll
0x00007ffa71b40000 - 0x00007ffa71bfd000 	C:\WINDOWS\System32\KERNEL32.DLL
0x00007ffa70810000 - 0x00007ffa70ad9000 	C:\WINDOWS\System32\KERNELBASE.dll
0x00007ffa723d0000 - 0x00007ffa7247c000 	C:\WINDOWS\System32\ADVAPI32.dll
0x00007ffa715c0000 - 0x00007ffa7165e000 	C:\WINDOWS\System32\msvcrt.dll
0x00007ffa71520000 - 0x00007ffa715bc000 	C:\WINDOWS\System32\sechost.dll
0x00007ffa716d0000 - 0x00007ffa717fb000 	C:\WINDOWS\System32\RPCRT4.dll
0x00007ffa724a0000 - 0x00007ffa72640000 	C:\WINDOWS\System32\USER32.dll
0x00007ffa707b0000 - 0x00007ffa707d2000 	C:\WINDOWS\System32\win32u.dll
0x00007ffa726b0000 - 0x00007ffa726da000 	C:\WINDOWS\System32\GDI32.dll
0x00007ffa702d0000 - 0x00007ffa703db000 	C:\WINDOWS\System32\gdi32full.dll
0x00007ffa703e0000 - 0x00007ffa7047d000 	C:\WINDOWS\System32\msvcp_win.dll
0x00007ffa704d0000 - 0x00007ffa705d0000 	C:\WINDOWS\System32\ucrtbase.dll
0x00007ffa5db70000 - 0x00007ffa5de0a000 	C:\WINDOWS\WinSxS\amd64_microsoft.windows.common-controls_6595b64144ccf1df_6.0.19041.844_none_ca00b6081b84eb1d\COMCTL32.dll
0x00007ffa71230000 - 0x00007ffa71260000 	C:\WINDOWS\System32\IMM32.DLL
0x000000005f540000 - 0x000000005f612000 	C:\Program Files\Java\jdk1.8.0_181\jre\bin\msvcr100.dll
0x000000005ec90000 - 0x000000005f532000 	C:\Program Files\Java\jdk1.8.0_181\jre\bin\server\jvm.dll
0x00007ffa723c0000 - 0x00007ffa723c8000 	C:\WINDOWS\System32\PSAPI.DLL
0x00007ffa5ca70000 - 0x00007ffa5ca79000 	C:\WINDOWS\SYSTEM32\WSOCK32.dll
0x00007ffa5eb20000 - 0x00007ffa5eb47000 	C:\WINDOWS\SYSTEM32\WINMM.dll
0x00007ffa6ac40000 - 0x00007ffa6ac4a000 	C:\WINDOWS\SYSTEM32\VERSION.dll
0x00007ffa72640000 - 0x00007ffa726ab000 	C:\WINDOWS\System32\WS2_32.dll
0x000000005ec80000 - 0x000000005ec8f000 	C:\Program Files\Java\jdk1.8.0_181\jre\bin\verify.dll
0x000000005ec50000 - 0x000000005ec79000 	C:\Program Files\Java\jdk1.8.0_181\jre\bin\java.dll
0x000000005ebb0000 - 0x000000005ebd3000 	C:\Program Files\Java\jdk1.8.0_181\jre\bin\instrument.dll
0x000000005ec30000 - 0x000000005ec46000 	C:\Program Files\Java\jdk1.8.0_181\jre\bin\zip.dll
0x00007ffa71c60000 - 0x00007ffa723a2000 	C:\WINDOWS\System32\SHELL32.dll
0x00007ffa6e420000 - 0x00007ffa6ebb0000 	C:\WINDOWS\SYSTEM32\windows.storage.dll
0x00007ffa70e20000 - 0x00007ffa71175000 	C:\WINDOWS\System32\combase.dll
0x00007ffa6fcd0000 - 0x00007ffa6fcfc000 	C:\WINDOWS\SYSTEM32\Wldp.dll
0x00007ffa71180000 - 0x00007ffa7122e000 	C:\WINDOWS\System32\SHCORE.dll
0x00007ffa71260000 - 0x00007ffa712b5000 	C:\WINDOWS\System32\shlwapi.dll
0x00007ffa70210000 - 0x00007ffa7022f000 	C:\WINDOWS\SYSTEM32\profapi.dll
0x00007ffa5e9c0000 - 0x00007ffa5e9da000 	C:\Program Files\JetBrains\IntelliJ IDEA Community Edition 2019.1.1\bin\breakgen64.dll
0x000000005ec10000 - 0x000000005ec2a000 	C:\Program Files\Java\jdk1.8.0_181\jre\bin\net.dll
0x00007ffa6f9f0000 - 0x00007ffa6fa5a000 	C:\WINDOWS\system32\mswsock.dll
0x000000005ea10000 - 0x000000005eba9000 	C:\Program Files\Java\jdk1.8.0_181\jre\bin\awt.dll
0x00007ffa712c0000 - 0x00007ffa7138d000 	C:\WINDOWS\System32\OLEAUT32.dll
0x00007ffa6dc60000 - 0x00007ffa6dcf0000 	C:\WINDOWS\SYSTEM32\apphelp.dll
0x00007ffa6dd60000 - 0x00007ffa6ddfe000 	C:\WINDOWS\system32\uxtheme.dll
0x00007ffa71890000 - 0x00007ffa719a5000 	C:\WINDOWS\System32\MSCTF.dll
0x00007ffa317f0000 - 0x00007ffa318ec000 	C:\ProgramData\AWHeadset\DellInc.AlienwareSoundCenter\Modules\ScheduledModules\x64\DellInc.AlienwareSoundCenterDevProps2.dll
0x00007ffa71390000 - 0x00007ffa714ba000 	C:\WINDOWS\System32\ole32.dll
0x00007ffa31a10000 - 0x00007ffa31abc000 	C:\ProgramData\AWHeadset\DellInc.AlienwareSoundCenter\Modules\ScheduledModules\x64\NahimicOSD.dll
0x00007ffa3abd0000 - 0x00007ffa3abf1000 	C:\ProgramData\AWHeadset\DellInc.AlienwareSoundCenter\Modules\ScheduledModules\x64\ProductInfo.dll
0x00007ffa6e220000 - 0x00007ffa6e232000 	C:\WINDOWS\SYSTEM32\kernel.appcore.dll
0x00007ffa705d0000 - 0x00007ffa70650000 	C:\WINDOWS\System32\bcryptPrimitives.dll
0x00007ffa6e040000 - 0x00007ffa6e06f000 	C:\WINDOWS\system32\DWMAPI.DLL
0x00007ffa5e7c0000 - 0x00007ffa5e8e6000 	C:\WINDOWS\system32\opengl32.dll
0x00007ffa677e0000 - 0x00007ffa6780c000 	C:\WINDOWS\SYSTEM32\GLU32.dll
0x000000005e9c0000 - 0x000000005ea07000 	C:\Program Files\Java\jdk1.8.0_181\jre\bin\fontmanager.dll
0x000000005ebf0000 - 0x000000005ec01000 	C:\Program Files\Java\jdk1.8.0_181\jre\bin\nio.dll
0x000000005e980000 - 0x000000005e9b1000 	C:\Program Files\Java\jdk1.8.0_181\jre\bin\jpeg.dll
0x000000005e930000 - 0x000000005e972000 	C:\Program Files\Java\jdk1.8.0_181\jre\bin\t2k.dll
0x00007ffa66540000 - 0x00007ffa6663b000 	C:\WINDOWS\SYSTEM32\textinputframework.dll
0x00007ffa6d8c0000 - 0x00007ffa6d9b2000 	C:\WINDOWS\System32\CoreMessaging.dll
0x00007ffa6d560000 - 0x00007ffa6d8be000 	C:\WINDOWS\System32\CoreUIComponents.dll
0x00007ffa6f010000 - 0x00007ffa6f043000 	C:\WINDOWS\SYSTEM32\ntmarta.dll
0x00007ffa6ce60000 - 0x00007ffa6cfb4000 	C:\WINDOWS\SYSTEM32\wintypes.dll
0x000000005e900000 - 0x000000005e92a000 	C:\Program Files\Java\jdk1.8.0_181\jre\bin\dcpr.dll
0x00007ffa6fc20000 - 0x00007ffa6fc38000 	C:\WINDOWS\SYSTEM32\CRYPTSP.dll
0x00007ffa6f390000 - 0x00007ffa6f3c4000 	C:\WINDOWS\system32\rsaenh.dll
0x0000000002b50000 - 0x0000000002b77000 	C:\WINDOWS\System32\bcrypt.dll
0x00007ffa701d0000 - 0x00007ffa701fe000 	C:\WINDOWS\SYSTEM32\USERENV.dll
0x00007ffa6fc40000 - 0x00007ffa6fc4c000 	C:\WINDOWS\SYSTEM32\CRYPTBASE.dll
0x00007ffa6f6e0000 - 0x00007ffa6f71b000 	C:\WINDOWS\SYSTEM32\IPHLPAPI.DLL
0x00007ffa723b0000 - 0x00007ffa723b8000 	C:\WINDOWS\System32\NSI.dll
0x00007ffa6aca0000 - 0x00007ffa6acb7000 	C:\WINDOWS\SYSTEM32\dhcpcsvc6.DLL
0x00007ffa6b1a0000 - 0x00007ffa6b1bd000 	C:\WINDOWS\SYSTEM32\dhcpcsvc.DLL
0x00007ffa6f720000 - 0x00007ffa6f7eb000 	C:\WINDOWS\SYSTEM32\DNSAPI.dll
0x00000000637c0000 - 0x00000000637cd000 	C:\Users\ghane\AppData\Local\Temp\jogamp_0000\file_cache\jln623740414540700966\jln7693021370159390604\natives\windows-amd64\gluegen-rt.dll
0x000000005e8f0000 - 0x000000005e8f7000 	C:\Program Files\Java\jdk1.8.0_181\jre\bin\jawt.dll
0x000000006a440000 - 0x000000006a44d000 	C:\Users\ghane\AppData\Local\Temp\jogamp_0000\file_cache\jln623740414540700966\jln7693021370159390604\natives\windows-amd64\nativewindow_awt.dll
0x000000006c100000 - 0x000000006c10f000 	C:\Users\ghane\AppData\Local\Temp\jogamp_0000\file_cache\jln623740414540700966\jln7693021370159390604\natives\windows-amd64\nativewindow_win32.dll
0x0000000064500000 - 0x00000000645b1000 	C:\Users\ghane\AppData\Local\Temp\jogamp_0000\file_cache\jln623740414540700966\jln7693021370159390604\natives\windows-amd64\jogl_desktop.dll
0x0000000064340000 - 0x00000000643a2000 	C:\Users\ghane\AppData\Local\Temp\jogamp_0000\file_cache\jln623740414540700966\jln7693021370159390604\natives\windows-amd64\jogl_mobile.dll
0x00007ffa71a90000 - 0x00007ffa71b39000 	C:\WINDOWS\System32\clbcatq.dll
0x00007ffa69c10000 - 0x00007ffa69d0a000 	C:\Windows\System32\AppXDeploymentClient.dll
0x00007ffa09ab0000 - 0x00007ffa0a947000 	C:\WINDOWS\System32\DriverStore\FileRepository\igdlh64.inf_amd64_0b3e3ed3ace9602a\ig9icd64.dll
0x00007ffa6ec10000 - 0x00007ffa6ed03000 	C:\WINDOWS\system32\dxgi.dll
0x00007ffa6b160000 - 0x00007ffa6b19b000 	C:\WINDOWS\SYSTEM32\dxcore.dll
0x00007ffa70480000 - 0x00007ffa704ce000 	C:\WINDOWS\System32\cfgmgr32.dll
0x00007ffa27b30000 - 0x00007ffa27c13000 	C:\WINDOWS\System32\DriverStore\FileRepository\igdlh64.inf_amd64_0b3e3ed3ace9602a\igdgmm64.dll
0x00007ffa60d60000 - 0x00007ffa62cc9000 	C:\WINDOWS\System32\DriverStore\FileRepository\igdlh64.inf_amd64_0b3e3ed3ace9602a\igc64.dll
0x00007ffa6fd90000 - 0x00007ffa6fddb000 	C:\WINDOWS\SYSTEM32\powrprof.dll
0x00007ffa6fd40000 - 0x00007ffa6fd52000 	C:\WINDOWS\SYSTEM32\UMPDC.dll
0x000000005e8b0000 - 0x000000005e8ee000 	C:\Program Files\Java\jdk1.8.0_181\jre\bin\lcms.dll
0x000000006b600000 - 0x000000006b658000 	C:\Users\ghane\AppData\Local\Temp\jogamp_0000\file_cache\jln623740414540700966\jln7693021370159390604\natives\windows-amd64\soft_oal.dll
0x00000000680c0000 - 0x00000000680d6000 	C:\Users\ghane\AppData\Local\Temp\jogamp_0000\file_cache\jln623740414540700966\jln7693021370159390604\natives\windows-amd64\joal.dll
0x00007ffa66290000 - 0x00007ffa66315000 	C:\WINDOWS\System32\MMDevApi.dll
0x00007ffa70080000 - 0x00007ffa700ac000 	C:\WINDOWS\System32\DEVOBJ.dll
0x00007ffa660b0000 - 0x00007ffa66235000 	C:\WINDOWS\SYSTEM32\AudioSes.dll
0x00007ffa6bf00000 - 0x00007ffa6bff7000 	C:\WINDOWS\SYSTEM32\PropSys.dll
0x00007ffa65330000 - 0x00007ffa653cc000 	C:\WINDOWS\SYSTEM32\dsound.dll
0x00007ffa5eb70000 - 0x00007ffa5eb96000 	C:\WINDOWS\SYSTEM32\winmmbase.dll
0x00007ffa6de20000 - 0x00007ffa6de34000 	C:\WINDOWS\SYSTEM32\resourcepolicyclient.dll
0x00007ffa696b0000 - 0x00007ffa6987f000 	C:\WINDOWS\SYSTEM32\d3d9.dll
0x00007ffa23740000 - 0x00007ffa26e74000 	C:\WINDOWS\System32\DriverStore\FileRepository\igdlh64.inf_amd64_0b3e3ed3ace9602a\igd9dxva64.dll
0x00007ffa5bca0000 - 0x00007ffa5be84000 	C:\WINDOWS\SYSTEM32\dbghelp.dll

VM Arguments:
jvm_args: -javaagent:C:\Program Files\JetBrains\IntelliJ IDEA Community Edition 2019.1.1\lib\idea_rt.jar=62677:C:\Program Files\JetBrains\IntelliJ IDEA Community Edition 2019.1.1\bin -Dfile.encoding=UTF-8 
java_command: Launcher.Launcher
java_class_path (initial): C:\Program Files\Java\jdk1.8.0_181\jre\lib\charsets.jar;C:\Program Files\Java\jdk1.8.0_181\jre\lib\deploy.jar;C:\Program Files\Java\jdk1.8.0_181\jre\lib\ext\access-bridge-64.jar;C:\Program Files\Java\jdk1.8.0_181\jre\lib\ext\cldrdata.jar;C:\Program Files\Java\jdk1.8.0_181\jre\lib\ext\dnsns.jar;C:\Program Files\Java\jdk1.8.0_181\jre\lib\ext\jaccess.jar;C:\Program Files\Java\jdk1.8.0_181\jre\lib\ext\jfxrt.jar;C:\Program Files\Java\jdk1.8.0_181\jre\lib\ext\localedata.jar;C:\Program Files\Java\jdk1.8.0_181\jre\lib\ext\nashorn.jar;C:\Program Files\Java\jdk1.8.0_181\jre\lib\ext\sunec.jar;C:\Program Files\Java\jdk1.8.0_181\jre\lib\ext\sunjce_provider.jar;C:\Program Files\Java\jdk1.8.0_181\jre\lib\ext\sunmscapi.jar;C:\Program Files\Java\jdk1.8.0_181\jre\lib\ext\sunpkcs11.jar;C:\Program Files\Java\jdk1.8.0_181\jre\lib\ext\zipfs.jar;C:\Program Files\Java\jdk1.8.0_181\jre\lib\javaws.jar;C:\Program Files\Java\jdk1.8.0_181\jre\lib\jce.jar;C:\Program Files\Java\jdk1.8.0_181\jre\lib\jfr.jar;C:\Program Files\Java\jdk1.8.0_181\jre\lib\jfxswt.jar;C:\Program Files\Java\jdk1.8.0_181\jre\lib\jsse.jar;C:\Program Files\Java\jdk1.8.0_181\jre\lib\management-agent.jar;C:\Program Files\Java\jdk1.8.0_181\jre\lib\plugin.jar;C:\Program Files\Java\jdk1.8.0_181\jre\lib\resources.jar;C:\Program Files\Java\jdk1.8.0_181\jre\lib\rt.jar;C:\Users\ghane\Documents\GitHub\monk-chess\out\production\monk-chess;C:\Users\ghane\Documents\GitHub\monk-chess\Assets\Launcher\KControls-master\dist\KControls.jar;C:\Users\ghane\Documents\GitHub\monk-chess\Jars4Java3D\j3dcore.jar;C:\Users\ghane\Documents\GitHub\monk-chess\Jars4Java3D\j3dexamples.jar;C:\Users\ghane\Documents\GitHub\monk-chess\Jars4Java3D\vecmath.jar;C:\Users\ghane\Documents\GitHub\monk-chess\Jars4Java3D\j3dutils.jar;C:\Users\ghane\Documents\GitHub\monk-chess\Jars4Java3D\jogamp-fat.jar;C:\Users\ghane\Documents\GitHub\monk-chess\out\production\KControls-master;C:\Program Files\JetBrains\IntelliJ IDEA Community Edition 2019.1.1
Launcher Type: SUN_STANDARD

Environment Variables:
USERNAME=ghane
OS=Windows_NT
PROCESSOR_IDENTIFIER=Intel64 Family 6 Model 142 Stepping 10, GenuineIntel



---------------  S Y S T E M  ---------------

OS: Windows 10.0 , 64 bit Build 19041 (10.0.19041.804)

CPU:total 8 (initial active 8) (4 cores per cpu, 2 threads per core) family 6 model 142 stepping 10, cmov, cx8, fxsr, mmx, sse, sse2, sse3, ssse3, sse4.1, sse4.2, popcnt, avx, avx2, aes, clmul, erms, 3dnowpref, lzcnt, ht, tsc, tscinvbit, bmi1, bmi2, adx

Memory: 4k page, physical 8261220k(1134688k free), swap 13936520k(2062220k free)

vm_info: Java HotSpot(TM) 64-Bit Server VM (25.181-b13) for windows-amd64 JRE (1.8.0_181-b13), built on Jul  7 2018 04:01:33 by "java_re" with MS VC++ 10.0 (VS2010)

time: Tue Apr 06 02:32:41 2021
elapsed time: 12 seconds (0d 0h 0m 12s)

