#
# A fatal error has been detected by the Java Runtime Environment:
#
#  EXCEPTION_ACCESS_VIOLATION (0xc0000005) at pc=0x00007ffa0bdd7e1e, pid=1456, tid=0x0000000000002308
#
# JRE version: Java(TM) SE Runtime Environment (8.0_181-b13) (build 1.8.0_181-b13)
# Java VM: Java HotSpot(TM) 64-Bit Server VM (25.181-b13 mixed mode windows-amd64 compressed oops)
# Problematic frame:
# C  [ig9icd64.dll+0x187e1e]
#
# Failed to write core dump. Minidumps are not enabled by default on client versions of Windows
#
# If you would like to submit a bug report, please visit:
#   http://bugreport.java.com/bugreport/crash.jsp
# The crash happened outside the Java Virtual Machine in native code.
# See problematic frame for where to report the bug.
#

---------------  T H R E A D  ---------------

Current thread (0x000000001caa6000):  JavaThread "J3D-Renderer-1" daemon [_thread_in_native, id=8968, stack(0x00000000249c0000,0x0000000024ac0000)]

siginfo: ExceptionCode=0xc0000005, reading address 0x0000000000000008

Registers:
RAX=0x0000000000000000, RBX=0x00007ffa0c134270, RCX=0x000000001ec7f200, RDX=0x0000000023c56d80
RSP=0x0000000024abe2a0, RBP=0x0000000024abe530, RSI=0x0000000024abe4f0, RDI=0x0000000000000000
R8 =0x0000000009770000, R9 =0x0000000000000000, R10=0x0000000024abe670, R11=0x0000000024abe448
R12=0x0000000000000007, R13=0x0000000000000000, R14=0x0000000024abe7c0, R15=0x0000000024abe570
RIP=0x00007ffa0bdd7e1e, EFLAGS=0x0000000000010246

Top of Stack: (sp=0x0000000024abe2a0)
0x0000000024abe2a0:   0000000023c56d80 00007ffa0bff0463
0x0000000024abe2b0:   0000000023f24900 0000000023c56d80
0x0000000024abe2c0:   0000000000000000 0000000024abe3d8
0x0000000024abe2d0:   0000000000000000 0000000024abe530
0x0000000024abe2e0:   0000000024abe310 0000000024abe350
0x0000000024abe2f0:   0000000024abe398 0000000024abe320
0x0000000024abe300:   0000000024abe3b8 0000000024abe330
0x0000000024abe310:   00007ffa38832900 0000000024abe6e0
0x0000000024abe320:   0000000000d74680 00007ffa0bc866f0
0x0000000024abe330:   0000000023d47eb0 0000000040003840
0x0000000024abe340:   0000000000000000 0000000022e80aa0
0x0000000024abe350:   0000000000000ec0 0000000000000000
0x0000000024abe360:   800066c040000240 0000000000000000
0x0000000024abe370:   0000000024abe570 0000000024abe670
0x0000000024abe380:   0000000023f28fc0 0000000023f28fc0
0x0000000024abe390:   0000000000000000 0000000023d47eb0 

Instructions: (pc=0x00007ffa0bdd7e1e)
0x00007ffa0bdd7dfe:   48 85 c9 74 06 48 8b 41 20 eb 15 48 8b 80 98 00
0x00007ffa0bdd7e0e:   00 00 48 85 c0 74 06 48 8b 40 20 eb 03 48 8b c7
0x00007ffa0bdd7e1e:   48 8b 78 08 48 85 ff 0f 84 85 00 00 00 48 8b 07
0x00007ffa0bdd7e2e:   48 8b 98 58 01 00 00 48 8b cb ff 15 c2 e7 80 00 


Register to memory mapping:

RAX=0x0000000000000000 is an unknown value
RBX=0x00007ffa0c134270 is an unknown value
RCX=0x000000001ec7f200 is an unknown value
RDX=0x0000000023c56d80 is an unknown value
RSP=0x0000000024abe2a0 is pointing into the stack for thread: 0x000000001caa6000
RBP=0x0000000024abe530 is pointing into the stack for thread: 0x000000001caa6000
RSI=0x0000000024abe4f0 is pointing into the stack for thread: 0x000000001caa6000
RDI=0x0000000000000000 is an unknown value
R8 =0x0000000009770000 is an unknown value
R9 =0x0000000000000000 is an unknown value
R10=0x0000000024abe670 is pointing into the stack for thread: 0x000000001caa6000
R11=0x0000000024abe448 is pointing into the stack for thread: 0x000000001caa6000
R12=0x0000000000000007 is an unknown value
R13=0x0000000000000000 is an unknown value
R14=0x0000000024abe7c0 is pointing into the stack for thread: 0x000000001caa6000
R15=0x0000000024abe570 is pointing into the stack for thread: 0x000000001caa6000


Stack: [0x00000000249c0000,0x0000000024ac0000],  sp=0x0000000024abe2a0,  free space=1016k
Native frames: (J=compiled Java code, j=interpreted, Vv=VM code, C=native code)
C  [ig9icd64.dll+0x187e1e]
C  [ig9icd64.dll+0x49bc44]
C  [ig9icd64.dll+0x49fc77]
C  [ig9icd64.dll+0x392acf]
C  [ig9icd64.dll+0x34e4d5]
C  [ig9icd64.dll+0x147ee5]
C  [ig9icd64.dll+0x138b74]
C  [ig9icd64.dll+0x135636]
C  [opengl32.dll+0x29bfa]
C  [NahimicOSD.dll+0x1d9ff]
C  [NahimicOSD.dll+0x66584]
C  [NahimicOSD.dll+0x1daf1]
C  [NahimicOSD.dll+0x1ad7f]
C  [gdi32full.dll+0x6268e]
C  [nativewindow_win32.dll+0x2b6d]
C  0x00000000035a357b

Java frames: (J=compiled Java code, j=interpreted, Vv=VM code)
J 2434  jogamp.nativewindow.windows.GDI.SwapBuffers(J)Z (0 bytes) @ 0x00000000035a3501 [0x00000000035a34c0+0x41]
J 2509 C2 org.jogamp.java3d.Renderer.doWork(J)V (6524 bytes) @ 0x00000000035e1638 [0x00000000035e0fe0+0x658]
J 2635% C1 org.jogamp.java3d.J3dThread.run()V (37 bytes) @ 0x000000000363a4e4 [0x000000000363a300+0x1e4]
v  ~StubRoutines::call_stub

---------------  P R O C E S S  ---------------

Java Threads: ( => current thread )
  0x000000001cca8000 JavaThread "J3D-InputDeviceScheduler-1" daemon [_thread_blocked, id=17592, stack(0x0000000025700000,0x0000000025800000)]
  0x000000001cca9000 JavaThread "J3D-SoundSchedulerUpdateThread-1" daemon [_thread_blocked, id=7136, stack(0x0000000025600000,0x0000000025700000)]
  0x000000001cca9800 JavaThread "J3D-RenderStructureUpdateThread-1" daemon [_thread_blocked, id=2164, stack(0x0000000025500000,0x0000000025600000)]
  0x000000001caab800 JavaThread "J3D-BehaviorScheduler-1" daemon [_thread_blocked, id=9812, stack(0x0000000025400000,0x0000000025500000)]
  0x000000001caaa800 JavaThread "J3D-TransformStructureUpdateThread-1" daemon [_thread_blocked, id=11200, stack(0x0000000025300000,0x0000000025400000)]
  0x000000001caa7800 JavaThread "J3D-RenderingEnvironmentStructureUpdateThread-1" daemon [_thread_blocked, id=3020, stack(0x0000000025200000,0x0000000025300000)]
  0x000000001caa7000 JavaThread "J3D-SoundStructureUpdateThread-1" daemon [_thread_blocked, id=15352, stack(0x0000000025100000,0x0000000025200000)]
  0x000000001caa9000 JavaThread "J3D-GeometryStructureUpdateThread-1" daemon [_thread_blocked, id=16196, stack(0x0000000025000000,0x0000000025100000)]
  0x000000001caaa000 JavaThread "J3D-BehaviorStructureUpdateThread-1" daemon [_thread_blocked, id=10380, stack(0x000000001bbb0000,0x000000001bcb0000)]
  0x000000001caa5800 JavaThread "DestroyJavaVM" [_thread_blocked, id=2604, stack(0x0000000002a30000,0x0000000002b30000)]
=>0x000000001caa6000 JavaThread "J3D-Renderer-1" daemon [_thread_in_native, id=8968, stack(0x00000000249c0000,0x0000000024ac0000)]
  0x000000001caac000 JavaThread "J3D-MasterControl-1" daemon [_thread_blocked, id=14628, stack(0x00000000248c0000,0x00000000249c0000)]
  0x000000001caa4800 JavaThread "J3D-NotificationThread" daemon [_thread_blocked, id=14208, stack(0x00000000247c0000,0x00000000248c0000)]
  0x000000001ca8f000 JavaThread "J3D-TimerThread" daemon [_thread_blocked, id=7824, stack(0x00000000246c0000,0x00000000247c0000)]
  0x000000001caa1800 JavaThread "J3D-RenderingAttributesStructureUpdateThread" daemon [_thread_blocked, id=13664, stack(0x00000000245c0000,0x00000000246c0000)]
  0x000000001b1e8800 JavaThread "AWT-EventQueue-0" [_thread_blocked, id=16252, stack(0x000000001c750000,0x000000001c850000)]
  0x000000001ad4d000 JavaThread "AWT-Shutdown" [_thread_blocked, id=10304, stack(0x000000001b540000,0x000000001b640000)]
  0x000000001ad4a000 JavaThread "Java2D Disposer" daemon [_thread_blocked, id=12384, stack(0x000000001b440000,0x000000001b540000)]
  0x0000000019dbd000 JavaThread "Service Thread" daemon [_thread_blocked, id=9072, stack(0x000000001a900000,0x000000001aa00000)]
  0x0000000019d15800 JavaThread "C1 CompilerThread3" daemon [_thread_blocked, id=4304, stack(0x000000001a800000,0x000000001a900000)]
  0x0000000019d09000 JavaThread "C2 CompilerThread2" daemon [_thread_blocked, id=10028, stack(0x000000001a700000,0x000000001a800000)]
  0x0000000019d05000 JavaThread "C2 CompilerThread1" daemon [_thread_blocked, id=12400, stack(0x000000001a600000,0x000000001a700000)]
  0x0000000019ceb000 JavaThread "C2 CompilerThread0" daemon [_thread_blocked, id=18252, stack(0x000000001a500000,0x000000001a600000)]
  0x0000000019cd2800 JavaThread "Monitor Ctrl-Break" daemon [_thread_in_native, id=18376, stack(0x000000001a400000,0x000000001a500000)]
  0x0000000019c2b000 JavaThread "Attach Listener" daemon [_thread_blocked, id=8196, stack(0x000000001a300000,0x000000001a400000)]
  0x0000000019c2a800 JavaThread "Signal Dispatcher" daemon [_thread_blocked, id=6216, stack(0x000000001a200000,0x000000001a300000)]
  0x0000000019c20800 JavaThread "Finalizer" daemon [_thread_blocked, id=7456, stack(0x000000001a000000,0x000000001a100000)]
  0x0000000002d7a000 JavaThread "Reference Handler" daemon [_thread_blocked, id=11920, stack(0x0000000019b00000,0x0000000019c00000)]

Other Threads:
  0x0000000017cea000 VMThread [stack: 0x0000000019a00000,0x0000000019b00000] [id=11720]
  0x0000000019e12800 WatcherThread [stack: 0x000000001aa00000,0x000000001ab00000] [id=1948]

VM state:not at safepoint (normal execution)

VM Mutex/Monitor currently owned by a thread: None

Heap:
 PSYoungGen      total 195584K, used 94781K [0x00000000d5f80000, 0x00000000ea400000, 0x0000000100000000)
  eden space 80896K, 10% used [0x00000000d5f80000,0x00000000d67cb040,0x00000000dae80000)
  from space 114688K, 75% used [0x00000000dae80000,0x00000000e02c44e8,0x00000000e1e80000)
  to   space 123392K, 0% used [0x00000000e2b80000,0x00000000e2b80000,0x00000000ea400000)
 ParOldGen       total 264704K, used 154092K [0x0000000081e00000, 0x0000000092080000, 0x00000000d5f80000)
  object space 264704K, 58% used [0x0000000081e00000,0x000000008b47b280,0x0000000092080000)
 Metaspace       used 23107K, capacity 23300K, committed 23680K, reserved 1071104K
  class space    used 2229K, capacity 2313K, committed 2432K, reserved 1048576K

Card table byte_map: [0x0000000012140000,0x0000000012540000] byte_map_base: 0x0000000011d31000

Marking Bits: (ParMarkBitMap*) 0x000000005f4b2d00
 Begin Bits: [0x0000000012ff0000, 0x0000000014f78000)
 End Bits:   [0x0000000014f78000, 0x0000000016f00000)

Polling page: 0x0000000000c60000

CodeCache: size=245760Kb used=8997Kb max_used=9009Kb free=236762Kb
 bounds [0x0000000002d80000, 0x0000000003660000, 0x0000000011d80000]
 total_blobs=3312 nmethods=2388 adapters=836
 compilation: enabled

Compilation events (10 events):
Event: 253.641 Thread 0x0000000019d15800 2654       3       java.util.logging.LogManager$LoggerContext::ensureDefaultLogger (70 bytes)
Event: 253.641 Thread 0x0000000019d15800 nmethod 2654 0x0000000003653690 code [0x0000000003653840, 0x00000000036540c8]
Event: 253.641 Thread 0x0000000019d15800 2655  s    3       java.util.Hashtable::containsKey (65 bytes)
Event: 253.642 Thread 0x0000000019d15800 nmethod 2655 0x0000000003652c50 code [0x0000000003652de0, 0x0000000003653418]
Event: 253.649 Thread 0x0000000019d15800 2656       3       java.util.jar.Attributes$Name::equals (39 bytes)
Event: 253.649 Thread 0x0000000019d15800 nmethod 2656 0x00000000036524d0 code [0x0000000003652660, 0x0000000003652b08]
Event: 253.649 Thread 0x0000000019d15800 2657       3       sun.misc.ASCIICaseInsensitiveComparator::compare (13 bytes)
Event: 253.650 Thread 0x0000000019d15800 nmethod 2657 0x0000000003651f10 code [0x0000000003652080, 0x00000000036523e8]
Event: 253.650 Thread 0x0000000019d09000 2658       4       java.io.WinNTFileSystem::normalize (143 bytes)
Event: 253.655 Thread 0x0000000019d09000 nmethod 2658 0x00000000036516d0 code [0x0000000003651840, 0x0000000003651c48]

GC Heap History (10 events):
Event: 11.250 GC heap before
{Heap before GC invocations=26 (full 3):
 PSYoungGen      total 151040K, used 146016K [0x00000000d5f80000, 0x00000000e4c00000, 0x0000000100000000)
  eden space 88064K, 100% used [0x00000000d5f80000,0x00000000db580000,0x00000000db580000)
  from space 62976K, 92% used [0x00000000dfc00000,0x00000000e34980c0,0x00000000e3980000)
  to   space 72192K, 0% used [0x00000000db580000,0x00000000db580000,0x00000000dfc00000)
 ParOldGen       total 264704K, used 154084K [0x0000000081e00000, 0x0000000092080000, 0x00000000d5f80000)
  object space 264704K, 58% used [0x0000000081e00000,0x000000008b479280,0x0000000092080000)
 Metaspace       used 21769K, capacity 22014K, committed 22448K, reserved 1069056K
  class space    used 2168K, capacity 2248K, committed 2304K, reserved 1048576K
Event: 11.257 GC heap after
Heap after GC invocations=26 (full 3):
 PSYoungGen      total 160256K, used 62720K [0x00000000d5f80000, 0x00000000e5a80000, 0x0000000100000000)
  eden space 88064K, 0% used [0x00000000d5f80000,0x00000000d5f80000,0x00000000db580000)
  from space 72192K, 86% used [0x00000000db580000,0x00000000df2c00d0,0x00000000dfc00000)
  to   space 80896K, 0% used [0x00000000e0b80000,0x00000000e0b80000,0x00000000e5a80000)
 ParOldGen       total 264704K, used 154084K [0x0000000081e00000, 0x0000000092080000, 0x00000000d5f80000)
  object space 264704K, 58% used [0x0000000081e00000,0x000000008b479280,0x0000000092080000)
 Metaspace       used 21769K, capacity 22014K, committed 22448K, reserved 1069056K
  class space    used 2168K, capacity 2248K, committed 2304K, reserved 1048576K
}
Event: 11.780 GC heap before
{Heap before GC invocations=27 (full 3):
 PSYoungGen      total 160256K, used 150784K [0x00000000d5f80000, 0x00000000e5a80000, 0x0000000100000000)
  eden space 88064K, 100% used [0x00000000d5f80000,0x00000000db580000,0x00000000db580000)
  from space 72192K, 86% used [0x00000000db580000,0x00000000df2c00d0,0x00000000dfc00000)
  to   space 80896K, 0% used [0x00000000e0b80000,0x00000000e0b80000,0x00000000e5a80000)
 ParOldGen       total 264704K, used 154084K [0x0000000081e00000, 0x0000000092080000, 0x00000000d5f80000)
  object space 264704K, 58% used [0x0000000081e00000,0x000000008b479280,0x0000000092080000)
 Metaspace       used 21770K, capacity 22014K, committed 22448K, reserved 1069056K
  class space    used 2168K, capacity 2248K, committed 2304K, reserved 1048576K
Event: 11.789 GC heap after
Heap after GC invocations=27 (full 3):
 PSYoungGen      total 165376K, used 72352K [0x00000000d5f80000, 0x00000000e6f80000, 0x0000000100000000)
  eden space 84480K, 0% used [0x00000000d5f80000,0x00000000d5f80000,0x00000000db200000)
  from space 80896K, 89% used [0x00000000e0b80000,0x00000000e52280f0,0x00000000e5a80000)
  to   space 91648K, 0% used [0x00000000db200000,0x00000000db200000,0x00000000e0b80000)
 ParOldGen       total 264704K, used 154084K [0x0000000081e00000, 0x0000000092080000, 0x00000000d5f80000)
  object space 264704K, 58% used [0x0000000081e00000,0x000000008b479280,0x0000000092080000)
 Metaspace       used 21770K, capacity 22014K, committed 22448K, reserved 1069056K
  class space    used 2168K, capacity 2248K, committed 2304K, reserved 1048576K
}
Event: 12.353 GC heap before
{Heap before GC invocations=28 (full 3):
 PSYoungGen      total 165376K, used 156832K [0x00000000d5f80000, 0x00000000e6f80000, 0x0000000100000000)
  eden space 84480K, 100% used [0x00000000d5f80000,0x00000000db200000,0x00000000db200000)
  from space 80896K, 89% used [0x00000000e0b80000,0x00000000e52280f0,0x00000000e5a80000)
  to   space 91648K, 0% used [0x00000000db200000,0x00000000db200000,0x00000000e0b80000)
 ParOldGen       total 264704K, used 154084K [0x0000000081e00000, 0x0000000092080000, 0x00000000d5f80000)
  object space 264704K, 58% used [0x0000000081e00000,0x000000008b479280,0x0000000092080000)
 Metaspace       used 21770K, capacity 22014K, committed 22448K, reserved 1069056K
  class space    used 2168K, capacity 2248K, committed 2304K, reserved 1048576K
Event: 12.361 GC heap after
Heap after GC invocations=28 (full 3):
 PSYoungGen      total 176128K, used 86752K [0x00000000d5f80000, 0x00000000e8580000, 0x0000000100000000)
  eden space 84480K, 0% used [0x00000000d5f80000,0x00000000d5f80000,0x00000000db200000)
  from space 91648K, 94% used [0x00000000db200000,0x00000000e06b8120,0x00000000e0b80000)
  to   space 105472K, 0% used [0x00000000e1e80000,0x00000000e1e80000,0x00000000e8580000)
 ParOldGen       total 264704K, used 154084K [0x0000000081e00000, 0x0000000092080000, 0x00000000d5f80000)
  object space 264704K, 58% used [0x0000000081e00000,0x000000008b479280,0x0000000092080000)
 Metaspace       used 21770K, capacity 22014K, committed 22448K, reserved 1069056K
  class space    used 2168K, capacity 2248K, committed 2304K, reserved 1048576K
}
Event: 12.910 GC heap before
{Heap before GC invocations=29 (full 3):
 PSYoungGen      total 176128K, used 171232K [0x00000000d5f80000, 0x00000000e8580000, 0x0000000100000000)
  eden space 84480K, 100% used [0x00000000d5f80000,0x00000000db200000,0x00000000db200000)
  from space 91648K, 94% used [0x00000000db200000,0x00000000e06b8120,0x00000000e0b80000)
  to   space 105472K, 0% used [0x00000000e1e80000,0x00000000e1e80000,0x00000000e8580000)
 ParOldGen       total 264704K, used 154084K [0x0000000081e00000, 0x0000000092080000, 0x00000000d5f80000)
  object space 264704K, 58% used [0x0000000081e00000,0x000000008b479280,0x0000000092080000)
 Metaspace       used 21770K, capacity 22014K, committed 22448K, reserved 1069056K
  class space    used 2168K, capacity 2248K, committed 2304K, reserved 1048576K
Event: 12.920 GC heap after
Heap after GC invocations=29 (full 3):
 PSYoungGen      total 186368K, used 81984K [0x00000000d5f80000, 0x00000000e9780000, 0x0000000100000000)
  eden space 80896K, 0% used [0x00000000d5f80000,0x00000000d5f80000,0x00000000dae80000)
  from space 105472K, 77% used [0x00000000e1e80000,0x00000000e6e90110,0x00000000e8580000)
  to   space 114688K, 0% used [0x00000000dae80000,0x00000000dae80000,0x00000000e1e80000)
 ParOldGen       total 264704K, used 154084K [0x0000000081e00000, 0x0000000092080000, 0x00000000d5f80000)
  object space 264704K, 58% used [0x0000000081e00000,0x000000008b479280,0x0000000092080000)
 Metaspace       used 21770K, capacity 22014K, committed 22448K, reserved 1069056K
  class space    used 2168K, capacity 2248K, committed 2304K, reserved 1048576K
}
Event: 229.300 GC heap before
{Heap before GC invocations=30 (full 3):
 PSYoungGen      total 186368K, used 162880K [0x00000000d5f80000, 0x00000000e9780000, 0x0000000100000000)
  eden space 80896K, 100% used [0x00000000d5f80000,0x00000000dae80000,0x00000000dae80000)
  from space 105472K, 77% used [0x00000000e1e80000,0x00000000e6e90110,0x00000000e8580000)
  to   space 114688K, 0% used [0x00000000dae80000,0x00000000dae80000,0x00000000e1e80000)
 ParOldGen       total 264704K, used 154084K [0x0000000081e00000, 0x0000000092080000, 0x00000000d5f80000)
  object space 264704K, 58% used [0x0000000081e00000,0x000000008b479280,0x0000000092080000)
 Metaspace       used 23054K, capacity 23300K, committed 23680K, reserved 1071104K
  class space    used 2226K, capacity 2313K, committed 2432K, reserved 1048576K
Event: 229.309 GC heap after
Heap after GC invocations=30 (full 3):
 PSYoungGen      total 195584K, used 86289K [0x00000000d5f80000, 0x00000000ea400000, 0x0000000100000000)
  eden space 80896K, 0% used [0x00000000d5f80000,0x00000000d5f80000,0x00000000dae80000)
  from space 114688K, 75% used [0x00000000dae80000,0x00000000e02c44e8,0x00000000e1e80000)
  to   space 123392K, 0% used [0x00000000e2b80000,0x00000000e2b80000,0x00000000ea400000)
 ParOldGen       total 264704K, used 154092K [0x0000000081e00000, 0x0000000092080000, 0x00000000d5f80000)
  object space 264704K, 58% used [0x0000000081e00000,0x000000008b47b280,0x0000000092080000)
 Metaspace       used 23054K, capacity 23300K, committed 23680K, reserved 1071104K
  class space    used 2226K, capacity 2313K, committed 2432K, reserved 1048576K
}

Deoptimization events (10 events):
Event: 16.355 Thread 0x000000001b1e8800 Uncommon trap: reason=unstable_if action=reinterpret pc=0x00000000034233b8 method=org.jogamp.java3d.Transform3D.almostEqual(DD)Z @ 9
Event: 44.286 Thread 0x000000001caa6000 Uncommon trap: reason=unstable_if action=reinterpret pc=0x0000000003353548 method=org.jogamp.java3d.JoglPipeline.resetColoringAttributes(Lorg/jogamp/java3d/Context;FFFFZ)V @ 17
Event: 56.226 Thread 0x000000001caac000 Uncommon trap: reason=array_check action=maybe_recompile pc=0x000000000336f858 method=org.jogamp.java3d.UnorderList.add(Ljava/lang/Object;)V @ 70
Event: 56.226 Thread 0x000000001caaa000 Uncommon trap: reason=array_check action=maybe_recompile pc=0x000000000336f858 method=org.jogamp.java3d.UnorderList.add(Ljava/lang/Object;)V @ 70
Event: 56.245 Thread 0x000000001caac000 Uncommon trap: reason=array_check action=maybe_recompile pc=0x000000000336f858 method=org.jogamp.java3d.UnorderList.add(Ljava/lang/Object;)V @ 70
Event: 56.245 Thread 0x000000001caaa000 Uncommon trap: reason=array_check action=maybe_recompile pc=0x000000000336f858 method=org.jogamp.java3d.UnorderList.add(Ljava/lang/Object;)V @ 70
Event: 253.641 Thread 0x000000001b31a800 Uncommon trap: reason=class_check action=maybe_recompile pc=0x000000000360a9fc method=jogamp.opengl.GLDrawableImpl.lockSurface()I @ 4
Event: 253.641 Thread 0x000000001b31a800 Uncommon trap: reason=class_check action=maybe_recompile pc=0x000000000361fa9c method=jogamp.opengl.GLDrawableImpl.lockSurface()I @ 4
Event: 253.641 Thread 0x000000001b31a800 Uncommon trap: reason=class_check action=maybe_recompile pc=0x0000000003646ea4 method=jogamp.opengl.GLDrawableImpl.getHandle()J @ 4
Event: 253.642 Thread 0x000000001b31a800 Uncommon trap: reason=unstable_if action=reinterpret pc=0x0000000003625784 method=jogamp.opengl.GLContextImpl.release(Z)V @ 161

Classes redefined (0 events):
No events

Internal exceptions (10 events):
Event: 16.096 Thread 0x000000001b1e8800 Exception <a 'java/lang/NullPointerException'> (0x00000000d7012aa8) thrown at [C:\re\workspace\8-2-build-windows-amd64-cygwin\jdk8u181\11358\hotspot\src\share\vm\interpreter\linkResolver.cpp, line 1287]
Event: 16.277 Thread 0x000000001b1e8800 Exception <a 'java/lang/NullPointerException'> (0x00000000d7015ba8) thrown at [C:\re\workspace\8-2-build-windows-amd64-cygwin\jdk8u181\11358\hotspot\src\share\vm\interpreter\linkResolver.cpp, line 1287]
Event: 16.358 Thread 0x000000001b1e8800 Exception <a 'java/lang/NullPointerException'> (0x00000000d7019530) thrown at [C:\re\workspace\8-2-build-windows-amd64-cygwin\jdk8u181\11358\hotspot\src\share\vm\interpreter\linkResolver.cpp, line 1287]
Event: 16.591 Thread 0x000000001b1e8800 Exception <a 'java/lang/NullPointerException'> (0x00000000d701d6d8) thrown at [C:\re\workspace\8-2-build-windows-amd64-cygwin\jdk8u181\11358\hotspot\src\share\vm\interpreter\linkResolver.cpp, line 1287]
Event: 17.535 Thread 0x000000001b1e8800 Exception <a 'java/lang/NullPointerException'> (0x00000000d7036358) thrown at [C:\re\workspace\8-2-build-windows-amd64-cygwin\jdk8u181\11358\hotspot\src\share\vm\interpreter\linkResolver.cpp, line 1287]
Event: 17.541 Thread 0x000000001b1e8800 Exception <a 'java/lang/NullPointerException'> (0x00000000d7039a90) thrown at [C:\re\workspace\8-2-build-windows-amd64-cygwin\jdk8u181\11358\hotspot\src\share\vm\interpreter\linkResolver.cpp, line 1287]
Event: 17.542 Thread 0x000000001b1e8800 Exception <a 'java/lang/NullPointerException'> (0x00000000d703c6f8) thrown at [C:\re\workspace\8-2-build-windows-amd64-cygwin\jdk8u181\11358\hotspot\src\share\vm\interpreter\linkResolver.cpp, line 1287]
Event: 17.561 Thread 0x000000001b1e8800 Exception <a 'java/lang/NullPointerException'> (0x00000000d7041778) thrown at [C:\re\workspace\8-2-build-windows-amd64-cygwin\jdk8u181\11358\hotspot\src\share\vm\interpreter\linkResolver.cpp, line 1287]
Event: 252.831 Thread 0x000000001b1e8800 Exception <a 'java/lang/NullPointerException'> (0x00000000d64b2a40) thrown at [C:\re\workspace\8-2-build-windows-amd64-cygwin\jdk8u181\11358\hotspot\src\share\vm\interpreter\linkResolver.cpp, line 1287]
Event: 252.833 Thread 0x000000001b1e8800 Exception <a 'java/lang/NullPointerException'> (0x00000000d64b5e58) thrown at [C:\re\workspace\8-2-build-windows-amd64-cygwin\jdk8u181\11358\hotspot\src\share\vm\interpreter\linkResolver.cpp, line 1287]

Events (10 events):
Event: 253.649 loading class com/jogamp/nativewindow/egl/EGLGraphicsDevice
Event: 253.649 loading class com/jogamp/nativewindow/egl/EGLGraphicsDevice done
Event: 253.650 loading class jogamp/opengl/egl/EGLDisplayUtil
Event: 253.650 loading class jogamp/opengl/egl/EGLDisplayUtil done
Event: 253.650 loading class com/jogamp/nativewindow/egl/EGLGraphicsDevice$EGLDisplayLifecycleCallback
Event: 253.650 loading class com/jogamp/nativewindow/egl/EGLGraphicsDevice$EGLDisplayLifecycleCallback done
Event: 253.651 loading class jogamp/opengl/egl/EGLDisplayUtil$1
Event: 253.651 loading class jogamp/opengl/egl/EGLDisplayUtil$1 done
Event: 253.652 Thread 0x000000001ccaf800 Thread exited: 0x000000001ccaf800
Event: 253.665 Thread 0x000000001ad4d800 Thread exited: 0x000000001ad4d800


Dynamic libraries:
0x00007ff791d80000 - 0x00007ff791db7000 	C:\Program Files\Java\jdk1.8.0_181\bin\java.exe
0x00007ffa72b90000 - 0x00007ffa72d85000 	C:\WINDOWS\SYSTEM32\ntdll.dll
0x00007ffa71b40000 - 0x00007ffa71bfd000 	C:\WINDOWS\System32\KERNEL32.DLL
0x00007ffa70810000 - 0x00007ffa70ad9000 	C:\WINDOWS\System32\KERNELBASE.dll
0x00007ffa723d0000 - 0x00007ffa7247c000 	C:\WINDOWS\System32\ADVAPI32.dll
0x00007ffa715c0000 - 0x00007ffa7165e000 	C:\WINDOWS\System32\msvcrt.dll
0x00007ffa71520000 - 0x00007ffa715bc000 	C:\WINDOWS\System32\sechost.dll
0x00007ffa716d0000 - 0x00007ffa717fb000 	C:\WINDOWS\System32\RPCRT4.dll
0x00007ffa724a0000 - 0x00007ffa72640000 	C:\WINDOWS\System32\USER32.dll
0x00007ffa707b0000 - 0x00007ffa707d2000 	C:\WINDOWS\System32\win32u.dll
0x00007ffa726b0000 - 0x00007ffa726da000 	C:\WINDOWS\System32\GDI32.dll
0x00007ffa702d0000 - 0x00007ffa703db000 	C:\WINDOWS\System32\gdi32full.dll
0x00007ffa703e0000 - 0x00007ffa7047d000 	C:\WINDOWS\System32\msvcp_win.dll
0x00007ffa704d0000 - 0x00007ffa705d0000 	C:\WINDOWS\System32\ucrtbase.dll
0x00007ffa5db70000 - 0x00007ffa5de0a000 	C:\WINDOWS\WinSxS\amd64_microsoft.windows.common-controls_6595b64144ccf1df_6.0.19041.844_none_ca00b6081b84eb1d\COMCTL32.dll
0x00007ffa71230000 - 0x00007ffa71260000 	C:\WINDOWS\System32\IMM32.DLL
0x000000005f540000 - 0x000000005f612000 	C:\Program Files\Java\jdk1.8.0_181\jre\bin\msvcr100.dll
0x000000005ec90000 - 0x000000005f532000 	C:\Program Files\Java\jdk1.8.0_181\jre\bin\server\jvm.dll
0x00007ffa723c0000 - 0x00007ffa723c8000 	C:\WINDOWS\System32\PSAPI.DLL
0x00007ffa6db50000 - 0x00007ffa6db59000 	C:\WINDOWS\SYSTEM32\WSOCK32.dll
0x00007ffa72640000 - 0x00007ffa726ab000 	C:\WINDOWS\System32\WS2_32.dll
0x00007ffa5eb20000 - 0x00007ffa5eb47000 	C:\WINDOWS\SYSTEM32\WINMM.dll
0x00007ffa6ac40000 - 0x00007ffa6ac4a000 	C:\WINDOWS\SYSTEM32\VERSION.dll
0x000000005ec80000 - 0x000000005ec8f000 	C:\Program Files\Java\jdk1.8.0_181\jre\bin\verify.dll
0x000000005ec50000 - 0x000000005ec79000 	C:\Program Files\Java\jdk1.8.0_181\jre\bin\java.dll
0x000000005ebb0000 - 0x000000005ebd3000 	C:\Program Files\Java\jdk1.8.0_181\jre\bin\instrument.dll
0x000000005ec30000 - 0x000000005ec46000 	C:\Program Files\Java\jdk1.8.0_181\jre\bin\zip.dll
0x00007ffa71c60000 - 0x00007ffa723a2000 	C:\WINDOWS\System32\SHELL32.dll
0x00007ffa6e420000 - 0x00007ffa6ebb0000 	C:\WINDOWS\SYSTEM32\windows.storage.dll
0x00007ffa70e20000 - 0x00007ffa71175000 	C:\WINDOWS\System32\combase.dll
0x00007ffa6fcd0000 - 0x00007ffa6fcfc000 	C:\WINDOWS\SYSTEM32\Wldp.dll
0x00007ffa71180000 - 0x00007ffa7122e000 	C:\WINDOWS\System32\SHCORE.dll
0x00007ffa71260000 - 0x00007ffa712b5000 	C:\WINDOWS\System32\shlwapi.dll
0x00007ffa70210000 - 0x00007ffa7022f000 	C:\WINDOWS\SYSTEM32\profapi.dll
0x00007ffa50160000 - 0x00007ffa5017a000 	C:\Program Files\JetBrains\IntelliJ IDEA Community Edition 2019.1.1\bin\breakgen64.dll
0x000000005ec10000 - 0x000000005ec2a000 	C:\Program Files\Java\jdk1.8.0_181\jre\bin\net.dll
0x00007ffa6f9f0000 - 0x00007ffa6fa5a000 	C:\WINDOWS\system32\mswsock.dll
0x000000005ea10000 - 0x000000005eba9000 	C:\Program Files\Java\jdk1.8.0_181\jre\bin\awt.dll
0x00007ffa712c0000 - 0x00007ffa7138d000 	C:\WINDOWS\System32\OLEAUT32.dll
0x00007ffa6dc60000 - 0x00007ffa6dcf0000 	C:\WINDOWS\SYSTEM32\apphelp.dll
0x00007ffa6dd60000 - 0x00007ffa6ddfe000 	C:\WINDOWS\system32\uxtheme.dll
0x00007ffa71890000 - 0x00007ffa719a5000 	C:\WINDOWS\System32\MSCTF.dll
0x00007ffa51c70000 - 0x00007ffa51d6c000 	C:\ProgramData\AWHeadset\DellInc.AlienwareSoundCenter\Modules\ScheduledModules\x64\DellInc.AlienwareSoundCenterDevProps2.dll
0x00007ffa71390000 - 0x00007ffa714ba000 	C:\WINDOWS\System32\ole32.dll
0x00007ffa51f00000 - 0x00007ffa51fac000 	C:\ProgramData\AWHeadset\DellInc.AlienwareSoundCenter\Modules\ScheduledModules\x64\NahimicOSD.dll
0x00007ffa67110000 - 0x00007ffa67131000 	C:\ProgramData\AWHeadset\DellInc.AlienwareSoundCenter\Modules\ScheduledModules\x64\ProductInfo.dll
0x00007ffa6e220000 - 0x00007ffa6e232000 	C:\WINDOWS\SYSTEM32\kernel.appcore.dll
0x00007ffa705d0000 - 0x00007ffa70650000 	C:\WINDOWS\System32\bcryptPrimitives.dll
0x00007ffa6e040000 - 0x00007ffa6e06f000 	C:\WINDOWS\system32\DWMAPI.DLL
0x00007ffa65140000 - 0x00007ffa65266000 	C:\WINDOWS\system32\opengl32.dll
0x00007ffa66240000 - 0x00007ffa6626c000 	C:\WINDOWS\SYSTEM32\GLU32.dll
0x000000005e9c0000 - 0x000000005ea07000 	C:\Program Files\Java\jdk1.8.0_181\jre\bin\fontmanager.dll
0x000000005ebf0000 - 0x000000005ec01000 	C:\Program Files\Java\jdk1.8.0_181\jre\bin\nio.dll
0x000000005e980000 - 0x000000005e9b1000 	C:\Program Files\Java\jdk1.8.0_181\jre\bin\jpeg.dll
0x000000005e930000 - 0x000000005e972000 	C:\Program Files\Java\jdk1.8.0_181\jre\bin\t2k.dll
0x00007ffa66540000 - 0x00007ffa6663b000 	C:\WINDOWS\SYSTEM32\textinputframework.dll
0x00007ffa6d560000 - 0x00007ffa6d8be000 	C:\WINDOWS\System32\CoreUIComponents.dll
0x00007ffa6d8c0000 - 0x00007ffa6d9b2000 	C:\WINDOWS\System32\CoreMessaging.dll
0x00007ffa6f010000 - 0x00007ffa6f043000 	C:\WINDOWS\SYSTEM32\ntmarta.dll
0x00007ffa6ce60000 - 0x00007ffa6cfb4000 	C:\WINDOWS\SYSTEM32\wintypes.dll
0x000000005e900000 - 0x000000005e92a000 	C:\Program Files\Java\jdk1.8.0_181\jre\bin\dcpr.dll
0x00007ffa6fc20000 - 0x00007ffa6fc38000 	C:\WINDOWS\SYSTEM32\CRYPTSP.dll
0x00007ffa6f390000 - 0x00007ffa6f3c4000 	C:\WINDOWS\system32\rsaenh.dll
0x00000000029b0000 - 0x00000000029d7000 	C:\WINDOWS\System32\bcrypt.dll
0x00007ffa701d0000 - 0x00007ffa701fe000 	C:\WINDOWS\SYSTEM32\USERENV.dll
0x00007ffa6fc40000 - 0x00007ffa6fc4c000 	C:\WINDOWS\SYSTEM32\CRYPTBASE.dll
0x00007ffa6f6e0000 - 0x00007ffa6f71b000 	C:\WINDOWS\SYSTEM32\IPHLPAPI.DLL
0x00007ffa723b0000 - 0x00007ffa723b8000 	C:\WINDOWS\System32\NSI.dll
0x00007ffa6aca0000 - 0x00007ffa6acb7000 	C:\WINDOWS\SYSTEM32\dhcpcsvc6.DLL
0x00007ffa6b1a0000 - 0x00007ffa6b1bd000 	C:\WINDOWS\SYSTEM32\dhcpcsvc.DLL
0x00007ffa6f720000 - 0x00007ffa6f7eb000 	C:\WINDOWS\SYSTEM32\DNSAPI.dll
0x00000000637c0000 - 0x00000000637cd000 	C:\Users\ghane\AppData\Local\Temp\jogamp_0000\file_cache\jln6530709023814815024\jln1071441753717900225\natives\windows-amd64\gluegen-rt.dll
0x000000005e8f0000 - 0x000000005e8f7000 	C:\Program Files\Java\jdk1.8.0_181\jre\bin\jawt.dll
0x000000006a440000 - 0x000000006a44d000 	C:\Users\ghane\AppData\Local\Temp\jogamp_0000\file_cache\jln6530709023814815024\jln1071441753717900225\natives\windows-amd64\nativewindow_awt.dll
0x000000006c100000 - 0x000000006c10f000 	C:\Users\ghane\AppData\Local\Temp\jogamp_0000\file_cache\jln6530709023814815024\jln1071441753717900225\natives\windows-amd64\nativewindow_win32.dll
0x0000000064500000 - 0x00000000645b1000 	C:\Users\ghane\AppData\Local\Temp\jogamp_0000\file_cache\jln6530709023814815024\jln1071441753717900225\natives\windows-amd64\jogl_desktop.dll
0x0000000064340000 - 0x00000000643a2000 	C:\Users\ghane\AppData\Local\Temp\jogamp_0000\file_cache\jln6530709023814815024\jln1071441753717900225\natives\windows-amd64\jogl_mobile.dll
0x00007ffa71a90000 - 0x00007ffa71b39000 	C:\WINDOWS\System32\clbcatq.dll
0x00007ffa69c10000 - 0x00007ffa69d0a000 	C:\Windows\System32\AppXDeploymentClient.dll
0x00007ffa0bc50000 - 0x00007ffa0cae7000 	C:\WINDOWS\System32\DriverStore\FileRepository\igdlh64.inf_amd64_0b3e3ed3ace9602a\ig9icd64.dll
0x00007ffa6ec10000 - 0x00007ffa6ed03000 	C:\WINDOWS\system32\dxgi.dll
0x00007ffa6b160000 - 0x00007ffa6b19b000 	C:\WINDOWS\SYSTEM32\dxcore.dll
0x00007ffa70480000 - 0x00007ffa704ce000 	C:\WINDOWS\System32\cfgmgr32.dll
0x00007ffa38830000 - 0x00007ffa38913000 	C:\WINDOWS\System32\DriverStore\FileRepository\igdlh64.inf_amd64_0b3e3ed3ace9602a\igdgmm64.dll
0x00007ffa60d60000 - 0x00007ffa62cc9000 	C:\WINDOWS\System32\DriverStore\FileRepository\igdlh64.inf_amd64_0b3e3ed3ace9602a\igc64.dll
0x00007ffa6fd90000 - 0x00007ffa6fddb000 	C:\WINDOWS\SYSTEM32\powrprof.dll
0x00007ffa6fd40000 - 0x00007ffa6fd52000 	C:\WINDOWS\SYSTEM32\UMPDC.dll
0x000000005e8b0000 - 0x000000005e8ee000 	C:\Program Files\Java\jdk1.8.0_181\jre\bin\lcms.dll
0x000000006b600000 - 0x000000006b658000 	C:\Users\ghane\AppData\Local\Temp\jogamp_0000\file_cache\jln6530709023814815024\jln1071441753717900225\natives\windows-amd64\soft_oal.dll
0x00000000680c0000 - 0x00000000680d6000 	C:\Users\ghane\AppData\Local\Temp\jogamp_0000\file_cache\jln6530709023814815024\jln1071441753717900225\natives\windows-amd64\joal.dll
0x00007ffa66290000 - 0x00007ffa66315000 	C:\WINDOWS\System32\MMDevApi.dll
0x00007ffa70080000 - 0x00007ffa700ac000 	C:\WINDOWS\System32\DEVOBJ.dll
0x00007ffa660b0000 - 0x00007ffa66235000 	C:\WINDOWS\SYSTEM32\AudioSes.dll
0x00007ffa6bf00000 - 0x00007ffa6bff7000 	C:\WINDOWS\SYSTEM32\PropSys.dll
0x00007ffa41030000 - 0x00007ffa410cc000 	C:\WINDOWS\SYSTEM32\dsound.dll
0x00007ffa517e0000 - 0x00007ffa51806000 	C:\WINDOWS\SYSTEM32\winmmbase.dll
0x00007ffa6de20000 - 0x00007ffa6de34000 	C:\WINDOWS\SYSTEM32\resourcepolicyclient.dll
0x00007ffa69140000 - 0x00007ffa6930f000 	C:\WINDOWS\SYSTEM32\d3d9.dll
0x00007ffa28cd0000 - 0x00007ffa2c404000 	C:\WINDOWS\System32\DriverStore\FileRepository\igdlh64.inf_amd64_0b3e3ed3ace9602a\igd9dxva64.dll
0x00007ffa5bca0000 - 0x00007ffa5be84000 	C:\WINDOWS\SYSTEM32\dbghelp.dll

VM Arguments:
jvm_args: -javaagent:C:\Program Files\JetBrains\IntelliJ IDEA Community Edition 2019.1.1\lib\idea_rt.jar=64456:C:\Program Files\JetBrains\IntelliJ IDEA Community Edition 2019.1.1\bin -Dfile.encoding=UTF-8 
java_command: Launcher.Launcher
java_class_path (initial): C:\Program Files\Java\jdk1.8.0_181\jre\lib\charsets.jar;C:\Program Files\Java\jdk1.8.0_181\jre\lib\deploy.jar;C:\Program Files\Java\jdk1.8.0_181\jre\lib\ext\access-bridge-64.jar;C:\Program Files\Java\jdk1.8.0_181\jre\lib\ext\cldrdata.jar;C:\Program Files\Java\jdk1.8.0_181\jre\lib\ext\dnsns.jar;C:\Program Files\Java\jdk1.8.0_181\jre\lib\ext\jaccess.jar;C:\Program Files\Java\jdk1.8.0_181\jre\lib\ext\jfxrt.jar;C:\Program Files\Java\jdk1.8.0_181\jre\lib\ext\localedata.jar;C:\Program Files\Java\jdk1.8.0_181\jre\lib\ext\nashorn.jar;C:\Program Files\Java\jdk1.8.0_181\jre\lib\ext\sunec.jar;C:\Program Files\Java\jdk1.8.0_181\jre\lib\ext\sunjce_provider.jar;C:\Program Files\Java\jdk1.8.0_181\jre\lib\ext\sunmscapi.jar;C:\Program Files\Java\jdk1.8.0_181\jre\lib\ext\sunpkcs11.jar;C:\Program Files\Java\jdk1.8.0_181\jre\lib\ext\zipfs.jar;C:\Program Files\Java\jdk1.8.0_181\jre\lib\javaws.jar;C:\Program Files\Java\jdk1.8.0_181\jre\lib\jce.jar;C:\Program Files\Java\jdk1.8.0_181\jre\lib\jfr.jar;C:\Program Files\Java\jdk1.8.0_181\jre\lib\jfxswt.jar;C:\Program Files\Java\jdk1.8.0_181\jre\lib\jsse.jar;C:\Program Files\Java\jdk1.8.0_181\jre\lib\management-agent.jar;C:\Program Files\Java\jdk1.8.0_181\jre\lib\plugin.jar;C:\Program Files\Java\jdk1.8.0_181\jre\lib\resources.jar;C:\Program Files\Java\jdk1.8.0_181\jre\lib\rt.jar;C:\Users\ghane\Documents\GitHub\monk-chess\out\production\monk-chess;C:\Users\ghane\Documents\GitHub\monk-chess\Assets\Launcher\KControls-master\dist\KControls.jar;C:\Users\ghane\Documents\GitHub\monk-chess\Jars4Java3D\j3dcore.jar;C:\Users\ghane\Documents\GitHub\monk-chess\Jars4Java3D\j3dexamples.jar;C:\Users\ghane\Documents\GitHub\monk-chess\Jars4Java3D\vecmath.jar;C:\Users\ghane\Documents\GitHub\monk-chess\Jars4Java3D\j3dutils.jar;C:\Users\ghane\Documents\GitHub\monk-chess\Jars4Java3D\jogamp-fat.jar;C:\Users\ghane\Documents\GitHub\monk-chess\out\production\KControls-master;C:\Program Files\JetBrains\IntelliJ IDEA Community Edition 2019.1.1
Launcher Type: SUN_STANDARD

Environment Variables:
USERNAME=ghane
OS=Windows_NT
PROCESSOR_IDENTIFIER=Intel64 Family 6 Model 142 Stepping 10, GenuineIntel



---------------  S Y S T E M  ---------------

OS: Windows 10.0 , 64 bit Build 19041 (10.0.19041.804)

CPU:total 8 (initial active 8) (4 cores per cpu, 2 threads per core) family 6 model 142 stepping 10, cmov, cx8, fxsr, mmx, sse, sse2, sse3, ssse3, sse4.1, sse4.2, popcnt, avx, avx2, aes, clmul, erms, 3dnowpref, lzcnt, ht, tsc, tscinvbit, bmi1, bmi2, adx

Memory: 4k page, physical 8261220k(1177952k free), swap 13925424k(3360764k free)

vm_info: Java HotSpot(TM) 64-Bit Server VM (25.181-b13) for windows-amd64 JRE (1.8.0_181-b13), built on Jul  7 2018 04:01:33 by "java_re" with MS VC++ 10.0 (VS2010)

time: Tue Apr 06 18:39:43 2021
elapsed time: 253 seconds (0d 0h 4m 13s)

