#
# A fatal error has been detected by the Java Runtime Environment:
#
#  EXCEPTION_ACCESS_VIOLATION (0xc0000005) at pc=0x00007ffa09c37e1e, pid=15484, tid=0x0000000000002214
#
# JRE version: Java(TM) SE Runtime Environment (8.0_181-b13) (build 1.8.0_181-b13)
# Java VM: Java HotSpot(TM) 64-Bit Server VM (25.181-b13 mixed mode windows-amd64 compressed oops)
# Problematic frame:
# C  [ig9icd64.dll+0x187e1e]
#
# Failed to write core dump. Minidumps are not enabled by default on client versions of Windows
#
# If you would like to submit a bug report, please visit:
#   http://bugreport.java.com/bugreport/crash.jsp
# The crash happened outside the Java Virtual Machine in native code.
# See problematic frame for where to report the bug.
#

---------------  T H R E A D  ---------------

Current thread (0x000000001cdb8800):  JavaThread "J3D-Renderer-1" daemon [_thread_in_native, id=8724, stack(0x0000000024c60000,0x0000000024d60000)]

siginfo: ExceptionCode=0xc0000005, reading address 0x0000000000000008

Registers:
RAX=0x0000000000000000, RBX=0x00007ffa09f94270, RCX=0x0000000022fde6c0, RDX=0x0000000023eca6c0
RSP=0x0000000024d5dcd0, RBP=0x0000000024d5df60, RSI=0x0000000024d5df20, RDI=0x0000000000000000
R8 =0x0000000009770000, R9 =0x0000000000000000, R10=0x0000000024d5e0a0, R11=0x0000000024d5de78
R12=0x0000000000000007, R13=0x0000000000000000, R14=0x0000000024d5e1f0, R15=0x0000000024d5dfa0
RIP=0x00007ffa09c37e1e, EFLAGS=0x0000000000010246

Top of Stack: (sp=0x0000000024d5dcd0)
0x0000000024d5dcd0:   0000000023eca6c0 00007ffa09e50463
0x0000000024d5dce0:   00000000241e0540 0000000023eca6c0
0x0000000024d5dcf0:   0000000000000000 0000000024d5de08
0x0000000024d5dd00:   0000000000000000 0000000024d5df60
0x0000000024d5dd10:   0000000024d5dd40 0000000024d5dd80
0x0000000024d5dd20:   0000000024d5ddc8 0000000024d5dd50
0x0000000024d5dd30:   0000000024d5dde8 0000000024d5dd60
0x0000000024d5dd40:   00007ffa3b1f2900 0000000024d5e110
0x0000000024d5dd50:   0000000000fe9080 00007ffa09ae66f0
0x0000000024d5dd60:   000000004104f630 00000000800068c0
0x0000000024d5dd70:   0000000000000000 000000004102b9f0
0x0000000024d5dd80:   0000000000000ec0 0000000000000000
0x0000000024d5dd90:   8000688040000240 0000000000000000
0x0000000024d5dda0:   0000000024d5dfa0 0000000024d5e0a0
0x0000000024d5ddb0:   00000000241e0a40 00000000241e0a40
0x0000000024d5ddc0:   0000000000000000 000000004104f630 

Instructions: (pc=0x00007ffa09c37e1e)
0x00007ffa09c37dfe:   48 85 c9 74 06 48 8b 41 20 eb 15 48 8b 80 98 00
0x00007ffa09c37e0e:   00 00 48 85 c0 74 06 48 8b 40 20 eb 03 48 8b c7
0x00007ffa09c37e1e:   48 8b 78 08 48 85 ff 0f 84 85 00 00 00 48 8b 07
0x00007ffa09c37e2e:   48 8b 98 58 01 00 00 48 8b cb ff 15 c2 e7 80 00 


Register to memory mapping:

RAX=0x0000000000000000 is an unknown value
RBX=0x00007ffa09f94270 is an unknown value
RCX=0x0000000022fde6c0 is an unknown value
RDX=0x0000000023eca6c0 is an unknown value
RSP=0x0000000024d5dcd0 is pointing into the stack for thread: 0x000000001cdb8800
RBP=0x0000000024d5df60 is pointing into the stack for thread: 0x000000001cdb8800
RSI=0x0000000024d5df20 is pointing into the stack for thread: 0x000000001cdb8800
RDI=0x0000000000000000 is an unknown value
R8 =0x0000000009770000 is an unknown value
R9 =0x0000000000000000 is an unknown value
R10=0x0000000024d5e0a0 is pointing into the stack for thread: 0x000000001cdb8800
R11=0x0000000024d5de78 is pointing into the stack for thread: 0x000000001cdb8800
R12=0x0000000000000007 is an unknown value
R13=0x0000000000000000 is an unknown value
R14=0x0000000024d5e1f0 is pointing into the stack for thread: 0x000000001cdb8800
R15=0x0000000024d5dfa0 is pointing into the stack for thread: 0x000000001cdb8800


Stack: [0x0000000024c60000,0x0000000024d60000],  sp=0x0000000024d5dcd0,  free space=1015k
Native frames: (J=compiled Java code, j=interpreted, Vv=VM code, C=native code)
C  [ig9icd64.dll+0x187e1e]
C  [ig9icd64.dll+0x49bc44]
C  [ig9icd64.dll+0x49fc77]
C  [ig9icd64.dll+0x392acf]
C  [ig9icd64.dll+0x34e4d5]
C  [ig9icd64.dll+0x147ee5]
C  [ig9icd64.dll+0x138b74]
C  [ig9icd64.dll+0x135636]
C  [opengl32.dll+0x29bfa]
C  [NahimicOSD.dll+0x1d9ff]
C  [NahimicOSD.dll+0x66584]
C  [NahimicOSD.dll+0x1daf1]
C  [NahimicOSD.dll+0x1ad7f]
C  [gdi32full.dll+0x6268e]
C  [nativewindow_win32.dll+0x2b6d]
C  0x0000000002fe8c67

Java frames: (J=compiled Java code, j=interpreted, Vv=VM code)
j  jogamp.nativewindow.windows.GDI.SwapBuffers(J)Z+0
j  jogamp.opengl.windows.wgl.WGLUtil.SwapBuffers(J)Z+12
j  jogamp.opengl.windows.wgl.WindowsWGLDrawable.swapBuffersImpl(Z)V+23
j  jogamp.opengl.GLDrawableImpl.swapBuffers()V+67
j  org.jogamp.java3d.JoglPipeline.swapBuffers(Lorg/jogamp/java3d/Canvas3D;Lorg/jogamp/java3d/Context;Lorg/jogamp/java3d/Drawable;)V+9
J 2042 C1 org.jogamp.java3d.Renderer.doWork(J)V (6524 bytes) @ 0x0000000003724ef4 [0x0000000003723b00+0x13f4]
j  org.jogamp.java3d.J3dThread.run()V+19
v  ~StubRoutines::call_stub

---------------  P R O C E S S  ---------------

Java Threads: ( => current thread )
  0x000000001a143800 JavaThread "J3D-InputDeviceScheduler-1" daemon [_thread_blocked, id=10872, stack(0x0000000026960000,0x0000000026a60000)]
  0x000000001a149000 JavaThread "J3D-SoundSchedulerUpdateThread-1" daemon [_thread_blocked, id=17980, stack(0x0000000026860000,0x0000000026960000)]
  0x000000001a147800 JavaThread "J3D-RenderStructureUpdateThread-1" daemon [_thread_blocked, id=12092, stack(0x0000000026760000,0x0000000026860000)]
  0x000000001a148000 JavaThread "J3D-BehaviorScheduler-1" daemon [_thread_blocked, id=5772, stack(0x0000000026660000,0x0000000026760000)]
  0x000000001cdbd000 JavaThread "J3D-TransformStructureUpdateThread-1" daemon [_thread_blocked, id=16788, stack(0x0000000026560000,0x0000000026660000)]
  0x000000001cdbb800 JavaThread "J3D-RenderingEnvironmentStructureUpdateThread-1" daemon [_thread_blocked, id=14636, stack(0x0000000026460000,0x0000000026560000)]
  0x000000001cdbb000 JavaThread "J3D-SoundStructureUpdateThread-1" daemon [_thread_blocked, id=9920, stack(0x0000000026360000,0x0000000026460000)]
  0x000000001cdb9800 JavaThread "J3D-GeometryStructureUpdateThread-1" daemon [_thread_blocked, id=10920, stack(0x0000000026260000,0x0000000026360000)]
  0x000000001cdbc800 JavaThread "J3D-BehaviorStructureUpdateThread-1" daemon [_thread_blocked, id=8248, stack(0x000000001c6a0000,0x000000001c7a0000)]
  0x000000001cdbe000 JavaThread "DestroyJavaVM" [_thread_blocked, id=18080, stack(0x0000000002cd0000,0x0000000002dd0000)]
=>0x000000001cdb8800 JavaThread "J3D-Renderer-1" daemon [_thread_in_native, id=8724, stack(0x0000000024c60000,0x0000000024d60000)]
  0x000000001cdbe800 JavaThread "J3D-MasterControl-1" daemon [_thread_blocked, id=12152, stack(0x0000000024b60000,0x0000000024c60000)]
  0x000000001cdbf800 JavaThread "J3D-NotificationThread" daemon [_thread_blocked, id=12992, stack(0x0000000024a60000,0x0000000024b60000)]
  0x000000001cd9a800 JavaThread "J3D-TimerThread" daemon [_thread_blocked, id=5560, stack(0x0000000024960000,0x0000000024a60000)]
  0x000000001cd96800 JavaThread "J3D-RenderingAttributesStructureUpdateThread" daemon [_thread_blocked, id=13884, stack(0x0000000024860000,0x0000000024960000)]
  0x000000001b0a7800 JavaThread "AWT-EventQueue-0" [_thread_blocked, id=1028, stack(0x000000001c9a0000,0x000000001caa0000)]
  0x000000001af3e000 JavaThread "AWT-Shutdown" [_thread_blocked, id=2408, stack(0x000000001b760000,0x000000001b860000)]
  0x000000001af3d800 JavaThread "Java2D Disposer" daemon [_thread_blocked, id=9716, stack(0x000000001b660000,0x000000001b760000)]
  0x0000000019fd7000 JavaThread "Service Thread" daemon [_thread_blocked, id=2320, stack(0x000000001ab20000,0x000000001ac20000)]
  0x0000000019f36000 JavaThread "C1 CompilerThread3" daemon [_thread_blocked, id=14548, stack(0x000000001aa20000,0x000000001ab20000)]
  0x0000000019f2b000 JavaThread "C2 CompilerThread2" daemon [_thread_blocked, id=3512, stack(0x000000001a920000,0x000000001aa20000)]
  0x0000000019eef800 JavaThread "C2 CompilerThread1" daemon [_thread_blocked, id=7864, stack(0x000000001a820000,0x000000001a920000)]
  0x0000000019eef000 JavaThread "C2 CompilerThread0" daemon [_thread_blocked, id=14272, stack(0x000000001a720000,0x000000001a820000)]
  0x0000000017f4b000 JavaThread "Monitor Ctrl-Break" daemon [_thread_in_native, id=11696, stack(0x000000001a620000,0x000000001a720000)]
  0x0000000019e53800 JavaThread "Attach Listener" daemon [_thread_blocked, id=6680, stack(0x000000001a520000,0x000000001a620000)]
  0x0000000019e52000 JavaThread "Signal Dispatcher" daemon [_thread_blocked, id=8792, stack(0x000000001a420000,0x000000001a520000)]
  0x0000000019e40800 JavaThread "Finalizer" daemon [_thread_blocked, id=9736, stack(0x000000001a220000,0x000000001a320000)]
  0x0000000017f3d000 JavaThread "Reference Handler" daemon [_thread_blocked, id=11108, stack(0x0000000019d20000,0x0000000019e20000)]

Other Threads:
  0x0000000017f39000 VMThread [stack: 0x0000000019c20000,0x0000000019d20000] [id=15092]
  0x000000001a027000 WatcherThread [stack: 0x000000001ac20000,0x000000001ad20000] [id=8704]

VM state:not at safepoint (normal execution)

VM Mutex/Monitor currently owned by a thread: None

Heap:
 PSYoungGen      total 164864K, used 138890K [0x00000000d5f80000, 0x00000000e3400000, 0x0000000100000000)
  eden space 144896K, 86% used [0x00000000d5f80000,0x00000000dda76880,0x00000000ded00000)
  from space 19968K, 64% used [0x00000000ded00000,0x00000000df9ac1c0,0x00000000e0080000)
  to   space 20992K, 0% used [0x00000000e1f80000,0x00000000e1f80000,0x00000000e3400000)
 ParOldGen       total 283648K, used 116763K [0x0000000081e00000, 0x0000000093300000, 0x00000000d5f80000)
  object space 283648K, 41% used [0x0000000081e00000,0x0000000089006e20,0x0000000093300000)
 Metaspace       used 22669K, capacity 22848K, committed 23168K, reserved 1071104K
  class space    used 2231K, capacity 2309K, committed 2432K, reserved 1048576K

Card table byte_map: [0x0000000012390000,0x0000000012790000] byte_map_base: 0x0000000011f81000

Marking Bits: (ParMarkBitMap*) 0x000000005f4b2d00
 Begin Bits: [0x0000000013240000, 0x00000000151c8000)
 End Bits:   [0x00000000151c8000, 0x0000000017150000)

Polling page: 0x0000000000ef0000

CodeCache: size=245760Kb used=8046Kb max_used=8046Kb free=237714Kb
 bounds [0x0000000002fd0000, 0x00000000037c0000, 0x0000000011fd0000]
 total_blobs=2967 nmethods=2043 adapters=836
 compilation: enabled

Compilation events (10 events):
Event: 9.679 Thread 0x0000000019f2b000 nmethod 2053 0x00000000037a7210 code [0x00000000037a7360, 0x00000000037a74a8]
Event: 9.694 Thread 0x0000000019f36000 2054       3       java.util.logging.LogManager$LoggerContext::ensureDefaultLogger (70 bytes)
Event: 9.695 Thread 0x0000000019f36000 nmethod 2054 0x00000000037b0690 code [0x00000000037b0840, 0x00000000037b10c8]
Event: 9.695 Thread 0x0000000019f36000 2055  s    3       java.util.Hashtable::containsKey (65 bytes)
Event: 9.695 Thread 0x0000000019f36000 nmethod 2055 0x00000000037afc50 code [0x00000000037afde0, 0x00000000037b0418]
Event: 9.703 Thread 0x0000000019f36000 2056       3       java.util.jar.Attributes$Name::equals (39 bytes)
Event: 9.703 Thread 0x0000000019f36000 nmethod 2056 0x00000000037a69d0 code [0x00000000037a6b60, 0x00000000037a7008]
Event: 9.703 Thread 0x0000000019f36000 2057       3       sun.misc.ASCIICaseInsensitiveComparator::compare (13 bytes)
Event: 9.703 Thread 0x0000000019f36000 nmethod 2057 0x00000000037af690 code [0x00000000037af800, 0x00000000037afb68]
Event: 9.708 Thread 0x0000000019f36000 2058   !   3       jogamp.common.util.locks.RecursiveLockImpl01Unfairish::getHoldCount (24 bytes)

GC Heap History (10 events):
Event: 4.551 GC heap before
{Heap before GC invocations=10 (full 2):
 PSYoungGen      total 111616K, used 97408K [0x00000000d5f80000, 0x00000000df700000, 0x0000000100000000)
  eden space 97280K, 100% used [0x00000000d5f80000,0x00000000dbe80000,0x00000000dbe80000)
  from space 14336K, 0% used [0x00000000dbe80000,0x00000000dbea0000,0x00000000dcc80000)
  to   space 14336K, 0% used [0x00000000de900000,0x00000000de900000,0x00000000df700000)
 ParOldGen       total 173568K, used 39742K [0x0000000081e00000, 0x000000008c780000, 0x00000000d5f80000)
  object space 173568K, 22% used [0x0000000081e00000,0x00000000844cf8c8,0x000000008c780000)
 Metaspace       used 21435K, capacity 21690K, committed 22192K, reserved 1069056K
  class space    used 2148K, capacity 2244K, committed 2304K, reserved 1048576K
Event: 4.555 GC heap after
Heap after GC invocations=10 (full 2):
 PSYoungGen      total 139776K, used 9211K [0x00000000d5f80000, 0x00000000dfb80000, 0x0000000100000000)
  eden space 125440K, 0% used [0x00000000d5f80000,0x00000000d5f80000,0x00000000dda00000)
  from space 14336K, 64% used [0x00000000de900000,0x00000000df1fed70,0x00000000df700000)
  to   space 15360K, 0% used [0x00000000dda00000,0x00000000dda00000,0x00000000de900000)
 ParOldGen       total 173568K, used 64050K [0x0000000081e00000, 0x000000008c780000, 0x00000000d5f80000)
  object space 173568K, 36% used [0x0000000081e00000,0x0000000085c8c8d8,0x000000008c780000)
 Metaspace       used 21435K, capacity 21690K, committed 22192K, reserved 1069056K
  class space    used 2148K, capacity 2244K, committed 2304K, reserved 1048576K
}
Event: 6.013 GC heap before
{Heap before GC invocations=11 (full 2):
 PSYoungGen      total 139776K, used 134651K [0x00000000d5f80000, 0x00000000dfb80000, 0x0000000100000000)
  eden space 125440K, 100% used [0x00000000d5f80000,0x00000000dda00000,0x00000000dda00000)
  from space 14336K, 64% used [0x00000000de900000,0x00000000df1fed70,0x00000000df700000)
  to   space 15360K, 0% used [0x00000000dda00000,0x00000000dda00000,0x00000000de900000)
 ParOldGen       total 173568K, used 64050K [0x0000000081e00000, 0x000000008c780000, 0x00000000d5f80000)
  object space 173568K, 36% used [0x0000000081e00000,0x0000000085c8c8d8,0x000000008c780000)
 Metaspace       used 21772K, capacity 22042K, committed 22448K, reserved 1069056K
  class space    used 2179K, capacity 2276K, committed 2304K, reserved 1048576K
Event: 6.020 GC heap after
Heap after GC invocations=11 (full 2):
 PSYoungGen      total 140800K, used 15005K [0x00000000d5f80000, 0x00000000e1200000, 0x0000000100000000)
  eden space 125440K, 0% used [0x00000000d5f80000,0x00000000d5f80000,0x00000000dda00000)
  from space 15360K, 97% used [0x00000000dda00000,0x00000000de8a7408,0x00000000de900000)
  to   space 17920K, 0% used [0x00000000e0080000,0x00000000e0080000,0x00000000e1200000)
 ParOldGen       total 173568K, used 90987K [0x0000000081e00000, 0x000000008c780000, 0x00000000d5f80000)
  object space 173568K, 52% used [0x0000000081e00000,0x00000000876daff8,0x000000008c780000)
 Metaspace       used 21772K, capacity 22042K, committed 22448K, reserved 1069056K
  class space    used 2179K, capacity 2276K, committed 2304K, reserved 1048576K
}
Event: 6.306 GC heap before
{Heap before GC invocations=12 (full 2):
 PSYoungGen      total 140800K, used 140445K [0x00000000d5f80000, 0x00000000e1200000, 0x0000000100000000)
  eden space 125440K, 100% used [0x00000000d5f80000,0x00000000dda00000,0x00000000dda00000)
  from space 15360K, 97% used [0x00000000dda00000,0x00000000de8a7408,0x00000000de900000)
  to   space 17920K, 0% used [0x00000000e0080000,0x00000000e0080000,0x00000000e1200000)
 ParOldGen       total 173568K, used 90987K [0x0000000081e00000, 0x000000008c780000, 0x00000000d5f80000)
  object space 173568K, 52% used [0x0000000081e00000,0x00000000876daff8,0x000000008c780000)
 Metaspace       used 21775K, capacity 22042K, committed 22448K, reserved 1069056K
  class space    used 2179K, capacity 2276K, committed 2304K, reserved 1048576K
Event: 6.317 GC heap after
Heap after GC invocations=12 (full 2):
 PSYoungGen      total 162816K, used 15934K [0x00000000d5f80000, 0x00000000e1b00000, 0x0000000100000000)
  eden space 144896K, 0% used [0x00000000d5f80000,0x00000000d5f80000,0x00000000ded00000)
  from space 17920K, 88% used [0x00000000e0080000,0x00000000e100fb00,0x00000000e1200000)
  to   space 19968K, 0% used [0x00000000ded00000,0x00000000ded00000,0x00000000e0080000)
 ParOldGen       total 173568K, used 134188K [0x0000000081e00000, 0x000000008c780000, 0x00000000d5f80000)
  object space 173568K, 77% used [0x0000000081e00000,0x000000008a10b088,0x000000008c780000)
 Metaspace       used 21775K, capacity 22042K, committed 22448K, reserved 1069056K
  class space    used 2179K, capacity 2276K, committed 2304K, reserved 1048576K
}
Event: 6.317 GC heap before
{Heap before GC invocations=13 (full 3):
 PSYoungGen      total 162816K, used 15934K [0x00000000d5f80000, 0x00000000e1b00000, 0x0000000100000000)
  eden space 144896K, 0% used [0x00000000d5f80000,0x00000000d5f80000,0x00000000ded00000)
  from space 17920K, 88% used [0x00000000e0080000,0x00000000e100fb00,0x00000000e1200000)
  to   space 19968K, 0% used [0x00000000ded00000,0x00000000ded00000,0x00000000e0080000)
 ParOldGen       total 173568K, used 134188K [0x0000000081e00000, 0x000000008c780000, 0x00000000d5f80000)
  object space 173568K, 77% used [0x0000000081e00000,0x000000008a10b088,0x000000008c780000)
 Metaspace       used 21775K, capacity 22042K, committed 22448K, reserved 1069056K
  class space    used 2179K, capacity 2276K, committed 2304K, reserved 1048576K
Event: 6.353 GC heap after
Heap after GC invocations=13 (full 3):
 PSYoungGen      total 162816K, used 0K [0x00000000d5f80000, 0x00000000e1b00000, 0x0000000100000000)
  eden space 144896K, 0% used [0x00000000d5f80000,0x00000000d5f80000,0x00000000ded00000)
  from space 17920K, 0% used [0x00000000e0080000,0x00000000e0080000,0x00000000e1200000)
  to   space 19968K, 0% used [0x00000000ded00000,0x00000000ded00000,0x00000000e0080000)
 ParOldGen       total 283648K, used 116755K [0x0000000081e00000, 0x0000000093300000, 0x00000000d5f80000)
  object space 283648K, 41% used [0x0000000081e00000,0x0000000089004e20,0x0000000093300000)
 Metaspace       used 21775K, capacity 22042K, committed 22448K, reserved 1069056K
  class space    used 2179K, capacity 2276K, committed 2304K, reserved 1048576K
}
Event: 7.446 GC heap before
{Heap before GC invocations=14 (full 3):
 PSYoungGen      total 162816K, used 144896K [0x00000000d5f80000, 0x00000000e1b00000, 0x0000000100000000)
  eden space 144896K, 100% used [0x00000000d5f80000,0x00000000ded00000,0x00000000ded00000)
  from space 17920K, 0% used [0x00000000e0080000,0x00000000e0080000,0x00000000e1200000)
  to   space 19968K, 0% used [0x00000000ded00000,0x00000000ded00000,0x00000000e0080000)
 ParOldGen       total 283648K, used 116755K [0x0000000081e00000, 0x0000000093300000, 0x00000000d5f80000)
  object space 283648K, 41% used [0x0000000081e00000,0x0000000089004e20,0x0000000093300000)
 Metaspace       used 21784K, capacity 22042K, committed 22448K, reserved 1069056K
  class space    used 2179K, capacity 2276K, committed 2304K, reserved 1048576K
Event: 7.448 GC heap after
Heap after GC invocations=14 (full 3):
 PSYoungGen      total 164864K, used 12976K [0x00000000d5f80000, 0x00000000e3400000, 0x0000000100000000)
  eden space 144896K, 0% used [0x00000000d5f80000,0x00000000d5f80000,0x00000000ded00000)
  from space 19968K, 64% used [0x00000000ded00000,0x00000000df9ac1c0,0x00000000e0080000)
  to   space 20992K, 0% used [0x00000000e1f80000,0x00000000e1f80000,0x00000000e3400000)
 ParOldGen       total 283648K, used 116763K [0x0000000081e00000, 0x0000000093300000, 0x00000000d5f80000)
  object space 283648K, 41% used [0x0000000081e00000,0x0000000089006e20,0x0000000093300000)
 Metaspace       used 21784K, capacity 22042K, committed 22448K, reserved 1069056K
  class space    used 2179K, capacity 2276K, committed 2304K, reserved 1048576K
}

Deoptimization events (10 events):
Event: 4.651 Thread 0x000000001b0a7800 Uncommon trap: reason=class_check action=maybe_recompile pc=0x00000000034e2798 method=com.jogamp.common.os.DynamicLibraryBundle.toolDynamicLookupFunction(Ljava/lang/String;)J @ 18
Event: 4.998 Thread 0x000000001b0a7800 Uncommon trap: reason=unstable_if action=reinterpret pc=0x00000000035b8e9c method=java.io.BufferedInputStream.read([BII)I @ 31
Event: 6.264 Thread 0x000000001b0a7800 Uncommon trap: reason=null_check action=make_not_entrant pc=0x00000000035a89a4 method=sun.java2d.cmm.lcms.LCMSProfile$TagCache.getTag(I)Lsun/java2d/cmm/lcms/LCMSProfile$TagData; @ 11
Event: 6.264 Thread 0x000000001b0a7800 Uncommon trap: reason=null_check action=make_not_entrant pc=0x00000000035a2310 method=sun.java2d.cmm.lcms.LCMSProfile$TagCache.getTag(I)Lsun/java2d/cmm/lcms/LCMSProfile$TagData; @ 11
Event: 6.264 Thread 0x000000001b0a7800 Uncommon trap: reason=null_check action=make_not_entrant pc=0x000000000359574c method=sun.java2d.cmm.lcms.LCMSProfile$TagCache.getTag(I)Lsun/java2d/cmm/lcms/LCMSProfile$TagData; @ 11
Event: 6.264 Thread 0x000000001b0a7800 Uncommon trap: reason=unstable_if action=reinterpret pc=0x00000000035a3680 method=sun.java2d.cmm.lcms.LCMSTransform.doTransform(Lsun/java2d/cmm/lcms/LCMSImageLayout;Lsun/java2d/cmm/lcms/LCMSImageLayout;)V @ 6
Event: 6.267 Thread 0x000000001b0a7800 Uncommon trap: reason=unstable_if action=reinterpret pc=0x000000000359efd4 method=java.awt.image.ColorConvertOp.filter(Ljava/awt/image/Raster;Ljava/awt/image/WritableRaster;)Ljava/awt/image/WritableRaster; @ 138
Event: 6.267 Thread 0x000000001b0a7800 Uncommon trap: reason=unstable_if action=reinterpret pc=0x00000000035b38f0 method=sun.java2d.cmm.lcms.LCMSTransform.doTransform(Lsun/java2d/cmm/lcms/LCMSImageLayout;Lsun/java2d/cmm/lcms/LCMSImageLayout;)V @ 6
Event: 8.254 Thread 0x000000001b0a7800 Uncommon trap: reason=unstable_if action=reinterpret pc=0x000000000358c108 method=java.lang.Integer.equals(Ljava/lang/Object;)Z @ 18
Event: 8.819 Thread 0x000000001b0a7800 Uncommon trap: reason=unstable_if action=reinterpret pc=0x0000000003475898 method=java.awt.Component.inside(II)Z @ 9

Classes redefined (0 events):
No events

Internal exceptions (10 events):
Event: 8.315 Thread 0x000000001b0a7800 Exception <a 'java/lang/NullPointerException'> (0x00000000dc33e630) thrown at [C:\re\workspace\8-2-build-windows-amd64-cygwin\jdk8u181\11358\hotspot\src\share\vm\interpreter\linkResolver.cpp, line 1287]
Event: 8.319 Thread 0x000000001b0a7800 Exception <a 'java/lang/NullPointerException'> (0x00000000dc348668) thrown at [C:\re\workspace\8-2-build-windows-amd64-cygwin\jdk8u181\11358\hotspot\src\share\vm\interpreter\linkResolver.cpp, line 1287]
Event: 8.320 Thread 0x000000001b0a7800 Exception <a 'java/lang/NullPointerException'> (0x00000000dc34b380) thrown at [C:\re\workspace\8-2-build-windows-amd64-cygwin\jdk8u181\11358\hotspot\src\share\vm\interpreter\linkResolver.cpp, line 1287]
Event: 8.321 Thread 0x000000001b0a7800 Exception <a 'java/lang/NullPointerException'> (0x00000000dc34df98) thrown at [C:\re\workspace\8-2-build-windows-amd64-cygwin\jdk8u181\11358\hotspot\src\share\vm\interpreter\linkResolver.cpp, line 1287]
Event: 8.322 Thread 0x000000001b0a7800 Exception <a 'java/lang/NullPointerException'> (0x00000000dc350d20) thrown at [C:\re\workspace\8-2-build-windows-amd64-cygwin\jdk8u181\11358\hotspot\src\share\vm\interpreter\linkResolver.cpp, line 1287]
Event: 8.324 Thread 0x000000001b0a7800 Exception <a 'java/lang/NullPointerException'> (0x00000000dc353d38) thrown at [C:\re\workspace\8-2-build-windows-amd64-cygwin\jdk8u181\11358\hotspot\src\share\vm\interpreter\linkResolver.cpp, line 1287]
Event: 8.326 Thread 0x000000001b0a7800 Exception <a 'java/lang/NullPointerException'> (0x00000000dc3569c0) thrown at [C:\re\workspace\8-2-build-windows-amd64-cygwin\jdk8u181\11358\hotspot\src\share\vm\interpreter\linkResolver.cpp, line 1287]
Event: 8.327 Thread 0x000000001b0a7800 Exception <a 'java/lang/NullPointerException'> (0x00000000dc3598f0) thrown at [C:\re\workspace\8-2-build-windows-amd64-cygwin\jdk8u181\11358\hotspot\src\share\vm\interpreter\linkResolver.cpp, line 1287]
Event: 8.327 Thread 0x000000001b0a7800 Exception <a 'java/lang/NullPointerException'> (0x00000000dc35c678) thrown at [C:\re\workspace\8-2-build-windows-amd64-cygwin\jdk8u181\11358\hotspot\src\share\vm\interpreter\linkResolver.cpp, line 1287]
Event: 8.328 Thread 0x000000001b0a7800 Exception <a 'java/lang/NullPointerException'> (0x00000000dc35f400) thrown at [C:\re\workspace\8-2-build-windows-amd64-cygwin\jdk8u181\11358\hotspot\src\share\vm\interpreter\linkResolver.cpp, line 1287]

Events (10 events):
Event: 9.701 loading class jogamp/opengl/egl/EGLGraphicsConfigurationFactory done
Event: 9.702 loading class com/jogamp/nativewindow/egl/EGLGraphicsDevice
Event: 9.702 loading class com/jogamp/nativewindow/egl/EGLGraphicsDevice done
Event: 9.703 loading class jogamp/opengl/egl/EGLDisplayUtil
Event: 9.703 loading class jogamp/opengl/egl/EGLDisplayUtil done
Event: 9.704 loading class com/jogamp/nativewindow/egl/EGLGraphicsDevice$EGLDisplayLifecycleCallback
Event: 9.704 loading class com/jogamp/nativewindow/egl/EGLGraphicsDevice$EGLDisplayLifecycleCallback done
Event: 9.705 loading class jogamp/opengl/egl/EGLDisplayUtil$1
Event: 9.705 loading class jogamp/opengl/egl/EGLDisplayUtil$1 done
Event: 9.706 Thread 0x000000001a146000 Thread exited: 0x000000001a146000


Dynamic libraries:
0x00007ff750d80000 - 0x00007ff750db7000 	C:\Program Files\Java\jdk1.8.0_181\bin\java.exe
0x00007ffa72b90000 - 0x00007ffa72d85000 	C:\WINDOWS\SYSTEM32\ntdll.dll
0x00007ffa71b40000 - 0x00007ffa71bfd000 	C:\WINDOWS\System32\KERNEL32.DLL
0x00007ffa70810000 - 0x00007ffa70ad9000 	C:\WINDOWS\System32\KERNELBASE.dll
0x00007ffa723d0000 - 0x00007ffa7247c000 	C:\WINDOWS\System32\ADVAPI32.dll
0x00007ffa715c0000 - 0x00007ffa7165e000 	C:\WINDOWS\System32\msvcrt.dll
0x00007ffa71520000 - 0x00007ffa715bc000 	C:\WINDOWS\System32\sechost.dll
0x00007ffa716d0000 - 0x00007ffa717fb000 	C:\WINDOWS\System32\RPCRT4.dll
0x00007ffa724a0000 - 0x00007ffa72640000 	C:\WINDOWS\System32\USER32.dll
0x00007ffa707b0000 - 0x00007ffa707d2000 	C:\WINDOWS\System32\win32u.dll
0x00007ffa726b0000 - 0x00007ffa726da000 	C:\WINDOWS\System32\GDI32.dll
0x00007ffa702d0000 - 0x00007ffa703db000 	C:\WINDOWS\System32\gdi32full.dll
0x00007ffa703e0000 - 0x00007ffa7047d000 	C:\WINDOWS\System32\msvcp_win.dll
0x00007ffa704d0000 - 0x00007ffa705d0000 	C:\WINDOWS\System32\ucrtbase.dll
0x00007ffa5db70000 - 0x00007ffa5de0a000 	C:\WINDOWS\WinSxS\amd64_microsoft.windows.common-controls_6595b64144ccf1df_6.0.19041.844_none_ca00b6081b84eb1d\COMCTL32.dll
0x00007ffa71230000 - 0x00007ffa71260000 	C:\WINDOWS\System32\IMM32.DLL
0x000000005f540000 - 0x000000005f612000 	C:\Program Files\Java\jdk1.8.0_181\jre\bin\msvcr100.dll
0x000000005ec90000 - 0x000000005f532000 	C:\Program Files\Java\jdk1.8.0_181\jre\bin\server\jvm.dll
0x00007ffa723c0000 - 0x00007ffa723c8000 	C:\WINDOWS\System32\PSAPI.DLL
0x00007ffa5eb20000 - 0x00007ffa5eb47000 	C:\WINDOWS\SYSTEM32\WINMM.dll
0x00007ffa5ca70000 - 0x00007ffa5ca79000 	C:\WINDOWS\SYSTEM32\WSOCK32.dll
0x00007ffa6ac40000 - 0x00007ffa6ac4a000 	C:\WINDOWS\SYSTEM32\VERSION.dll
0x00007ffa72640000 - 0x00007ffa726ab000 	C:\WINDOWS\System32\WS2_32.dll
0x000000005ec80000 - 0x000000005ec8f000 	C:\Program Files\Java\jdk1.8.0_181\jre\bin\verify.dll
0x000000005ec50000 - 0x000000005ec79000 	C:\Program Files\Java\jdk1.8.0_181\jre\bin\java.dll
0x000000005ebb0000 - 0x000000005ebd3000 	C:\Program Files\Java\jdk1.8.0_181\jre\bin\instrument.dll
0x000000005ec30000 - 0x000000005ec46000 	C:\Program Files\Java\jdk1.8.0_181\jre\bin\zip.dll
0x00007ffa71c60000 - 0x00007ffa723a2000 	C:\WINDOWS\System32\SHELL32.dll
0x00007ffa6e420000 - 0x00007ffa6ebb0000 	C:\WINDOWS\SYSTEM32\windows.storage.dll
0x00007ffa70e20000 - 0x00007ffa71175000 	C:\WINDOWS\System32\combase.dll
0x00007ffa6fcd0000 - 0x00007ffa6fcfc000 	C:\WINDOWS\SYSTEM32\Wldp.dll
0x00007ffa71180000 - 0x00007ffa7122e000 	C:\WINDOWS\System32\SHCORE.dll
0x00007ffa71260000 - 0x00007ffa712b5000 	C:\WINDOWS\System32\shlwapi.dll
0x00007ffa70210000 - 0x00007ffa7022f000 	C:\WINDOWS\SYSTEM32\profapi.dll
0x00007ffa5ea10000 - 0x00007ffa5ea2a000 	C:\Program Files\JetBrains\IntelliJ IDEA Community Edition 2019.1.1\bin\breakgen64.dll
0x000000005ec10000 - 0x000000005ec2a000 	C:\Program Files\Java\jdk1.8.0_181\jre\bin\net.dll
0x00007ffa6f9f0000 - 0x00007ffa6fa5a000 	C:\WINDOWS\system32\mswsock.dll
0x000000005ea10000 - 0x000000005eba9000 	C:\Program Files\Java\jdk1.8.0_181\jre\bin\awt.dll
0x00007ffa712c0000 - 0x00007ffa7138d000 	C:\WINDOWS\System32\OLEAUT32.dll
0x00007ffa6dc60000 - 0x00007ffa6dcf0000 	C:\WINDOWS\SYSTEM32\apphelp.dll
0x00007ffa6dd60000 - 0x00007ffa6ddfe000 	C:\WINDOWS\system32\uxtheme.dll
0x00007ffa71890000 - 0x00007ffa719a5000 	C:\WINDOWS\System32\MSCTF.dll
0x00007ffa317f0000 - 0x00007ffa318ec000 	C:\ProgramData\AWHeadset\DellInc.AlienwareSoundCenter\Modules\ScheduledModules\x64\DellInc.AlienwareSoundCenterDevProps2.dll
0x00007ffa71390000 - 0x00007ffa714ba000 	C:\WINDOWS\System32\ole32.dll
0x00007ffa31a10000 - 0x00007ffa31abc000 	C:\ProgramData\AWHeadset\DellInc.AlienwareSoundCenter\Modules\ScheduledModules\x64\NahimicOSD.dll
0x00007ffa3abd0000 - 0x00007ffa3abf1000 	C:\ProgramData\AWHeadset\DellInc.AlienwareSoundCenter\Modules\ScheduledModules\x64\ProductInfo.dll
0x00007ffa6e220000 - 0x00007ffa6e232000 	C:\WINDOWS\SYSTEM32\kernel.appcore.dll
0x00007ffa705d0000 - 0x00007ffa70650000 	C:\WINDOWS\System32\bcryptPrimitives.dll
0x00007ffa6e040000 - 0x00007ffa6e06f000 	C:\WINDOWS\system32\DWMAPI.DLL
0x00007ffa5e7c0000 - 0x00007ffa5e8e6000 	C:\WINDOWS\system32\opengl32.dll
0x00007ffa677e0000 - 0x00007ffa6780c000 	C:\WINDOWS\SYSTEM32\GLU32.dll
0x000000005e9c0000 - 0x000000005ea07000 	C:\Program Files\Java\jdk1.8.0_181\jre\bin\fontmanager.dll
0x000000005ebf0000 - 0x000000005ec01000 	C:\Program Files\Java\jdk1.8.0_181\jre\bin\nio.dll
0x000000005e980000 - 0x000000005e9b1000 	C:\Program Files\Java\jdk1.8.0_181\jre\bin\jpeg.dll
0x000000005e930000 - 0x000000005e972000 	C:\Program Files\Java\jdk1.8.0_181\jre\bin\t2k.dll
0x00007ffa66540000 - 0x00007ffa6663b000 	C:\WINDOWS\SYSTEM32\textinputframework.dll
0x00007ffa6d560000 - 0x00007ffa6d8be000 	C:\WINDOWS\System32\CoreUIComponents.dll
0x00007ffa6d8c0000 - 0x00007ffa6d9b2000 	C:\WINDOWS\System32\CoreMessaging.dll
0x00007ffa6f010000 - 0x00007ffa6f043000 	C:\WINDOWS\SYSTEM32\ntmarta.dll
0x00007ffa6ce60000 - 0x00007ffa6cfb4000 	C:\WINDOWS\SYSTEM32\wintypes.dll
0x000000005e900000 - 0x000000005e92a000 	C:\Program Files\Java\jdk1.8.0_181\jre\bin\dcpr.dll
0x00007ffa6fc20000 - 0x00007ffa6fc38000 	C:\WINDOWS\SYSTEM32\CRYPTSP.dll
0x00007ffa6f390000 - 0x00007ffa6f3c4000 	C:\WINDOWS\system32\rsaenh.dll
0x000000001b9b0000 - 0x000000001b9d7000 	C:\WINDOWS\System32\bcrypt.dll
0x00007ffa701d0000 - 0x00007ffa701fe000 	C:\WINDOWS\SYSTEM32\USERENV.dll
0x00007ffa6fc40000 - 0x00007ffa6fc4c000 	C:\WINDOWS\SYSTEM32\CRYPTBASE.dll
0x00007ffa6f6e0000 - 0x00007ffa6f71b000 	C:\WINDOWS\SYSTEM32\IPHLPAPI.DLL
0x00007ffa723b0000 - 0x00007ffa723b8000 	C:\WINDOWS\System32\NSI.dll
0x00007ffa6aca0000 - 0x00007ffa6acb7000 	C:\WINDOWS\SYSTEM32\dhcpcsvc6.DLL
0x00007ffa6b1a0000 - 0x00007ffa6b1bd000 	C:\WINDOWS\SYSTEM32\dhcpcsvc.DLL
0x00007ffa6f720000 - 0x00007ffa6f7eb000 	C:\WINDOWS\SYSTEM32\DNSAPI.dll
0x00000000637c0000 - 0x00000000637cd000 	C:\Users\ghane\AppData\Local\Temp\jogamp_0000\file_cache\jln185638722984094568\jln7276288597247329568\natives\windows-amd64\gluegen-rt.dll
0x000000005e8f0000 - 0x000000005e8f7000 	C:\Program Files\Java\jdk1.8.0_181\jre\bin\jawt.dll
0x000000006a440000 - 0x000000006a44d000 	C:\Users\ghane\AppData\Local\Temp\jogamp_0000\file_cache\jln185638722984094568\jln7276288597247329568\natives\windows-amd64\nativewindow_awt.dll
0x000000006c100000 - 0x000000006c10f000 	C:\Users\ghane\AppData\Local\Temp\jogamp_0000\file_cache\jln185638722984094568\jln7276288597247329568\natives\windows-amd64\nativewindow_win32.dll
0x0000000064500000 - 0x00000000645b1000 	C:\Users\ghane\AppData\Local\Temp\jogamp_0000\file_cache\jln185638722984094568\jln7276288597247329568\natives\windows-amd64\jogl_desktop.dll
0x0000000064340000 - 0x00000000643a2000 	C:\Users\ghane\AppData\Local\Temp\jogamp_0000\file_cache\jln185638722984094568\jln7276288597247329568\natives\windows-amd64\jogl_mobile.dll
0x00007ffa71a90000 - 0x00007ffa71b39000 	C:\WINDOWS\System32\clbcatq.dll
0x00007ffa69c10000 - 0x00007ffa69d0a000 	C:\Windows\System32\AppXDeploymentClient.dll
0x00007ffa09ab0000 - 0x00007ffa0a947000 	C:\WINDOWS\System32\DriverStore\FileRepository\igdlh64.inf_amd64_0b3e3ed3ace9602a\ig9icd64.dll
0x00007ffa6ec10000 - 0x00007ffa6ed03000 	C:\WINDOWS\system32\dxgi.dll
0x00007ffa6b160000 - 0x00007ffa6b19b000 	C:\WINDOWS\SYSTEM32\dxcore.dll
0x00007ffa70480000 - 0x00007ffa704ce000 	C:\WINDOWS\System32\cfgmgr32.dll
0x00007ffa3b1f0000 - 0x00007ffa3b2d3000 	C:\WINDOWS\System32\DriverStore\FileRepository\igdlh64.inf_amd64_0b3e3ed3ace9602a\igdgmm64.dll
0x00007ffa60d60000 - 0x00007ffa62cc9000 	C:\WINDOWS\System32\DriverStore\FileRepository\igdlh64.inf_amd64_0b3e3ed3ace9602a\igc64.dll
0x00007ffa6fd90000 - 0x00007ffa6fddb000 	C:\WINDOWS\SYSTEM32\powrprof.dll
0x00007ffa6fd40000 - 0x00007ffa6fd52000 	C:\WINDOWS\SYSTEM32\UMPDC.dll
0x000000005e8b0000 - 0x000000005e8ee000 	C:\Program Files\Java\jdk1.8.0_181\jre\bin\lcms.dll
0x000000006b600000 - 0x000000006b658000 	C:\Users\ghane\AppData\Local\Temp\jogamp_0000\file_cache\jln185638722984094568\jln7276288597247329568\natives\windows-amd64\soft_oal.dll
0x00000000680c0000 - 0x00000000680d6000 	C:\Users\ghane\AppData\Local\Temp\jogamp_0000\file_cache\jln185638722984094568\jln7276288597247329568\natives\windows-amd64\joal.dll
0x00007ffa66290000 - 0x00007ffa66315000 	C:\WINDOWS\System32\MMDevApi.dll
0x00007ffa70080000 - 0x00007ffa700ac000 	C:\WINDOWS\System32\DEVOBJ.dll
0x00007ffa660b0000 - 0x00007ffa66235000 	C:\WINDOWS\SYSTEM32\AudioSes.dll
0x00007ffa6bf00000 - 0x00007ffa6bff7000 	C:\WINDOWS\SYSTEM32\PropSys.dll
0x00007ffa65330000 - 0x00007ffa653cc000 	C:\WINDOWS\SYSTEM32\dsound.dll
0x00007ffa5eb70000 - 0x00007ffa5eb96000 	C:\WINDOWS\SYSTEM32\winmmbase.dll
0x00007ffa6de20000 - 0x00007ffa6de34000 	C:\WINDOWS\SYSTEM32\resourcepolicyclient.dll
0x00007ffa696b0000 - 0x00007ffa6987f000 	C:\WINDOWS\SYSTEM32\d3d9.dll
0x00007ffa23740000 - 0x00007ffa26e74000 	C:\WINDOWS\System32\DriverStore\FileRepository\igdlh64.inf_amd64_0b3e3ed3ace9602a\igd9dxva64.dll
0x00007ffa5bca0000 - 0x00007ffa5be84000 	C:\WINDOWS\SYSTEM32\dbghelp.dll

VM Arguments:
jvm_args: -javaagent:C:\Program Files\JetBrains\IntelliJ IDEA Community Edition 2019.1.1\lib\idea_rt.jar=63053:C:\Program Files\JetBrains\IntelliJ IDEA Community Edition 2019.1.1\bin -Dfile.encoding=UTF-8 
java_command: Launcher.Launcher
java_class_path (initial): C:\Program Files\Java\jdk1.8.0_181\jre\lib\charsets.jar;C:\Program Files\Java\jdk1.8.0_181\jre\lib\deploy.jar;C:\Program Files\Java\jdk1.8.0_181\jre\lib\ext\access-bridge-64.jar;C:\Program Files\Java\jdk1.8.0_181\jre\lib\ext\cldrdata.jar;C:\Program Files\Java\jdk1.8.0_181\jre\lib\ext\dnsns.jar;C:\Program Files\Java\jdk1.8.0_181\jre\lib\ext\jaccess.jar;C:\Program Files\Java\jdk1.8.0_181\jre\lib\ext\jfxrt.jar;C:\Program Files\Java\jdk1.8.0_181\jre\lib\ext\localedata.jar;C:\Program Files\Java\jdk1.8.0_181\jre\lib\ext\nashorn.jar;C:\Program Files\Java\jdk1.8.0_181\jre\lib\ext\sunec.jar;C:\Program Files\Java\jdk1.8.0_181\jre\lib\ext\sunjce_provider.jar;C:\Program Files\Java\jdk1.8.0_181\jre\lib\ext\sunmscapi.jar;C:\Program Files\Java\jdk1.8.0_181\jre\lib\ext\sunpkcs11.jar;C:\Program Files\Java\jdk1.8.0_181\jre\lib\ext\zipfs.jar;C:\Program Files\Java\jdk1.8.0_181\jre\lib\javaws.jar;C:\Program Files\Java\jdk1.8.0_181\jre\lib\jce.jar;C:\Program Files\Java\jdk1.8.0_181\jre\lib\jfr.jar;C:\Program Files\Java\jdk1.8.0_181\jre\lib\jfxswt.jar;C:\Program Files\Java\jdk1.8.0_181\jre\lib\jsse.jar;C:\Program Files\Java\jdk1.8.0_181\jre\lib\management-agent.jar;C:\Program Files\Java\jdk1.8.0_181\jre\lib\plugin.jar;C:\Program Files\Java\jdk1.8.0_181\jre\lib\resources.jar;C:\Program Files\Java\jdk1.8.0_181\jre\lib\rt.jar;C:\Users\ghane\Documents\GitHub\monk-chess\out\production\monk-chess;C:\Users\ghane\Documents\GitHub\monk-chess\Assets\Launcher\KControls-master\dist\KControls.jar;C:\Users\ghane\Documents\GitHub\monk-chess\Jars4Java3D\j3dcore.jar;C:\Users\ghane\Documents\GitHub\monk-chess\Jars4Java3D\j3dexamples.jar;C:\Users\ghane\Documents\GitHub\monk-chess\Jars4Java3D\vecmath.jar;C:\Users\ghane\Documents\GitHub\monk-chess\Jars4Java3D\j3dutils.jar;C:\Users\ghane\Documents\GitHub\monk-chess\Jars4Java3D\jogamp-fat.jar;C:\Users\ghane\Documents\GitHub\monk-chess\out\production\KControls-master;C:\Program Files\JetBrains\IntelliJ IDEA Community Edition 2019.1.1
Launcher Type: SUN_STANDARD

Environment Variables:
USERNAME=ghane
OS=Windows_NT
PROCESSOR_IDENTIFIER=Intel64 Family 6 Model 142 Stepping 10, GenuineIntel



---------------  S Y S T E M  ---------------

OS: Windows 10.0 , 64 bit Build 19041 (10.0.19041.804)

CPU:total 8 (initial active 8) (4 cores per cpu, 2 threads per core) family 6 model 142 stepping 10, cmov, cx8, fxsr, mmx, sse, sse2, sse3, ssse3, sse4.1, sse4.2, popcnt, avx, avx2, aes, clmul, erms, 3dnowpref, lzcnt, ht, tsc, tscinvbit, bmi1, bmi2, adx

Memory: 4k page, physical 8261220k(1049972k free), swap 13936520k(1651904k free)

vm_info: Java HotSpot(TM) 64-Bit Server VM (25.181-b13) for windows-amd64 JRE (1.8.0_181-b13), built on Jul  7 2018 04:01:33 by "java_re" with MS VC++ 10.0 (VS2010)

time: Tue Apr 06 03:32:10 2021
elapsed time: 9 seconds (0d 0h 0m 9s)

